[2025-02-09T17:28:57.912+0000] {local_task_job_runner.py:123} INFO - ::group::Pre task execution logs
[2025-02-09T17:28:57.935+0000] {taskinstance.py:2613} INFO - Dependencies all met for dep_context=non-requeueable deps ti=<TaskInstance: extract_postgres_and_csv_data.extract_postgres_data manual__2025-02-09T17:28:54.613809+00:00 [queued]>
[2025-02-09T17:28:57.946+0000] {taskinstance.py:2613} INFO - Dependencies all met for dep_context=requeueable deps ti=<TaskInstance: extract_postgres_and_csv_data.extract_postgres_data manual__2025-02-09T17:28:54.613809+00:00 [queued]>
[2025-02-09T17:28:57.948+0000] {taskinstance.py:2866} INFO - Starting attempt 1 of 2
[2025-02-09T17:28:58.113+0000] {taskinstance.py:2889} INFO - Executing <Task(BashOperator): extract_postgres_data> on 2025-02-09 17:28:54.613809+00:00
[2025-02-09T17:28:58.124+0000] {warnings.py:112} WARNING - /home/***/.local/lib/python3.12/site-packages/***/task/task_runner/standard_task_runner.py:70: DeprecationWarning: This process (pid=173) is multi-threaded, use of fork() may lead to deadlocks in the child.
  pid = os.fork()

[2025-02-09T17:28:58.126+0000] {standard_task_runner.py:72} INFO - Started process 175 to run task
[2025-02-09T17:28:58.126+0000] {standard_task_runner.py:104} INFO - Running: ['***', 'tasks', 'run', 'extract_postgres_and_csv_data', 'extract_postgres_data', 'manual__2025-02-09T17:28:54.613809+00:00', '--job-id', '192', '--raw', '--subdir', 'DAGS_FOLDER/extract_postgres_and_csv_data.py', '--cfg-path', '/tmp/tmp807bsxof']
[2025-02-09T17:28:58.128+0000] {standard_task_runner.py:105} INFO - Job 192: Subtask extract_postgres_data
[2025-02-09T17:28:58.193+0000] {task_command.py:467} INFO - Running <TaskInstance: extract_postgres_and_csv_data.extract_postgres_data manual__2025-02-09T17:28:54.613809+00:00 [running]> on host 7d9e99d7ea89
[2025-02-09T17:28:58.306+0000] {taskinstance.py:3132} INFO - Exporting env vars: AIRFLOW_CTX_DAG_OWNER='***' AIRFLOW_CTX_DAG_ID='extract_postgres_and_csv_data' AIRFLOW_CTX_TASK_ID='extract_postgres_data' AIRFLOW_CTX_EXECUTION_DATE='2025-02-09T17:28:54.613809+00:00' AIRFLOW_CTX_TRY_NUMBER='1' AIRFLOW_CTX_DAG_RUN_ID='manual__2025-02-09T17:28:54.613809+00:00'
[2025-02-09T17:28:58.308+0000] {logging_mixin.py:190} INFO - Task instance is in running state
[2025-02-09T17:28:58.309+0000] {logging_mixin.py:190} INFO -  Previous state of the Task instance: queued
[2025-02-09T17:28:58.310+0000] {logging_mixin.py:190} INFO - Current task name:extract_postgres_data state:running start_date:2025-02-09 17:28:57.936517+00:00
[2025-02-09T17:28:58.310+0000] {logging_mixin.py:190} INFO - Dag name:extract_postgres_and_csv_data and current dag run status:running
[2025-02-09T17:28:58.311+0000] {taskinstance.py:731} INFO - ::endgroup::
[2025-02-09T17:28:58.318+0000] {subprocess.py:78} INFO - Tmp dir root location: /tmp
[2025-02-09T17:28:58.320+0000] {subprocess.py:88} INFO - Running command: ['/usr/bin/bash', '-c', 'python /opt/***/meltano/meltano_project/extract/extract_data_db.py']
[2025-02-09T17:28:58.337+0000] {subprocess.py:99} INFO - Output:
[2025-02-09T17:28:59.951+0000] {subprocess.py:106} INFO - ✅ Dados extraídos: /opt/***/meltano/data/postgres/categories/2025-02-09/categories.csv
[2025-02-09T17:28:59.953+0000] {subprocess.py:106} INFO - ✅ Dados extraídos: /opt/***/meltano/data/postgres/products/2025-02-09/products.csv
[2025-02-09T17:28:59.954+0000] {subprocess.py:106} INFO - ✅ Dados extraídos: /opt/***/meltano/data/postgres/suppliers/2025-02-09/suppliers.csv
[2025-02-09T17:28:59.955+0000] {subprocess.py:106} INFO - ✅ Dados extraídos: /opt/***/meltano/data/postgres/employees/2025-02-09/employees.csv
[2025-02-09T17:28:59.956+0000] {subprocess.py:106} INFO - ✅ Dados extraídos: /opt/***/meltano/data/postgres/employee_territories/2025-02-09/employee_territories.csv
[2025-02-09T17:28:59.957+0000] {subprocess.py:106} INFO - ✅ Dados extraídos: /opt/***/meltano/data/postgres/territories/2025-02-09/territories.csv
[2025-02-09T17:28:59.958+0000] {subprocess.py:106} INFO - ✅ Dados extraídos: /opt/***/meltano/data/postgres/region/2025-02-09/region.csv
[2025-02-09T17:28:59.959+0000] {subprocess.py:106} INFO - ✅ Dados extraídos: /opt/***/meltano/data/postgres/orders/2025-02-09/orders.csv
[2025-02-09T17:28:59.960+0000] {subprocess.py:106} INFO - ✅ Dados extraídos: /opt/***/meltano/data/postgres/shippers/2025-02-09/shippers.csv
[2025-02-09T17:28:59.961+0000] {subprocess.py:106} INFO - ✅ Dados extraídos: /opt/***/meltano/data/postgres/us_states/2025-02-09/us_states.csv
[2025-02-09T17:28:59.962+0000] {subprocess.py:106} INFO - ✅ Dados extraídos: /opt/***/meltano/data/postgres/customer_customer_demo/2025-02-09/customer_customer_demo.csv
[2025-02-09T17:28:59.963+0000] {subprocess.py:110} INFO - Command exited with return code 0
[2025-02-09T17:28:59.998+0000] {taskinstance.py:340} INFO - ::group::Post task execution logs
[2025-02-09T17:29:00.000+0000] {taskinstance.py:352} INFO - Marking task as SUCCESS. dag_id=extract_postgres_and_csv_data, task_id=extract_postgres_data, run_id=manual__2025-02-09T17:28:54.613809+00:00, execution_date=20250209T172854, start_date=20250209T172857, end_date=20250209T172859
[2025-02-09T17:29:00.016+0000] {logging_mixin.py:190} INFO - Task instance in success state
[2025-02-09T17:29:00.017+0000] {logging_mixin.py:190} INFO -  Previous state of the Task instance: running
[2025-02-09T17:29:00.018+0000] {logging_mixin.py:190} INFO - Dag name:extract_postgres_and_csv_data queued_at:2025-02-09 17:28:54.636347+00:00
[2025-02-09T17:29:00.019+0000] {logging_mixin.py:190} INFO - Task hostname:7d9e99d7ea89 operator:BashOperator
[2025-02-09T17:29:00.053+0000] {local_task_job_runner.py:266} INFO - Task exited with return code 0
[2025-02-09T17:29:00.088+0000] {taskinstance.py:3895} INFO - 1 downstream tasks scheduled from follow-on schedule check
[2025-02-09T17:29:00.093+0000] {local_task_job_runner.py:245} INFO - ::endgroup::
