[2025-02-09T16:34:59.424+0000] {local_task_job_runner.py:123} INFO - ::group::Pre task execution logs
[2025-02-09T16:34:59.523+0000] {taskinstance.py:2613} INFO - Dependencies all met for dep_context=non-requeueable deps ti=<TaskInstance: extract_postgres_and_csv_data.extract_postgres_data manual__2025-02-09T16:34:55.242006+00:00 [queued]>
[2025-02-09T16:34:59.553+0000] {taskinstance.py:2613} INFO - Dependencies all met for dep_context=requeueable deps ti=<TaskInstance: extract_postgres_and_csv_data.extract_postgres_data manual__2025-02-09T16:34:55.242006+00:00 [queued]>
[2025-02-09T16:34:59.560+0000] {taskinstance.py:2866} INFO - Starting attempt 1 of 2
[2025-02-09T16:34:59.602+0000] {taskinstance.py:2889} INFO - Executing <Task(BashOperator): extract_postgres_data> on 2025-02-09 16:34:55.242006+00:00
[2025-02-09T16:34:59.621+0000] {warnings.py:112} WARNING - /home/***/.local/lib/python3.12/site-packages/***/task/task_runner/standard_task_runner.py:70: DeprecationWarning: This process (pid=3116) is multi-threaded, use of fork() may lead to deadlocks in the child.
  pid = os.fork()

[2025-02-09T16:34:59.626+0000] {standard_task_runner.py:72} INFO - Started process 3118 to run task
[2025-02-09T16:34:59.630+0000] {standard_task_runner.py:104} INFO - Running: ['***', 'tasks', 'run', 'extract_postgres_and_csv_data', 'extract_postgres_data', 'manual__2025-02-09T16:34:55.242006+00:00', '--job-id', '144', '--raw', '--subdir', 'DAGS_FOLDER/extract_postgres_and_csv_data.py', '--cfg-path', '/tmp/tmpfac5a1ep']
[2025-02-09T16:34:59.633+0000] {standard_task_runner.py:105} INFO - Job 144: Subtask extract_postgres_data
[2025-02-09T16:34:59.782+0000] {task_command.py:467} INFO - Running <TaskInstance: extract_postgres_and_csv_data.extract_postgres_data manual__2025-02-09T16:34:55.242006+00:00 [running]> on host 8c410daec8d3
[2025-02-09T16:35:00.505+0000] {taskinstance.py:3132} INFO - Exporting env vars: AIRFLOW_CTX_DAG_OWNER='***' AIRFLOW_CTX_DAG_ID='extract_postgres_and_csv_data' AIRFLOW_CTX_TASK_ID='extract_postgres_data' AIRFLOW_CTX_EXECUTION_DATE='2025-02-09T16:34:55.242006+00:00' AIRFLOW_CTX_TRY_NUMBER='1' AIRFLOW_CTX_DAG_RUN_ID='manual__2025-02-09T16:34:55.242006+00:00'
[2025-02-09T16:35:00.507+0000] {logging_mixin.py:190} INFO - Task instance is in running state
[2025-02-09T16:35:00.508+0000] {logging_mixin.py:190} INFO -  Previous state of the Task instance: queued
[2025-02-09T16:35:00.508+0000] {logging_mixin.py:190} INFO - Current task name:extract_postgres_data state:running start_date:2025-02-09 16:34:59.524851+00:00
[2025-02-09T16:35:00.509+0000] {logging_mixin.py:190} INFO - Dag name:extract_postgres_and_csv_data and current dag run status:running
[2025-02-09T16:35:00.510+0000] {taskinstance.py:731} INFO - ::endgroup::
[2025-02-09T16:35:00.515+0000] {subprocess.py:78} INFO - Tmp dir root location: /tmp
[2025-02-09T16:35:00.517+0000] {subprocess.py:88} INFO - Running command: ['/usr/bin/bash', '-c', 'python /opt/***/meltano/meltano_project/extract/extract_data_db.py']
[2025-02-09T16:35:00.539+0000] {subprocess.py:99} INFO - Output:
[2025-02-09T16:35:02.483+0000] {subprocess.py:106} INFO - ✅ Dados extraídos: /opt/***/meltano/data/postgres/categories/2025-02-09/categories.csv
[2025-02-09T16:35:02.485+0000] {subprocess.py:106} INFO - ✅ Dados extraídos: /opt/***/meltano/data/postgres/products/2025-02-09/products.csv
[2025-02-09T16:35:02.488+0000] {subprocess.py:106} INFO - ✅ Dados extraídos: /opt/***/meltano/data/postgres/suppliers/2025-02-09/suppliers.csv
[2025-02-09T16:35:02.490+0000] {subprocess.py:106} INFO - ✅ Dados extraídos: /opt/***/meltano/data/postgres/employees/2025-02-09/employees.csv
[2025-02-09T16:35:02.491+0000] {subprocess.py:106} INFO - ✅ Dados extraídos: /opt/***/meltano/data/postgres/employee_territories/2025-02-09/employee_territories.csv
[2025-02-09T16:35:02.493+0000] {subprocess.py:106} INFO - ✅ Dados extraídos: /opt/***/meltano/data/postgres/territories/2025-02-09/territories.csv
[2025-02-09T16:35:02.494+0000] {subprocess.py:106} INFO - ✅ Dados extraídos: /opt/***/meltano/data/postgres/region/2025-02-09/region.csv
[2025-02-09T16:35:02.496+0000] {subprocess.py:106} INFO - ✅ Dados extraídos: /opt/***/meltano/data/postgres/orders/2025-02-09/orders.csv
[2025-02-09T16:35:02.506+0000] {subprocess.py:106} INFO - ✅ Dados extraídos: /opt/***/meltano/data/postgres/shippers/2025-02-09/shippers.csv
[2025-02-09T16:35:02.507+0000] {subprocess.py:106} INFO - ✅ Dados extraídos: /opt/***/meltano/data/postgres/us_states/2025-02-09/us_states.csv
[2025-02-09T16:35:02.508+0000] {subprocess.py:106} INFO - ✅ Dados extraídos: /opt/***/meltano/data/postgres/customer_customer_demo/2025-02-09/customer_customer_demo.csv
[2025-02-09T16:35:02.546+0000] {subprocess.py:110} INFO - Command exited with return code 0
[2025-02-09T16:35:02.620+0000] {taskinstance.py:340} INFO - ::group::Post task execution logs
[2025-02-09T16:35:02.621+0000] {taskinstance.py:352} INFO - Marking task as SUCCESS. dag_id=extract_postgres_and_csv_data, task_id=extract_postgres_data, run_id=manual__2025-02-09T16:34:55.242006+00:00, execution_date=20250209T163455, start_date=20250209T163459, end_date=20250209T163502
[2025-02-09T16:35:02.646+0000] {logging_mixin.py:190} INFO - Task instance in success state
[2025-02-09T16:35:02.648+0000] {logging_mixin.py:190} INFO -  Previous state of the Task instance: running
[2025-02-09T16:35:02.649+0000] {logging_mixin.py:190} INFO - Dag name:extract_postgres_and_csv_data queued_at:2025-02-09 16:34:55.274424+00:00
[2025-02-09T16:35:02.650+0000] {logging_mixin.py:190} INFO - Task hostname:8c410daec8d3 operator:BashOperator
[2025-02-09T16:35:02.695+0000] {local_task_job_runner.py:266} INFO - Task exited with return code 0
[2025-02-09T16:35:02.757+0000] {taskinstance.py:3895} INFO - 1 downstream tasks scheduled from follow-on schedule check
[2025-02-09T16:35:02.760+0000] {local_task_job_runner.py:245} INFO - ::endgroup::
