[2025-02-09T18:00:36.709+0000] {local_task_job_runner.py:123} INFO - ::group::Pre task execution logs
[2025-02-09T18:00:36.732+0000] {taskinstance.py:2613} INFO - Dependencies all met for dep_context=non-requeueable deps ti=<TaskInstance: extract_postgres_and_csv_data.load_data_csv_for_db manual__2025-02-09T18:00:26.281129+00:00 [queued]>
[2025-02-09T18:00:36.745+0000] {taskinstance.py:2613} INFO - Dependencies all met for dep_context=requeueable deps ti=<TaskInstance: extract_postgres_and_csv_data.load_data_csv_for_db manual__2025-02-09T18:00:26.281129+00:00 [queued]>
[2025-02-09T18:00:36.746+0000] {taskinstance.py:2866} INFO - Starting attempt 1 of 2
[2025-02-09T18:00:36.919+0000] {taskinstance.py:2889} INFO - Executing <Task(PythonOperator): load_data_csv_for_db> on 2025-02-09 18:00:26.281129+00:00
[2025-02-09T18:00:36.929+0000] {warnings.py:112} WARNING - /home/***/.local/lib/python3.12/site-packages/***/task/task_runner/standard_task_runner.py:70: DeprecationWarning: This process (pid=279) is multi-threaded, use of fork() may lead to deadlocks in the child.
  pid = os.fork()

[2025-02-09T18:00:36.931+0000] {standard_task_runner.py:72} INFO - Started process 281 to run task
[2025-02-09T18:00:36.934+0000] {standard_task_runner.py:104} INFO - Running: ['***', 'tasks', 'run', 'extract_postgres_and_csv_data', 'load_data_csv_for_db', 'manual__2025-02-09T18:00:26.281129+00:00', '--job-id', '226', '--raw', '--subdir', 'DAGS_FOLDER/extract_postgres_and_csv_data.py', '--cfg-path', '/tmp/tmppwy7ciro']
[2025-02-09T18:00:36.936+0000] {standard_task_runner.py:105} INFO - Job 226: Subtask load_data_csv_for_db
[2025-02-09T18:00:37.009+0000] {task_command.py:467} INFO - Running <TaskInstance: extract_postgres_and_csv_data.load_data_csv_for_db manual__2025-02-09T18:00:26.281129+00:00 [running]> on host 58bc83bc12fd
[2025-02-09T18:00:37.185+0000] {taskinstance.py:3132} INFO - Exporting env vars: AIRFLOW_CTX_DAG_OWNER='***' AIRFLOW_CTX_DAG_ID='extract_postgres_and_csv_data' AIRFLOW_CTX_TASK_ID='load_data_csv_for_db' AIRFLOW_CTX_EXECUTION_DATE='2025-02-09T18:00:26.281129+00:00' AIRFLOW_CTX_TRY_NUMBER='1' AIRFLOW_CTX_DAG_RUN_ID='manual__2025-02-09T18:00:26.281129+00:00'
[2025-02-09T18:00:37.187+0000] {logging_mixin.py:190} INFO - Task instance is in running state
[2025-02-09T18:00:37.188+0000] {logging_mixin.py:190} INFO -  Previous state of the Task instance: queued
[2025-02-09T18:00:37.188+0000] {logging_mixin.py:190} INFO - Current task name:load_data_csv_for_db state:running start_date:2025-02-09 18:00:36.733728+00:00
[2025-02-09T18:00:37.189+0000] {logging_mixin.py:190} INFO - Dag name:extract_postgres_and_csv_data and current dag run status:running
[2025-02-09T18:00:37.189+0000] {taskinstance.py:731} INFO - ::endgroup::
[2025-02-09T18:00:41.338+0000] {python.py:240} INFO - Done. Returned value was: None
[2025-02-09T18:00:41.359+0000] {taskinstance.py:340} INFO - ::group::Post task execution logs
[2025-02-09T18:00:41.360+0000] {taskinstance.py:352} INFO - Marking task as SUCCESS. dag_id=extract_postgres_and_csv_data, task_id=load_data_csv_for_db, run_id=manual__2025-02-09T18:00:26.281129+00:00, execution_date=20250209T180026, start_date=20250209T180036, end_date=20250209T180041
[2025-02-09T18:00:41.378+0000] {logging_mixin.py:190} INFO - Task instance in success state
[2025-02-09T18:00:41.380+0000] {logging_mixin.py:190} INFO -  Previous state of the Task instance: running
[2025-02-09T18:00:41.381+0000] {logging_mixin.py:190} INFO - Dag name:extract_postgres_and_csv_data queued_at:2025-02-09 18:00:26.296958+00:00
[2025-02-09T18:00:41.384+0000] {logging_mixin.py:190} INFO - Task hostname:58bc83bc12fd operator:PythonOperator
[2025-02-09T18:00:41.422+0000] {local_task_job_runner.py:266} INFO - Task exited with return code 0
[2025-02-09T18:00:41.458+0000] {taskinstance.py:3895} INFO - 0 downstream tasks scheduled from follow-on schedule check
[2025-02-09T18:00:41.461+0000] {local_task_job_runner.py:245} INFO - ::endgroup::
