[2025-02-09T16:35:10.048+0000] {local_task_job_runner.py:123} INFO - ::group::Pre task execution logs
[2025-02-09T16:35:10.073+0000] {taskinstance.py:2613} INFO - Dependencies all met for dep_context=non-requeueable deps ti=<TaskInstance: extract_postgres_and_csv_data.load_data_csv_for_db manual__2025-02-09T16:34:55.242006+00:00 [queued]>
[2025-02-09T16:35:10.086+0000] {taskinstance.py:2613} INFO - Dependencies all met for dep_context=requeueable deps ti=<TaskInstance: extract_postgres_and_csv_data.load_data_csv_for_db manual__2025-02-09T16:34:55.242006+00:00 [queued]>
[2025-02-09T16:35:10.088+0000] {taskinstance.py:2866} INFO - Starting attempt 1 of 2
[2025-02-09T16:35:10.108+0000] {taskinstance.py:2889} INFO - Executing <Task(PythonOperator): load_data_csv_for_db> on 2025-02-09 16:34:55.242006+00:00
[2025-02-09T16:35:10.120+0000] {warnings.py:112} WARNING - /home/***/.local/lib/python3.12/site-packages/***/task/task_runner/standard_task_runner.py:70: DeprecationWarning: This process (pid=3126) is multi-threaded, use of fork() may lead to deadlocks in the child.
  pid = os.fork()

[2025-02-09T16:35:10.124+0000] {standard_task_runner.py:72} INFO - Started process 3128 to run task
[2025-02-09T16:35:10.123+0000] {standard_task_runner.py:104} INFO - Running: ['***', 'tasks', 'run', 'extract_postgres_and_csv_data', 'load_data_csv_for_db', 'manual__2025-02-09T16:34:55.242006+00:00', '--job-id', '146', '--raw', '--subdir', 'DAGS_FOLDER/extract_postgres_and_csv_data.py', '--cfg-path', '/tmp/tmpv2tg89ep']
[2025-02-09T16:35:10.125+0000] {standard_task_runner.py:105} INFO - Job 146: Subtask load_data_csv_for_db
[2025-02-09T16:35:10.205+0000] {task_command.py:467} INFO - Running <TaskInstance: extract_postgres_and_csv_data.load_data_csv_for_db manual__2025-02-09T16:34:55.242006+00:00 [running]> on host 8c410daec8d3
[2025-02-09T16:35:10.672+0000] {taskinstance.py:3132} INFO - Exporting env vars: AIRFLOW_CTX_DAG_OWNER='***' AIRFLOW_CTX_DAG_ID='extract_postgres_and_csv_data' AIRFLOW_CTX_TASK_ID='load_data_csv_for_db' AIRFLOW_CTX_EXECUTION_DATE='2025-02-09T16:34:55.242006+00:00' AIRFLOW_CTX_TRY_NUMBER='1' AIRFLOW_CTX_DAG_RUN_ID='manual__2025-02-09T16:34:55.242006+00:00'
[2025-02-09T16:35:10.674+0000] {logging_mixin.py:190} INFO - Task instance is in running state
[2025-02-09T16:35:10.675+0000] {logging_mixin.py:190} INFO -  Previous state of the Task instance: queued
[2025-02-09T16:35:10.676+0000] {logging_mixin.py:190} INFO - Current task name:load_data_csv_for_db state:running start_date:2025-02-09 16:35:10.074911+00:00
[2025-02-09T16:35:10.677+0000] {logging_mixin.py:190} INFO - Dag name:extract_postgres_and_csv_data and current dag run status:running
[2025-02-09T16:35:10.678+0000] {taskinstance.py:731} INFO - ::endgroup::
[2025-02-09T16:35:14.770+0000] {python.py:240} INFO - Done. Returned value was: None
[2025-02-09T16:35:14.799+0000] {taskinstance.py:340} INFO - ::group::Post task execution logs
[2025-02-09T16:35:14.801+0000] {taskinstance.py:352} INFO - Marking task as SUCCESS. dag_id=extract_postgres_and_csv_data, task_id=load_data_csv_for_db, run_id=manual__2025-02-09T16:34:55.242006+00:00, execution_date=20250209T163455, start_date=20250209T163510, end_date=20250209T163514
[2025-02-09T16:35:14.833+0000] {logging_mixin.py:190} INFO - Task instance in success state
[2025-02-09T16:35:14.834+0000] {logging_mixin.py:190} INFO -  Previous state of the Task instance: running
[2025-02-09T16:35:14.835+0000] {logging_mixin.py:190} INFO - Dag name:extract_postgres_and_csv_data queued_at:2025-02-09 16:34:55.274424+00:00
[2025-02-09T16:35:14.836+0000] {logging_mixin.py:190} INFO - Task hostname:8c410daec8d3 operator:PythonOperator
[2025-02-09T16:35:14.886+0000] {local_task_job_runner.py:266} INFO - Task exited with return code 0
[2025-02-09T16:35:14.943+0000] {taskinstance.py:3895} INFO - 0 downstream tasks scheduled from follow-on schedule check
[2025-02-09T16:35:14.947+0000] {local_task_job_runner.py:245} INFO - ::endgroup::
