[2025-02-09T18:59:49.604+0000] {local_task_job_runner.py:123} INFO - ::group::Pre task execution logs
[2025-02-09T18:59:49.633+0000] {taskinstance.py:2613} INFO - Dependencies all met for dep_context=non-requeueable deps ti=<TaskInstance: extract_postgres_and_csv_data.extract_postgres_data manual__2025-02-09T18:59:36.859418+00:00 [queued]>
[2025-02-09T18:59:49.649+0000] {taskinstance.py:2613} INFO - Dependencies all met for dep_context=requeueable deps ti=<TaskInstance: extract_postgres_and_csv_data.extract_postgres_data manual__2025-02-09T18:59:36.859418+00:00 [queued]>
[2025-02-09T18:59:49.650+0000] {taskinstance.py:2866} INFO - Starting attempt 1 of 2
[2025-02-09T18:59:49.870+0000] {taskinstance.py:2889} INFO - Executing <Task(BashOperator): extract_postgres_data> on 2025-02-09 18:59:36.859418+00:00
[2025-02-09T18:59:49.883+0000] {warnings.py:112} WARNING - /home/***/.local/lib/python3.12/site-packages/***/task/task_runner/standard_task_runner.py:70: DeprecationWarning: This process (pid=153) is multi-threaded, use of fork() may lead to deadlocks in the child.
  pid = os.fork()

[2025-02-09T18:59:49.886+0000] {standard_task_runner.py:72} INFO - Started process 162 to run task
[2025-02-09T18:59:49.887+0000] {standard_task_runner.py:104} INFO - Running: ['***', 'tasks', 'run', 'extract_postgres_and_csv_data', 'extract_postgres_data', 'manual__2025-02-09T18:59:36.859418+00:00', '--job-id', '292', '--raw', '--subdir', 'DAGS_FOLDER/extract_postgres_and_csv_data.py', '--cfg-path', '/tmp/tmpub4vk4o3']
[2025-02-09T18:59:49.889+0000] {standard_task_runner.py:105} INFO - Job 292: Subtask extract_postgres_data
[2025-02-09T18:59:49.964+0000] {task_command.py:467} INFO - Running <TaskInstance: extract_postgres_and_csv_data.extract_postgres_data manual__2025-02-09T18:59:36.859418+00:00 [running]> on host 58bc83bc12fd
[2025-02-09T18:59:50.109+0000] {taskinstance.py:3132} INFO - Exporting env vars: AIRFLOW_CTX_DAG_OWNER='***' AIRFLOW_CTX_DAG_ID='extract_postgres_and_csv_data' AIRFLOW_CTX_TASK_ID='extract_postgres_data' AIRFLOW_CTX_EXECUTION_DATE='2025-02-09T18:59:36.859418+00:00' AIRFLOW_CTX_TRY_NUMBER='1' AIRFLOW_CTX_DAG_RUN_ID='manual__2025-02-09T18:59:36.859418+00:00'
[2025-02-09T18:59:50.110+0000] {logging_mixin.py:190} INFO - Task instance is in running state
[2025-02-09T18:59:50.111+0000] {logging_mixin.py:190} INFO -  Previous state of the Task instance: queued
[2025-02-09T18:59:50.112+0000] {logging_mixin.py:190} INFO - Current task name:extract_postgres_data state:running start_date:2025-02-09 18:59:49.634184+00:00
[2025-02-09T18:59:50.113+0000] {logging_mixin.py:190} INFO - Dag name:extract_postgres_and_csv_data and current dag run status:running
[2025-02-09T18:59:50.113+0000] {taskinstance.py:731} INFO - ::endgroup::
[2025-02-09T18:59:50.115+0000] {subprocess.py:78} INFO - Tmp dir root location: /tmp
[2025-02-09T18:59:50.117+0000] {subprocess.py:88} INFO - Running command: ['/usr/bin/bash', '-c', 'python /opt/***/meltano/meltano_project/extract/extract_data_db.py']
[2025-02-09T18:59:50.137+0000] {subprocess.py:99} INFO - Output:
[2025-02-09T18:59:52.191+0000] {subprocess.py:106} INFO - ✅ Dados extraídos: /opt/***/meltano/data/postgres/categories/2025-02-09/categories.csv
[2025-02-09T18:59:52.193+0000] {subprocess.py:106} INFO - ✅ Dados extraídos: /opt/***/meltano/data/postgres/products/2025-02-09/products.csv
[2025-02-09T18:59:52.195+0000] {subprocess.py:106} INFO - ✅ Dados extraídos: /opt/***/meltano/data/postgres/suppliers/2025-02-09/suppliers.csv
[2025-02-09T18:59:52.196+0000] {subprocess.py:106} INFO - ✅ Dados extraídos: /opt/***/meltano/data/postgres/employees/2025-02-09/employees.csv
[2025-02-09T18:59:52.198+0000] {subprocess.py:106} INFO - ✅ Dados extraídos: /opt/***/meltano/data/postgres/employee_territories/2025-02-09/employee_territories.csv
[2025-02-09T18:59:52.200+0000] {subprocess.py:106} INFO - ✅ Dados extraídos: /opt/***/meltano/data/postgres/territories/2025-02-09/territories.csv
[2025-02-09T18:59:52.201+0000] {subprocess.py:106} INFO - ✅ Dados extraídos: /opt/***/meltano/data/postgres/region/2025-02-09/region.csv
[2025-02-09T18:59:52.202+0000] {subprocess.py:106} INFO - ✅ Dados extraídos: /opt/***/meltano/data/postgres/orders/2025-02-09/orders.csv
[2025-02-09T18:59:52.204+0000] {subprocess.py:106} INFO - ✅ Dados extraídos: /opt/***/meltano/data/postgres/shippers/2025-02-09/shippers.csv
[2025-02-09T18:59:52.206+0000] {subprocess.py:106} INFO - ✅ Dados extraídos: /opt/***/meltano/data/postgres/us_states/2025-02-09/us_states.csv
[2025-02-09T18:59:52.207+0000] {subprocess.py:106} INFO - ✅ Dados extraídos: /opt/***/meltano/data/postgres/customer_customer_demo/2025-02-09/customer_customer_demo.csv
[2025-02-09T18:59:52.238+0000] {subprocess.py:110} INFO - Command exited with return code 0
[2025-02-09T18:59:52.317+0000] {taskinstance.py:340} INFO - ::group::Post task execution logs
[2025-02-09T18:59:52.318+0000] {taskinstance.py:352} INFO - Marking task as SUCCESS. dag_id=extract_postgres_and_csv_data, task_id=extract_postgres_data, run_id=manual__2025-02-09T18:59:36.859418+00:00, execution_date=20250209T185936, start_date=20250209T185949, end_date=20250209T185952
[2025-02-09T18:59:52.341+0000] {logging_mixin.py:190} INFO - Task instance in success state
[2025-02-09T18:59:52.341+0000] {logging_mixin.py:190} INFO -  Previous state of the Task instance: running
[2025-02-09T18:59:52.342+0000] {logging_mixin.py:190} INFO - Dag name:extract_postgres_and_csv_data queued_at:2025-02-09 18:59:36.882792+00:00
[2025-02-09T18:59:52.343+0000] {logging_mixin.py:190} INFO - Task hostname:58bc83bc12fd operator:BashOperator
[2025-02-09T18:59:52.395+0000] {local_task_job_runner.py:266} INFO - Task exited with return code 0
[2025-02-09T18:59:52.442+0000] {taskinstance.py:3895} INFO - 1 downstream tasks scheduled from follow-on schedule check
[2025-02-09T18:59:52.446+0000] {local_task_job_runner.py:245} INFO - ::endgroup::
