[2025-02-09T16:47:25.089+0000] {local_task_job_runner.py:123} INFO - ::group::Pre task execution logs
[2025-02-09T16:47:25.117+0000] {taskinstance.py:2613} INFO - Dependencies all met for dep_context=non-requeueable deps ti=<TaskInstance: extract_postgres_and_csv_data.load_data_csv_for_db manual__2025-02-09T16:46:56.905439+00:00 [queued]>
[2025-02-09T16:47:25.132+0000] {taskinstance.py:2613} INFO - Dependencies all met for dep_context=requeueable deps ti=<TaskInstance: extract_postgres_and_csv_data.load_data_csv_for_db manual__2025-02-09T16:46:56.905439+00:00 [queued]>
[2025-02-09T16:47:25.133+0000] {taskinstance.py:2866} INFO - Starting attempt 1 of 2
[2025-02-09T16:47:25.360+0000] {taskinstance.py:2889} INFO - Executing <Task(PythonOperator): load_data_csv_for_db> on 2025-02-09 16:46:56.905439+00:00
[2025-02-09T16:47:25.373+0000] {warnings.py:112} WARNING - /home/***/.local/lib/python3.12/site-packages/***/task/task_runner/standard_task_runner.py:70: DeprecationWarning: This process (pid=115) is multi-threaded, use of fork() may lead to deadlocks in the child.
  pid = os.fork()

[2025-02-09T16:47:25.376+0000] {standard_task_runner.py:72} INFO - Started process 117 to run task
[2025-02-09T16:47:25.378+0000] {standard_task_runner.py:104} INFO - Running: ['***', 'tasks', 'run', 'extract_postgres_and_csv_data', 'load_data_csv_for_db', 'manual__2025-02-09T16:46:56.905439+00:00', '--job-id', '161', '--raw', '--subdir', 'DAGS_FOLDER/extract_postgres_and_csv_data.py', '--cfg-path', '/tmp/tmpgtckp_tw']
[2025-02-09T16:47:25.380+0000] {standard_task_runner.py:105} INFO - Job 161: Subtask load_data_csv_for_db
[2025-02-09T16:47:25.468+0000] {task_command.py:467} INFO - Running <TaskInstance: extract_postgres_and_csv_data.load_data_csv_for_db manual__2025-02-09T16:46:56.905439+00:00 [running]> on host 00a84ab663c3
[2025-02-09T16:47:25.654+0000] {taskinstance.py:3132} INFO - Exporting env vars: AIRFLOW_CTX_DAG_OWNER='***' AIRFLOW_CTX_DAG_ID='extract_postgres_and_csv_data' AIRFLOW_CTX_TASK_ID='load_data_csv_for_db' AIRFLOW_CTX_EXECUTION_DATE='2025-02-09T16:46:56.905439+00:00' AIRFLOW_CTX_TRY_NUMBER='1' AIRFLOW_CTX_DAG_RUN_ID='manual__2025-02-09T16:46:56.905439+00:00'
[2025-02-09T16:47:25.657+0000] {logging_mixin.py:190} INFO - Task instance is in running state
[2025-02-09T16:47:25.657+0000] {logging_mixin.py:190} INFO -  Previous state of the Task instance: queued
[2025-02-09T16:47:25.658+0000] {logging_mixin.py:190} INFO - Current task name:load_data_csv_for_db state:running start_date:2025-02-09 16:47:25.118483+00:00
[2025-02-09T16:47:25.659+0000] {logging_mixin.py:190} INFO - Dag name:extract_postgres_and_csv_data and current dag run status:running
[2025-02-09T16:47:25.660+0000] {taskinstance.py:731} INFO - ::endgroup::
[2025-02-09T16:47:29.357+0000] {python.py:240} INFO - Done. Returned value was: None
[2025-02-09T16:47:29.370+0000] {taskinstance.py:340} INFO - ::group::Post task execution logs
[2025-02-09T16:47:29.371+0000] {taskinstance.py:352} INFO - Marking task as SUCCESS. dag_id=extract_postgres_and_csv_data, task_id=load_data_csv_for_db, run_id=manual__2025-02-09T16:46:56.905439+00:00, execution_date=20250209T164656, start_date=20250209T164725, end_date=20250209T164729
[2025-02-09T16:47:29.387+0000] {logging_mixin.py:190} INFO - Task instance in success state
[2025-02-09T16:47:29.387+0000] {logging_mixin.py:190} INFO -  Previous state of the Task instance: running
[2025-02-09T16:47:29.388+0000] {logging_mixin.py:190} INFO - Dag name:extract_postgres_and_csv_data queued_at:2025-02-09 16:46:56.939427+00:00
[2025-02-09T16:47:29.389+0000] {logging_mixin.py:190} INFO - Task hostname:00a84ab663c3 operator:PythonOperator
[2025-02-09T16:47:29.412+0000] {local_task_job_runner.py:266} INFO - Task exited with return code 0
[2025-02-09T16:47:29.434+0000] {taskinstance.py:3895} INFO - 0 downstream tasks scheduled from follow-on schedule check
[2025-02-09T16:47:29.438+0000] {local_task_job_runner.py:245} INFO - ::endgroup::
