[2025-02-09T14:25:32.218+0000] {local_task_job_runner.py:123} INFO - ::group::Pre task execution logs
[2025-02-09T14:25:32.249+0000] {taskinstance.py:2613} INFO - Dependencies all met for dep_context=non-requeueable deps ti=<TaskInstance: Load_CSV_to_Postgres.wait_for_extract scheduled__2025-02-08T00:00:00+00:00 [queued]>
[2025-02-09T14:25:32.267+0000] {taskinstance.py:2613} INFO - Dependencies all met for dep_context=requeueable deps ti=<TaskInstance: Load_CSV_to_Postgres.wait_for_extract scheduled__2025-02-08T00:00:00+00:00 [queued]>
[2025-02-09T14:25:32.268+0000] {taskinstance.py:2866} INFO - Starting attempt 1 of 2
[2025-02-09T14:25:32.296+0000] {taskinstance.py:2889} INFO - Executing <Task(ExternalTaskSensor): wait_for_extract> on 2025-02-08 00:00:00+00:00
[2025-02-09T14:25:32.309+0000] {warnings.py:112} WARNING - /home/***/.local/lib/python3.12/site-packages/***/task/task_runner/standard_task_runner.py:70: DeprecationWarning: This process (pid=1247) is multi-threaded, use of fork() may lead to deadlocks in the child.
  pid = os.fork()

[2025-02-09T14:25:32.313+0000] {standard_task_runner.py:72} INFO - Started process 1252 to run task
[2025-02-09T14:25:32.315+0000] {standard_task_runner.py:104} INFO - Running: ['***', 'tasks', 'run', 'Load_CSV_to_Postgres', 'wait_for_extract', 'scheduled__2025-02-08T00:00:00+00:00', '--job-id', '95', '--raw', '--subdir', 'DAGS_FOLDER/Load_CSV_to_Postgres.py', '--cfg-path', '/tmp/tmp9rpblr1a']
[2025-02-09T14:25:32.318+0000] {standard_task_runner.py:105} INFO - Job 95: Subtask wait_for_extract
[2025-02-09T14:25:33.588+0000] {task_command.py:467} INFO - Running <TaskInstance: Load_CSV_to_Postgres.wait_for_extract scheduled__2025-02-08T00:00:00+00:00 [running]> on host 8c410daec8d3
[2025-02-09T14:25:33.854+0000] {taskinstance.py:3132} INFO - Exporting env vars: AIRFLOW_CTX_DAG_OWNER='***' AIRFLOW_CTX_DAG_ID='Load_CSV_to_Postgres' AIRFLOW_CTX_TASK_ID='wait_for_extract' AIRFLOW_CTX_EXECUTION_DATE='2025-02-08T00:00:00+00:00' AIRFLOW_CTX_TRY_NUMBER='1' AIRFLOW_CTX_DAG_RUN_ID='scheduled__2025-02-08T00:00:00+00:00'
[2025-02-09T14:25:33.859+0000] {logging_mixin.py:190} INFO - Task instance is in running state
[2025-02-09T14:25:33.860+0000] {logging_mixin.py:190} INFO -  Previous state of the Task instance: queued
[2025-02-09T14:25:33.863+0000] {logging_mixin.py:190} INFO - Current task name:wait_for_extract state:running start_date:2025-02-09 14:25:32.250443+00:00
[2025-02-09T14:25:33.865+0000] {logging_mixin.py:190} INFO - Dag name:Load_CSV_to_Postgres and current dag run status:running
[2025-02-09T14:25:33.866+0000] {taskinstance.py:731} INFO - ::endgroup::
[2025-02-09T14:25:33.868+0000] {baseoperator.py:421} WARNING - ExternalTaskSensor.execute cannot be called outside TaskInstance!
[2025-02-09T14:25:33.897+0000] {external_task.py:258} INFO - Poking for tasks ['extract_postgres_data'] in dag extract_postgres_and_csv_data on 2025-02-08T00:00:00+00:00 ... 
[2025-02-09T14:25:33.901+0000] {warnings.py:112} WARNING - /home/***/.local/lib/python3.12/site-packages/***/utils/session.py:97: DeprecationWarning: This method is deprecated and will be removed in future.
  return func(*args, session=session, **kwargs)

[2025-02-09T14:25:33.940+0000] {base.py:336} INFO - Success criteria met. Exiting.
[2025-02-09T14:25:33.994+0000] {taskinstance.py:340} INFO - ::group::Post task execution logs
[2025-02-09T14:25:33.999+0000] {taskinstance.py:352} INFO - Marking task as SUCCESS. dag_id=Load_CSV_to_Postgres, task_id=wait_for_extract, run_id=scheduled__2025-02-08T00:00:00+00:00, execution_date=20250208T000000, start_date=20250209T142532, end_date=20250209T142533
[2025-02-09T14:25:34.070+0000] {logging_mixin.py:190} INFO - Task instance in success state
[2025-02-09T14:25:34.075+0000] {logging_mixin.py:190} INFO -  Previous state of the Task instance: running
[2025-02-09T14:25:34.085+0000] {logging_mixin.py:190} INFO - Dag name:Load_CSV_to_Postgres queued_at:2025-02-09 14:25:22.620808+00:00
[2025-02-09T14:25:34.086+0000] {logging_mixin.py:190} INFO - Task hostname:8c410daec8d3 operator:ExternalTaskSensor
[2025-02-09T14:25:34.243+0000] {local_task_job_runner.py:266} INFO - Task exited with return code 0
[2025-02-09T14:25:34.296+0000] {local_task_job_runner.py:245} INFO - ::endgroup::
