[2025-02-09T19:00:34.022+0000] {local_task_job_runner.py:123} INFO - ::group::Pre task execution logs
[2025-02-09T19:00:34.085+0000] {taskinstance.py:2613} INFO - Dependencies all met for dep_context=non-requeueable deps ti=<TaskInstance: extract_postgres_and_csv_data.extract_postgres_data manual__2025-02-09T19:00:29.408882+00:00 [queued]>
[2025-02-09T19:00:34.100+0000] {taskinstance.py:2613} INFO - Dependencies all met for dep_context=requeueable deps ti=<TaskInstance: extract_postgres_and_csv_data.extract_postgres_data manual__2025-02-09T19:00:29.408882+00:00 [queued]>
[2025-02-09T19:00:34.101+0000] {taskinstance.py:2866} INFO - Starting attempt 1 of 2
[2025-02-09T19:00:34.326+0000] {taskinstance.py:2889} INFO - Executing <Task(BashOperator): extract_postgres_data> on 2025-02-09 19:00:29.408882+00:00
[2025-02-09T19:00:34.338+0000] {warnings.py:112} WARNING - /home/***/.local/lib/python3.12/site-packages/***/task/task_runner/standard_task_runner.py:70: DeprecationWarning: This process (pid=191) is multi-threaded, use of fork() may lead to deadlocks in the child.
  pid = os.fork()

[2025-02-09T19:00:34.342+0000] {standard_task_runner.py:72} INFO - Started process 193 to run task
[2025-02-09T19:00:34.342+0000] {standard_task_runner.py:104} INFO - Running: ['***', 'tasks', 'run', 'extract_postgres_and_csv_data', 'extract_postgres_data', 'manual__2025-02-09T19:00:29.408882+00:00', '--job-id', '295', '--raw', '--subdir', 'DAGS_FOLDER/extract_postgres_and_csv_data.py', '--cfg-path', '/tmp/tmpowyaly69']
[2025-02-09T19:00:34.344+0000] {standard_task_runner.py:105} INFO - Job 295: Subtask extract_postgres_data
[2025-02-09T19:00:34.433+0000] {task_command.py:467} INFO - Running <TaskInstance: extract_postgres_and_csv_data.extract_postgres_data manual__2025-02-09T19:00:29.408882+00:00 [running]> on host 58bc83bc12fd
[2025-02-09T19:00:34.588+0000] {taskinstance.py:3132} INFO - Exporting env vars: AIRFLOW_CTX_DAG_OWNER='***' AIRFLOW_CTX_DAG_ID='extract_postgres_and_csv_data' AIRFLOW_CTX_TASK_ID='extract_postgres_data' AIRFLOW_CTX_EXECUTION_DATE='2025-02-09T19:00:29.408882+00:00' AIRFLOW_CTX_TRY_NUMBER='1' AIRFLOW_CTX_DAG_RUN_ID='manual__2025-02-09T19:00:29.408882+00:00'
[2025-02-09T19:00:34.590+0000] {logging_mixin.py:190} INFO - Task instance is in running state
[2025-02-09T19:00:34.591+0000] {logging_mixin.py:190} INFO -  Previous state of the Task instance: queued
[2025-02-09T19:00:34.592+0000] {logging_mixin.py:190} INFO - Current task name:extract_postgres_data state:running start_date:2025-02-09 19:00:34.087077+00:00
[2025-02-09T19:00:34.593+0000] {logging_mixin.py:190} INFO - Dag name:extract_postgres_and_csv_data and current dag run status:running
[2025-02-09T19:00:34.594+0000] {taskinstance.py:731} INFO - ::endgroup::
[2025-02-09T19:00:34.596+0000] {subprocess.py:78} INFO - Tmp dir root location: /tmp
[2025-02-09T19:00:34.599+0000] {subprocess.py:88} INFO - Running command: ['/usr/bin/bash', '-c', 'python /opt/***/meltano/meltano_project/extract/extract_data_db.py']
[2025-02-09T19:00:34.620+0000] {subprocess.py:99} INFO - Output:
[2025-02-09T19:00:35.511+0000] {subprocess.py:106} INFO - ✅ Dados extraídos: /opt/***/meltano/data/postgres/categories/2025-02-09/categories.csv
[2025-02-09T19:00:35.514+0000] {subprocess.py:106} INFO - ✅ Dados extraídos: /opt/***/meltano/data/postgres/products/2025-02-09/products.csv
[2025-02-09T19:00:35.516+0000] {subprocess.py:106} INFO - ✅ Dados extraídos: /opt/***/meltano/data/postgres/suppliers/2025-02-09/suppliers.csv
[2025-02-09T19:00:35.518+0000] {subprocess.py:106} INFO - ✅ Dados extraídos: /opt/***/meltano/data/postgres/employees/2025-02-09/employees.csv
[2025-02-09T19:00:35.519+0000] {subprocess.py:106} INFO - ✅ Dados extraídos: /opt/***/meltano/data/postgres/employee_territories/2025-02-09/employee_territories.csv
[2025-02-09T19:00:35.521+0000] {subprocess.py:106} INFO - ✅ Dados extraídos: /opt/***/meltano/data/postgres/territories/2025-02-09/territories.csv
[2025-02-09T19:00:35.522+0000] {subprocess.py:106} INFO - ✅ Dados extraídos: /opt/***/meltano/data/postgres/region/2025-02-09/region.csv
[2025-02-09T19:00:35.524+0000] {subprocess.py:106} INFO - ✅ Dados extraídos: /opt/***/meltano/data/postgres/orders/2025-02-09/orders.csv
[2025-02-09T19:00:35.529+0000] {subprocess.py:106} INFO - ✅ Dados extraídos: /opt/***/meltano/data/postgres/shippers/2025-02-09/shippers.csv
[2025-02-09T19:00:35.531+0000] {subprocess.py:106} INFO - ✅ Dados extraídos: /opt/***/meltano/data/postgres/us_states/2025-02-09/us_states.csv
[2025-02-09T19:00:35.533+0000] {subprocess.py:106} INFO - ✅ Dados extraídos: /opt/***/meltano/data/postgres/customer_customer_demo/2025-02-09/customer_customer_demo.csv
[2025-02-09T19:00:35.541+0000] {subprocess.py:110} INFO - Command exited with return code 0
[2025-02-09T19:00:35.597+0000] {taskinstance.py:340} INFO - ::group::Post task execution logs
[2025-02-09T19:00:35.599+0000] {taskinstance.py:352} INFO - Marking task as SUCCESS. dag_id=extract_postgres_and_csv_data, task_id=extract_postgres_data, run_id=manual__2025-02-09T19:00:29.408882+00:00, execution_date=20250209T190029, start_date=20250209T190034, end_date=20250209T190035
[2025-02-09T19:00:35.621+0000] {logging_mixin.py:190} INFO - Task instance in success state
[2025-02-09T19:00:35.623+0000] {logging_mixin.py:190} INFO -  Previous state of the Task instance: running
[2025-02-09T19:00:35.624+0000] {logging_mixin.py:190} INFO - Dag name:extract_postgres_and_csv_data queued_at:2025-02-09 19:00:29.426139+00:00
[2025-02-09T19:00:35.625+0000] {logging_mixin.py:190} INFO - Task hostname:58bc83bc12fd operator:BashOperator
[2025-02-09T19:00:35.688+0000] {local_task_job_runner.py:266} INFO - Task exited with return code 0
[2025-02-09T19:00:35.759+0000] {taskinstance.py:3895} INFO - 1 downstream tasks scheduled from follow-on schedule check
[2025-02-09T19:00:35.763+0000] {local_task_job_runner.py:245} INFO - ::endgroup::
