[2025-02-09T06:26:19.829+0000] {local_task_job_runner.py:123} INFO - ::group::Pre task execution logs
[2025-02-09T06:26:19.851+0000] {taskinstance.py:2613} INFO - Dependencies all met for dep_context=non-requeueable deps ti=<TaskInstance: Extract_CSV_and_DB_data.run_meltano_script_db manual__2025-02-09T06:26:12.442269+00:00 [queued]>
[2025-02-09T06:26:19.862+0000] {taskinstance.py:2613} INFO - Dependencies all met for dep_context=requeueable deps ti=<TaskInstance: Extract_CSV_and_DB_data.run_meltano_script_db manual__2025-02-09T06:26:12.442269+00:00 [queued]>
[2025-02-09T06:26:19.863+0000] {taskinstance.py:2866} INFO - Starting attempt 1 of 2
[2025-02-09T06:26:19.883+0000] {taskinstance.py:2889} INFO - Executing <Task(PythonOperator): run_meltano_script_db> on 2025-02-09 06:26:12.442269+00:00
[2025-02-09T06:26:19.890+0000] {warnings.py:112} WARNING - /home/***/.local/lib/python3.12/site-packages/***/task/task_runner/standard_task_runner.py:70: DeprecationWarning: This process (pid=237) is multi-threaded, use of fork() may lead to deadlocks in the child.
  pid = os.fork()

[2025-02-09T06:26:19.893+0000] {standard_task_runner.py:72} INFO - Started process 239 to run task
[2025-02-09T06:26:19.893+0000] {standard_task_runner.py:104} INFO - Running: ['***', 'tasks', 'run', 'Extract_CSV_and_DB_data', 'run_meltano_script_db', 'manual__2025-02-09T06:26:12.442269+00:00', '--job-id', '15', '--raw', '--subdir', 'DAGS_FOLDER/connectBD_to_extract.py', '--cfg-path', '/tmp/tmpske7_hx2']
[2025-02-09T06:26:19.895+0000] {standard_task_runner.py:105} INFO - Job 15: Subtask run_meltano_script_db
[2025-02-09T06:26:20.212+0000] {task_command.py:467} INFO - Running <TaskInstance: Extract_CSV_and_DB_data.run_meltano_script_db manual__2025-02-09T06:26:12.442269+00:00 [running]> on host fafca5897637
[2025-02-09T06:26:20.332+0000] {taskinstance.py:3132} INFO - Exporting env vars: AIRFLOW_CTX_DAG_OWNER='***' AIRFLOW_CTX_DAG_ID='Extract_CSV_and_DB_data' AIRFLOW_CTX_TASK_ID='run_meltano_script_db' AIRFLOW_CTX_EXECUTION_DATE='2025-02-09T06:26:12.442269+00:00' AIRFLOW_CTX_TRY_NUMBER='1' AIRFLOW_CTX_DAG_RUN_ID='manual__2025-02-09T06:26:12.442269+00:00'
[2025-02-09T06:26:20.333+0000] {logging_mixin.py:190} INFO - Task instance is in running state
[2025-02-09T06:26:20.333+0000] {logging_mixin.py:190} INFO -  Previous state of the Task instance: queued
[2025-02-09T06:26:20.334+0000] {logging_mixin.py:190} INFO - Current task name:run_meltano_script_db state:running start_date:2025-02-09 06:26:19.852105+00:00
[2025-02-09T06:26:20.334+0000] {logging_mixin.py:190} INFO - Dag name:Extract_CSV_and_DB_data and current dag run status:running
[2025-02-09T06:26:20.335+0000] {taskinstance.py:731} INFO - ::endgroup::
[2025-02-09T06:26:20.657+0000] {python.py:240} INFO - Done. Returned value was: None
[2025-02-09T06:26:20.672+0000] {taskinstance.py:340} INFO - ::group::Post task execution logs
[2025-02-09T06:26:20.673+0000] {taskinstance.py:352} INFO - Marking task as SUCCESS. dag_id=Extract_CSV_and_DB_data, task_id=run_meltano_script_db, run_id=manual__2025-02-09T06:26:12.442269+00:00, execution_date=20250209T062612, start_date=20250209T062619, end_date=20250209T062620
[2025-02-09T06:26:20.690+0000] {logging_mixin.py:190} INFO - Task instance in success state
[2025-02-09T06:26:20.691+0000] {logging_mixin.py:190} INFO -  Previous state of the Task instance: running
[2025-02-09T06:26:20.692+0000] {logging_mixin.py:190} INFO - Dag name:Extract_CSV_and_DB_data queued_at:2025-02-09 06:26:12.471104+00:00
[2025-02-09T06:26:20.693+0000] {logging_mixin.py:190} INFO - Task hostname:fafca5897637 operator:PythonOperator
[2025-02-09T06:26:20.718+0000] {local_task_job_runner.py:266} INFO - Task exited with return code 0
[2025-02-09T06:26:20.940+0000] {taskinstance.py:3895} INFO - 0 downstream tasks scheduled from follow-on schedule check
[2025-02-09T06:26:20.949+0000] {local_task_job_runner.py:245} INFO - ::endgroup::
