[2025-02-09T08:40:25.745+0000] {local_task_job_runner.py:123} INFO - ::group::Pre task execution logs
[2025-02-09T08:40:25.770+0000] {taskinstance.py:2613} INFO - Dependencies all met for dep_context=non-requeueable deps ti=<TaskInstance: Extract_DB_data.run_meltano_script_db manual__2025-02-09T08:40:21.290213+00:00 [queued]>
[2025-02-09T08:40:25.780+0000] {taskinstance.py:2613} INFO - Dependencies all met for dep_context=requeueable deps ti=<TaskInstance: Extract_DB_data.run_meltano_script_db manual__2025-02-09T08:40:21.290213+00:00 [queued]>
[2025-02-09T08:40:25.781+0000] {taskinstance.py:2866} INFO - Starting attempt 1 of 2
[2025-02-09T08:40:25.953+0000] {taskinstance.py:2889} INFO - Executing <Task(PythonOperator): run_meltano_script_db> on 2025-02-09 08:40:21.290213+00:00
[2025-02-09T08:40:25.964+0000] {warnings.py:112} WARNING - /home/***/.local/lib/python3.12/site-packages/***/task/task_runner/standard_task_runner.py:70: DeprecationWarning: This process (pid=135) is multi-threaded, use of fork() may lead to deadlocks in the child.
  pid = os.fork()

[2025-02-09T08:40:25.966+0000] {standard_task_runner.py:72} INFO - Started process 137 to run task
[2025-02-09T08:40:25.967+0000] {standard_task_runner.py:104} INFO - Running: ['***', 'tasks', 'run', 'Extract_DB_data', 'run_meltano_script_db', 'manual__2025-02-09T08:40:21.290213+00:00', '--job-id', '26', '--raw', '--subdir', 'DAGS_FOLDER/Extract_DB_data.py', '--cfg-path', '/tmp/tmps6x_7m48']
[2025-02-09T08:40:25.968+0000] {standard_task_runner.py:105} INFO - Job 26: Subtask run_meltano_script_db
[2025-02-09T08:40:26.033+0000] {task_command.py:467} INFO - Running <TaskInstance: Extract_DB_data.run_meltano_script_db manual__2025-02-09T08:40:21.290213+00:00 [running]> on host 7c8ac1b5db8f
[2025-02-09T08:40:26.159+0000] {taskinstance.py:3132} INFO - Exporting env vars: AIRFLOW_CTX_DAG_OWNER='***' AIRFLOW_CTX_DAG_ID='Extract_DB_data' AIRFLOW_CTX_TASK_ID='run_meltano_script_db' AIRFLOW_CTX_EXECUTION_DATE='2025-02-09T08:40:21.290213+00:00' AIRFLOW_CTX_TRY_NUMBER='1' AIRFLOW_CTX_DAG_RUN_ID='manual__2025-02-09T08:40:21.290213+00:00'
[2025-02-09T08:40:26.162+0000] {logging_mixin.py:190} INFO - Task instance is in running state
[2025-02-09T08:40:26.163+0000] {logging_mixin.py:190} INFO -  Previous state of the Task instance: queued
[2025-02-09T08:40:26.163+0000] {logging_mixin.py:190} INFO - Current task name:run_meltano_script_db state:running start_date:2025-02-09 08:40:25.771186+00:00
[2025-02-09T08:40:26.164+0000] {logging_mixin.py:190} INFO - Dag name:Extract_DB_data and current dag run status:running
[2025-02-09T08:40:26.165+0000] {taskinstance.py:731} INFO - ::endgroup::
[2025-02-09T08:40:26.519+0000] {python.py:240} INFO - Done. Returned value was: None
[2025-02-09T08:40:26.532+0000] {taskinstance.py:340} INFO - ::group::Post task execution logs
[2025-02-09T08:40:26.534+0000] {taskinstance.py:352} INFO - Marking task as SUCCESS. dag_id=Extract_DB_data, task_id=run_meltano_script_db, run_id=manual__2025-02-09T08:40:21.290213+00:00, execution_date=20250209T084021, start_date=20250209T084025, end_date=20250209T084026
[2025-02-09T08:40:26.556+0000] {logging_mixin.py:190} INFO - Task instance in success state
[2025-02-09T08:40:26.557+0000] {logging_mixin.py:190} INFO -  Previous state of the Task instance: running
[2025-02-09T08:40:26.558+0000] {logging_mixin.py:190} INFO - Dag name:Extract_DB_data queued_at:2025-02-09 08:40:21.347071+00:00
[2025-02-09T08:40:26.559+0000] {logging_mixin.py:190} INFO - Task hostname:7c8ac1b5db8f operator:PythonOperator
[2025-02-09T08:40:26.589+0000] {local_task_job_runner.py:266} INFO - Task exited with return code 0
[2025-02-09T08:40:26.611+0000] {taskinstance.py:3895} INFO - 0 downstream tasks scheduled from follow-on schedule check
[2025-02-09T08:40:26.615+0000] {local_task_job_runner.py:245} INFO - ::endgroup::
