[2025-02-09T08:29:23.894+0000] {local_task_job_runner.py:123} INFO - ::group::Pre task execution logs
[2025-02-09T08:29:23.916+0000] {taskinstance.py:2613} INFO - Dependencies all met for dep_context=non-requeueable deps ti=<TaskInstance: Extract_CSV_and_DB_data.run_meltano_script_csv manual__2025-02-09T08:29:17.411653+00:00 [queued]>
[2025-02-09T08:29:23.927+0000] {taskinstance.py:2613} INFO - Dependencies all met for dep_context=requeueable deps ti=<TaskInstance: Extract_CSV_and_DB_data.run_meltano_script_csv manual__2025-02-09T08:29:17.411653+00:00 [queued]>
[2025-02-09T08:29:23.928+0000] {taskinstance.py:2866} INFO - Starting attempt 1 of 2
[2025-02-09T08:29:24.079+0000] {taskinstance.py:2889} INFO - Executing <Task(PythonOperator): run_meltano_script_csv> on 2025-02-09 08:29:17.411653+00:00
[2025-02-09T08:29:24.087+0000] {warnings.py:112} WARNING - /home/***/.local/lib/python3.12/site-packages/***/task/task_runner/standard_task_runner.py:70: DeprecationWarning: This process (pid=446) is multi-threaded, use of fork() may lead to deadlocks in the child.
  pid = os.fork()

[2025-02-09T08:29:24.089+0000] {standard_task_runner.py:72} INFO - Started process 448 to run task
[2025-02-09T08:29:24.090+0000] {standard_task_runner.py:104} INFO - Running: ['***', 'tasks', 'run', 'Extract_CSV_and_DB_data', 'run_meltano_script_csv', 'manual__2025-02-09T08:29:17.411653+00:00', '--job-id', '19', '--raw', '--subdir', 'DAGS_FOLDER/connectBD_to_extract.py', '--cfg-path', '/tmp/tmpeiyy4y6q']
[2025-02-09T08:29:24.091+0000] {standard_task_runner.py:105} INFO - Job 19: Subtask run_meltano_script_csv
[2025-02-09T08:29:24.149+0000] {task_command.py:467} INFO - Running <TaskInstance: Extract_CSV_and_DB_data.run_meltano_script_csv manual__2025-02-09T08:29:17.411653+00:00 [running]> on host 7c8ac1b5db8f
[2025-02-09T08:29:24.261+0000] {taskinstance.py:3132} INFO - Exporting env vars: AIRFLOW_CTX_DAG_OWNER='***' AIRFLOW_CTX_DAG_ID='Extract_CSV_and_DB_data' AIRFLOW_CTX_TASK_ID='run_meltano_script_csv' AIRFLOW_CTX_EXECUTION_DATE='2025-02-09T08:29:17.411653+00:00' AIRFLOW_CTX_TRY_NUMBER='1' AIRFLOW_CTX_DAG_RUN_ID='manual__2025-02-09T08:29:17.411653+00:00'
[2025-02-09T08:29:24.263+0000] {logging_mixin.py:190} INFO - Task instance is in running state
[2025-02-09T08:29:24.263+0000] {logging_mixin.py:190} INFO -  Previous state of the Task instance: queued
[2025-02-09T08:29:24.264+0000] {logging_mixin.py:190} INFO - Current task name:run_meltano_script_csv state:running start_date:2025-02-09 08:29:23.917290+00:00
[2025-02-09T08:29:24.265+0000] {logging_mixin.py:190} INFO - Dag name:Extract_CSV_and_DB_data and current dag run status:running
[2025-02-09T08:29:24.265+0000] {taskinstance.py:731} INFO - ::endgroup::
[2025-02-09T08:29:24.537+0000] {python.py:240} INFO - Done. Returned value was: None
[2025-02-09T08:29:24.553+0000] {taskinstance.py:340} INFO - ::group::Post task execution logs
[2025-02-09T08:29:24.554+0000] {taskinstance.py:352} INFO - Marking task as SUCCESS. dag_id=Extract_CSV_and_DB_data, task_id=run_meltano_script_csv, run_id=manual__2025-02-09T08:29:17.411653+00:00, execution_date=20250209T082917, start_date=20250209T082923, end_date=20250209T082924
[2025-02-09T08:29:24.570+0000] {logging_mixin.py:190} INFO - Task instance in success state
[2025-02-09T08:29:24.572+0000] {logging_mixin.py:190} INFO -  Previous state of the Task instance: running
[2025-02-09T08:29:24.573+0000] {logging_mixin.py:190} INFO - Dag name:Extract_CSV_and_DB_data queued_at:2025-02-09 08:29:17.426085+00:00
[2025-02-09T08:29:24.574+0000] {logging_mixin.py:190} INFO - Task hostname:7c8ac1b5db8f operator:PythonOperator
[2025-02-09T08:29:24.592+0000] {local_task_job_runner.py:266} INFO - Task exited with return code 0
[2025-02-09T08:29:24.619+0000] {taskinstance.py:3895} INFO - 0 downstream tasks scheduled from follow-on schedule check
[2025-02-09T08:29:24.623+0000] {local_task_job_runner.py:245} INFO - ::endgroup::
