[2025-02-09T13:16:47.335+0000] {local_task_job_runner.py:123} INFO - ::group::Pre task execution logs
[2025-02-09T13:16:47.356+0000] {taskinstance.py:2613} INFO - Dependencies all met for dep_context=non-requeueable deps ti=<TaskInstance: extract_postgres_and_csv_data.run_meltano_script_csv manual__2025-02-09T13:16:36.147953+00:00 [queued]>
[2025-02-09T13:16:47.367+0000] {taskinstance.py:2613} INFO - Dependencies all met for dep_context=requeueable deps ti=<TaskInstance: extract_postgres_and_csv_data.run_meltano_script_csv manual__2025-02-09T13:16:36.147953+00:00 [queued]>
[2025-02-09T13:16:47.368+0000] {taskinstance.py:2866} INFO - Starting attempt 1 of 2
[2025-02-09T13:16:47.387+0000] {taskinstance.py:2889} INFO - Executing <Task(PythonOperator): run_meltano_script_csv> on 2025-02-09 13:16:36.147953+00:00
[2025-02-09T13:16:47.396+0000] {warnings.py:112} WARNING - /home/***/.local/lib/python3.12/site-packages/***/task/task_runner/standard_task_runner.py:70: DeprecationWarning: This process (pid=362) is multi-threaded, use of fork() may lead to deadlocks in the child.
  pid = os.fork()

[2025-02-09T13:16:47.398+0000] {standard_task_runner.py:72} INFO - Started process 364 to run task
[2025-02-09T13:16:47.399+0000] {standard_task_runner.py:104} INFO - Running: ['***', 'tasks', 'run', 'extract_postgres_and_csv_data', 'run_meltano_script_csv', 'manual__2025-02-09T13:16:36.147953+00:00', '--job-id', '94', '--raw', '--subdir', 'DAGS_FOLDER/extract_postgres_and_csv_data.py', '--cfg-path', '/tmp/tmpz0p4300_']
[2025-02-09T13:16:47.401+0000] {standard_task_runner.py:105} INFO - Job 94: Subtask run_meltano_script_csv
[2025-02-09T13:16:47.464+0000] {task_command.py:467} INFO - Running <TaskInstance: extract_postgres_and_csv_data.run_meltano_script_csv manual__2025-02-09T13:16:36.147953+00:00 [running]> on host 8c410daec8d3
[2025-02-09T13:16:47.580+0000] {taskinstance.py:3132} INFO - Exporting env vars: AIRFLOW_CTX_DAG_OWNER='***' AIRFLOW_CTX_DAG_ID='extract_postgres_and_csv_data' AIRFLOW_CTX_TASK_ID='run_meltano_script_csv' AIRFLOW_CTX_EXECUTION_DATE='2025-02-09T13:16:36.147953+00:00' AIRFLOW_CTX_TRY_NUMBER='1' AIRFLOW_CTX_DAG_RUN_ID='manual__2025-02-09T13:16:36.147953+00:00'
[2025-02-09T13:16:47.583+0000] {logging_mixin.py:190} INFO - Task instance is in running state
[2025-02-09T13:16:47.584+0000] {logging_mixin.py:190} INFO -  Previous state of the Task instance: queued
[2025-02-09T13:16:47.584+0000] {logging_mixin.py:190} INFO - Current task name:run_meltano_script_csv state:running start_date:2025-02-09 13:16:47.357879+00:00
[2025-02-09T13:16:47.585+0000] {logging_mixin.py:190} INFO - Dag name:extract_postgres_and_csv_data and current dag run status:running
[2025-02-09T13:16:47.586+0000] {taskinstance.py:731} INFO - ::endgroup::
[2025-02-09T13:16:47.850+0000] {python.py:240} INFO - Done. Returned value was: None
[2025-02-09T13:16:47.868+0000] {taskinstance.py:340} INFO - ::group::Post task execution logs
[2025-02-09T13:16:47.869+0000] {taskinstance.py:352} INFO - Marking task as SUCCESS. dag_id=extract_postgres_and_csv_data, task_id=run_meltano_script_csv, run_id=manual__2025-02-09T13:16:36.147953+00:00, execution_date=20250209T131636, start_date=20250209T131647, end_date=20250209T131647
[2025-02-09T13:16:47.885+0000] {logging_mixin.py:190} INFO - Task instance in success state
[2025-02-09T13:16:47.885+0000] {logging_mixin.py:190} INFO -  Previous state of the Task instance: running
[2025-02-09T13:16:47.886+0000] {logging_mixin.py:190} INFO - Dag name:extract_postgres_and_csv_data queued_at:2025-02-09 13:16:36.162605+00:00
[2025-02-09T13:16:47.887+0000] {logging_mixin.py:190} INFO - Task hostname:8c410daec8d3 operator:PythonOperator
[2025-02-09T13:16:47.938+0000] {local_task_job_runner.py:266} INFO - Task exited with return code 0
[2025-02-09T13:16:47.962+0000] {taskinstance.py:3895} INFO - 0 downstream tasks scheduled from follow-on schedule check
[2025-02-09T13:16:47.966+0000] {local_task_job_runner.py:245} INFO - ::endgroup::
