[2025-02-09T16:34:11.931+0000] {local_task_job_runner.py:123} INFO - ::group::Pre task execution logs
[2025-02-09T16:34:11.967+0000] {taskinstance.py:2613} INFO - Dependencies all met for dep_context=non-requeueable deps ti=<TaskInstance: extract_postgres_and_csv_data.extract_postgres_data manual__2025-02-09T16:34:03.683332+00:00 [queued]>
[2025-02-09T16:34:11.985+0000] {taskinstance.py:2613} INFO - Dependencies all met for dep_context=requeueable deps ti=<TaskInstance: extract_postgres_and_csv_data.extract_postgres_data manual__2025-02-09T16:34:03.683332+00:00 [queued]>
[2025-02-09T16:34:11.987+0000] {taskinstance.py:2866} INFO - Starting attempt 1 of 2
[2025-02-09T16:34:12.022+0000] {taskinstance.py:2889} INFO - Executing <Task(BashOperator): extract_postgres_data> on 2025-02-09 16:34:03.683332+00:00
[2025-02-09T16:34:12.036+0000] {warnings.py:112} WARNING - /home/***/.local/lib/python3.12/site-packages/***/task/task_runner/standard_task_runner.py:70: DeprecationWarning: This process (pid=3079) is multi-threaded, use of fork() may lead to deadlocks in the child.
  pid = os.fork()

[2025-02-09T16:34:12.039+0000] {standard_task_runner.py:72} INFO - Started process 3081 to run task
[2025-02-09T16:34:12.040+0000] {standard_task_runner.py:104} INFO - Running: ['***', 'tasks', 'run', 'extract_postgres_and_csv_data', 'extract_postgres_data', 'manual__2025-02-09T16:34:03.683332+00:00', '--job-id', '141', '--raw', '--subdir', 'DAGS_FOLDER/extract_postgres_and_csv_data.py', '--cfg-path', '/tmp/tmppq0w82jl']
[2025-02-09T16:34:12.042+0000] {standard_task_runner.py:105} INFO - Job 141: Subtask extract_postgres_data
[2025-02-09T16:34:12.119+0000] {task_command.py:467} INFO - Running <TaskInstance: extract_postgres_and_csv_data.extract_postgres_data manual__2025-02-09T16:34:03.683332+00:00 [running]> on host 8c410daec8d3
[2025-02-09T16:34:12.623+0000] {taskinstance.py:3132} INFO - Exporting env vars: AIRFLOW_CTX_DAG_OWNER='***' AIRFLOW_CTX_DAG_ID='extract_postgres_and_csv_data' AIRFLOW_CTX_TASK_ID='extract_postgres_data' AIRFLOW_CTX_EXECUTION_DATE='2025-02-09T16:34:03.683332+00:00' AIRFLOW_CTX_TRY_NUMBER='1' AIRFLOW_CTX_DAG_RUN_ID='manual__2025-02-09T16:34:03.683332+00:00'
[2025-02-09T16:34:12.624+0000] {logging_mixin.py:190} INFO - Task instance is in running state
[2025-02-09T16:34:12.625+0000] {logging_mixin.py:190} INFO -  Previous state of the Task instance: queued
[2025-02-09T16:34:12.626+0000] {logging_mixin.py:190} INFO - Current task name:extract_postgres_data state:running start_date:2025-02-09 16:34:11.968667+00:00
[2025-02-09T16:34:12.627+0000] {logging_mixin.py:190} INFO - Dag name:extract_postgres_and_csv_data and current dag run status:running
[2025-02-09T16:34:12.628+0000] {taskinstance.py:731} INFO - ::endgroup::
[2025-02-09T16:34:12.629+0000] {subprocess.py:78} INFO - Tmp dir root location: /tmp
[2025-02-09T16:34:12.631+0000] {subprocess.py:88} INFO - Running command: ['/usr/bin/bash', '-c', 'python /opt/***/meltano/meltano_project/extract/extract_data_db.py']
[2025-02-09T16:34:12.649+0000] {subprocess.py:99} INFO - Output:
[2025-02-09T16:34:14.470+0000] {subprocess.py:106} INFO - ✅ Dados extraídos: /opt/***/meltano/data/postgres/categories/2025-02-09/categories.csv
[2025-02-09T16:34:14.472+0000] {subprocess.py:106} INFO - ✅ Dados extraídos: /opt/***/meltano/data/postgres/products/2025-02-09/products.csv
[2025-02-09T16:34:14.473+0000] {subprocess.py:106} INFO - ✅ Dados extraídos: /opt/***/meltano/data/postgres/suppliers/2025-02-09/suppliers.csv
[2025-02-09T16:34:14.474+0000] {subprocess.py:106} INFO - ✅ Dados extraídos: /opt/***/meltano/data/postgres/employees/2025-02-09/employees.csv
[2025-02-09T16:34:14.475+0000] {subprocess.py:106} INFO - ✅ Dados extraídos: /opt/***/meltano/data/postgres/employee_territories/2025-02-09/employee_territories.csv
[2025-02-09T16:34:14.477+0000] {subprocess.py:106} INFO - ✅ Dados extraídos: /opt/***/meltano/data/postgres/territories/2025-02-09/territories.csv
[2025-02-09T16:34:14.478+0000] {subprocess.py:106} INFO - ✅ Dados extraídos: /opt/***/meltano/data/postgres/region/2025-02-09/region.csv
[2025-02-09T16:34:14.479+0000] {subprocess.py:106} INFO - ✅ Dados extraídos: /opt/***/meltano/data/postgres/orders/2025-02-09/orders.csv
[2025-02-09T16:34:14.481+0000] {subprocess.py:106} INFO - ✅ Dados extraídos: /opt/***/meltano/data/postgres/shippers/2025-02-09/shippers.csv
[2025-02-09T16:34:14.482+0000] {subprocess.py:106} INFO - ✅ Dados extraídos: /opt/***/meltano/data/postgres/us_states/2025-02-09/us_states.csv
[2025-02-09T16:34:14.483+0000] {subprocess.py:106} INFO - ✅ Dados extraídos: /opt/***/meltano/data/postgres/customer_customer_demo/2025-02-09/customer_customer_demo.csv
[2025-02-09T16:34:14.488+0000] {subprocess.py:110} INFO - Command exited with return code 0
[2025-02-09T16:34:14.532+0000] {taskinstance.py:340} INFO - ::group::Post task execution logs
[2025-02-09T16:34:14.533+0000] {taskinstance.py:352} INFO - Marking task as SUCCESS. dag_id=extract_postgres_and_csv_data, task_id=extract_postgres_data, run_id=manual__2025-02-09T16:34:03.683332+00:00, execution_date=20250209T163403, start_date=20250209T163411, end_date=20250209T163414
[2025-02-09T16:34:14.551+0000] {logging_mixin.py:190} INFO - Task instance in success state
[2025-02-09T16:34:14.552+0000] {logging_mixin.py:190} INFO -  Previous state of the Task instance: running
[2025-02-09T16:34:14.553+0000] {logging_mixin.py:190} INFO - Dag name:extract_postgres_and_csv_data queued_at:2025-02-09 16:34:03.726105+00:00
[2025-02-09T16:34:14.554+0000] {logging_mixin.py:190} INFO - Task hostname:8c410daec8d3 operator:BashOperator
[2025-02-09T16:34:14.578+0000] {local_task_job_runner.py:266} INFO - Task exited with return code 0
[2025-02-09T16:34:14.623+0000] {taskinstance.py:3895} INFO - 1 downstream tasks scheduled from follow-on schedule check
[2025-02-09T16:34:14.626+0000] {local_task_job_runner.py:245} INFO - ::endgroup::
