[2025-02-09T15:21:01.014+0000] {local_task_job_runner.py:123} INFO - ::group::Pre task execution logs
[2025-02-09T15:21:01.045+0000] {taskinstance.py:2613} INFO - Dependencies all met for dep_context=non-requeueable deps ti=<TaskInstance: load_csv_to_postgres.load_csv_data scheduled__2025-02-08T00:00:00+00:00 [queued]>
[2025-02-09T15:21:01.061+0000] {taskinstance.py:2613} INFO - Dependencies all met for dep_context=requeueable deps ti=<TaskInstance: load_csv_to_postgres.load_csv_data scheduled__2025-02-08T00:00:00+00:00 [queued]>
[2025-02-09T15:21:01.062+0000] {taskinstance.py:2866} INFO - Starting attempt 2 of 2
[2025-02-09T15:21:01.225+0000] {taskinstance.py:2889} INFO - Executing <Task(BashOperator): load_csv_data> on 2025-02-08 00:00:00+00:00
[2025-02-09T15:21:01.237+0000] {standard_task_runner.py:104} INFO - Running: ['***', 'tasks', 'run', 'load_csv_to_postgres', 'load_csv_data', 'scheduled__2025-02-08T00:00:00+00:00', '--job-id', '136', '--raw', '--subdir', 'DAGS_FOLDER/Load_CSV_to_Postgres.py', '--cfg-path', '/tmp/tmpp9xdhkp3']
[2025-02-09T15:21:01.238+0000] {warnings.py:112} WARNING - /home/***/.local/lib/python3.12/site-packages/***/task/task_runner/standard_task_runner.py:70: DeprecationWarning: This process (pid=2134) is multi-threaded, use of fork() may lead to deadlocks in the child.
  pid = os.fork()

[2025-02-09T15:21:01.239+0000] {standard_task_runner.py:105} INFO - Job 136: Subtask load_csv_data
[2025-02-09T15:21:01.240+0000] {standard_task_runner.py:72} INFO - Started process 2136 to run task
[2025-02-09T15:21:01.316+0000] {task_command.py:467} INFO - Running <TaskInstance: load_csv_to_postgres.load_csv_data scheduled__2025-02-08T00:00:00+00:00 [running]> on host 8c410daec8d3
[2025-02-09T15:21:01.438+0000] {taskinstance.py:3132} INFO - Exporting env vars: AIRFLOW_CTX_DAG_OWNER='***' AIRFLOW_CTX_DAG_ID='load_csv_to_postgres' AIRFLOW_CTX_TASK_ID='load_csv_data' AIRFLOW_CTX_EXECUTION_DATE='2025-02-08T00:00:00+00:00' AIRFLOW_CTX_TRY_NUMBER='2' AIRFLOW_CTX_DAG_RUN_ID='scheduled__2025-02-08T00:00:00+00:00'
[2025-02-09T15:21:01.442+0000] {logging_mixin.py:190} INFO - Task instance is in running state
[2025-02-09T15:21:01.443+0000] {logging_mixin.py:190} INFO -  Previous state of the Task instance: queued
[2025-02-09T15:21:01.444+0000] {logging_mixin.py:190} INFO - Current task name:load_csv_data state:running start_date:2025-02-09 15:21:01.046724+00:00
[2025-02-09T15:21:01.445+0000] {logging_mixin.py:190} INFO - Dag name:load_csv_to_postgres and current dag run status:running
[2025-02-09T15:21:01.446+0000] {taskinstance.py:731} INFO - ::endgroup::
[2025-02-09T15:21:01.447+0000] {subprocess.py:78} INFO - Tmp dir root location: /tmp
[2025-02-09T15:21:01.449+0000] {subprocess.py:88} INFO - Running command: ['/usr/bin/bash', '-c', 'python /caminho/do/seu/script/load_script.py']
[2025-02-09T15:21:01.464+0000] {subprocess.py:99} INFO - Output:
[2025-02-09T15:21:01.502+0000] {subprocess.py:106} INFO - python: can't open file '/caminho/do/seu/script/load_script.py': [Errno 2] No such file or directory
[2025-02-09T15:21:01.506+0000] {subprocess.py:110} INFO - Command exited with return code 2
[2025-02-09T15:21:01.522+0000] {taskinstance.py:3311} ERROR - Task failed with exception
Traceback (most recent call last):
  File "/home/airflow/.local/lib/python3.12/site-packages/airflow/models/taskinstance.py", line 767, in _execute_task
    result = _execute_callable(context=context, **execute_callable_kwargs)
             ^^^^^^^^^^^^^^^^^^^^^^^^^^^^^^^^^^^^^^^^^^^^^^^^^^^^^^^^^^^^^
  File "/home/airflow/.local/lib/python3.12/site-packages/airflow/models/taskinstance.py", line 733, in _execute_callable
    return ExecutionCallableRunner(
           ^^^^^^^^^^^^^^^^^^^^^^^^
  File "/home/airflow/.local/lib/python3.12/site-packages/airflow/utils/operator_helpers.py", line 252, in run
    return self.func(*args, **kwargs)
           ^^^^^^^^^^^^^^^^^^^^^^^^^^
  File "/home/airflow/.local/lib/python3.12/site-packages/airflow/models/baseoperator.py", line 422, in wrapper
    return func(self, *args, **kwargs)
           ^^^^^^^^^^^^^^^^^^^^^^^^^^^
  File "/home/airflow/.local/lib/python3.12/site-packages/airflow/operators/bash.py", line 276, in execute
    raise AirflowException(
airflow.exceptions.AirflowException: Bash command failed. The command returned a non-zero exit code 2.
[2025-02-09T15:21:01.528+0000] {logging_mixin.py:190} INFO - Task instance in failure state
[2025-02-09T15:21:01.529+0000] {logging_mixin.py:190} INFO - Task start:2025-02-09 15:21:01.046724+00:00 end:2025-02-09 15:21:01.527256+00:00 duration:0.480532
[2025-02-09T15:21:01.529+0000] {logging_mixin.py:190} INFO - Task:<Task(BashOperator): load_csv_data> dag:<DAG: load_csv_to_postgres> dagrun:<DagRun load_csv_to_postgres @ 2025-02-08 00:00:00+00:00: scheduled__2025-02-08T00:00:00+00:00, state:running, queued_at: 2025-02-09 15:15:48.766028+00:00. externally triggered: False>
[2025-02-09T15:21:01.530+0000] {logging_mixin.py:190} INFO - Failure caused by Bash command failed. The command returned a non-zero exit code 2.
[2025-02-09T15:21:01.531+0000] {taskinstance.py:1225} INFO - Marking task as FAILED. dag_id=load_csv_to_postgres, task_id=load_csv_data, run_id=scheduled__2025-02-08T00:00:00+00:00, execution_date=20250208T000000, start_date=20250209T152101, end_date=20250209T152101
[2025-02-09T15:21:01.550+0000] {taskinstance.py:340} INFO - ::group::Post task execution logs
[2025-02-09T15:21:01.551+0000] {standard_task_runner.py:124} ERROR - Failed to execute job 136 for task load_csv_data (Bash command failed. The command returned a non-zero exit code 2.; 2136)
Traceback (most recent call last):
  File "/home/airflow/.local/lib/python3.12/site-packages/airflow/task/task_runner/standard_task_runner.py", line 117, in _start_by_fork
    ret = args.func(args, dag=self.dag)
          ^^^^^^^^^^^^^^^^^^^^^^^^^^^^^
  File "/home/airflow/.local/lib/python3.12/site-packages/airflow/cli/cli_config.py", line 49, in command
    return func(*args, **kwargs)
           ^^^^^^^^^^^^^^^^^^^^^
  File "/home/airflow/.local/lib/python3.12/site-packages/airflow/utils/cli.py", line 116, in wrapper
    return f(*args, **kwargs)
           ^^^^^^^^^^^^^^^^^^
  File "/home/airflow/.local/lib/python3.12/site-packages/airflow/cli/commands/task_command.py", line 483, in task_run
    task_return_code = _run_task_by_selected_method(args, _dag, ti)
                       ^^^^^^^^^^^^^^^^^^^^^^^^^^^^^^^^^^^^^^^^^^^^
  File "/home/airflow/.local/lib/python3.12/site-packages/airflow/cli/commands/task_command.py", line 256, in _run_task_by_selected_method
    return _run_raw_task(args, ti)
           ^^^^^^^^^^^^^^^^^^^^^^^
  File "/home/airflow/.local/lib/python3.12/site-packages/airflow/cli/commands/task_command.py", line 341, in _run_raw_task
    return ti._run_raw_task(
           ^^^^^^^^^^^^^^^^^
  File "/home/airflow/.local/lib/python3.12/site-packages/airflow/utils/session.py", line 97, in wrapper
    return func(*args, session=session, **kwargs)
           ^^^^^^^^^^^^^^^^^^^^^^^^^^^^^^^^^^^^^^
  File "/home/airflow/.local/lib/python3.12/site-packages/airflow/models/taskinstance.py", line 3005, in _run_raw_task
    return _run_raw_task(
           ^^^^^^^^^^^^^^
  File "/home/airflow/.local/lib/python3.12/site-packages/airflow/models/taskinstance.py", line 273, in _run_raw_task
    TaskInstance._execute_task_with_callbacks(
  File "/home/airflow/.local/lib/python3.12/site-packages/airflow/models/taskinstance.py", line 3159, in _execute_task_with_callbacks
    result = self._execute_task(context, task_orig)
             ^^^^^^^^^^^^^^^^^^^^^^^^^^^^^^^^^^^^^^
  File "/home/airflow/.local/lib/python3.12/site-packages/airflow/models/taskinstance.py", line 3183, in _execute_task
    return _execute_task(self, context, task_orig)
           ^^^^^^^^^^^^^^^^^^^^^^^^^^^^^^^^^^^^^^^
  File "/home/airflow/.local/lib/python3.12/site-packages/airflow/models/taskinstance.py", line 767, in _execute_task
    result = _execute_callable(context=context, **execute_callable_kwargs)
             ^^^^^^^^^^^^^^^^^^^^^^^^^^^^^^^^^^^^^^^^^^^^^^^^^^^^^^^^^^^^^
  File "/home/airflow/.local/lib/python3.12/site-packages/airflow/models/taskinstance.py", line 733, in _execute_callable
    return ExecutionCallableRunner(
           ^^^^^^^^^^^^^^^^^^^^^^^^
  File "/home/airflow/.local/lib/python3.12/site-packages/airflow/utils/operator_helpers.py", line 252, in run
    return self.func(*args, **kwargs)
           ^^^^^^^^^^^^^^^^^^^^^^^^^^
  File "/home/airflow/.local/lib/python3.12/site-packages/airflow/models/baseoperator.py", line 422, in wrapper
    return func(self, *args, **kwargs)
           ^^^^^^^^^^^^^^^^^^^^^^^^^^^
  File "/home/airflow/.local/lib/python3.12/site-packages/airflow/operators/bash.py", line 276, in execute
    raise AirflowException(
airflow.exceptions.AirflowException: Bash command failed. The command returned a non-zero exit code 2.
[2025-02-09T15:21:01.579+0000] {local_task_job_runner.py:266} INFO - Task exited with return code 1
[2025-02-09T15:21:01.593+0000] {local_task_job_runner.py:245} INFO - ::endgroup::
