[2025-02-09T08:43:19.276+0000] {local_task_job_runner.py:123} INFO - ::group::Pre task execution logs
[2025-02-09T08:43:19.297+0000] {taskinstance.py:2613} INFO - Dependencies all met for dep_context=non-requeueable deps ti=<TaskInstance: Extract_DB_data.run_meltano_script_db manual__2025-02-09T08:43:13.585650+00:00 [queued]>
[2025-02-09T08:43:19.307+0000] {taskinstance.py:2613} INFO - Dependencies all met for dep_context=requeueable deps ti=<TaskInstance: Extract_DB_data.run_meltano_script_db manual__2025-02-09T08:43:13.585650+00:00 [queued]>
[2025-02-09T08:43:19.340+0000] {taskinstance.py:2866} INFO - Starting attempt 1 of 2
[2025-02-09T08:43:19.590+0000] {taskinstance.py:2889} INFO - Executing <Task(PythonOperator): run_meltano_script_db> on 2025-02-09 08:43:13.585650+00:00
[2025-02-09T08:43:19.599+0000] {warnings.py:112} WARNING - /home/***/.local/lib/python3.12/site-packages/***/task/task_runner/standard_task_runner.py:70: DeprecationWarning: This process (pid=175) is multi-threaded, use of fork() may lead to deadlocks in the child.
  pid = os.fork()

[2025-02-09T08:43:19.602+0000] {standard_task_runner.py:72} INFO - Started process 177 to run task
[2025-02-09T08:43:19.603+0000] {standard_task_runner.py:104} INFO - Running: ['***', 'tasks', 'run', 'Extract_DB_data', 'run_meltano_script_db', 'manual__2025-02-09T08:43:13.585650+00:00', '--job-id', '27', '--raw', '--subdir', 'DAGS_FOLDER/Extract_DB_data.py', '--cfg-path', '/tmp/tmppvwu0gsw']
[2025-02-09T08:43:19.604+0000] {standard_task_runner.py:105} INFO - Job 27: Subtask run_meltano_script_db
[2025-02-09T08:43:19.811+0000] {task_command.py:467} INFO - Running <TaskInstance: Extract_DB_data.run_meltano_script_db manual__2025-02-09T08:43:13.585650+00:00 [running]> on host 7c8ac1b5db8f
[2025-02-09T08:43:20.197+0000] {taskinstance.py:3132} INFO - Exporting env vars: AIRFLOW_CTX_DAG_OWNER='***' AIRFLOW_CTX_DAG_ID='Extract_DB_data' AIRFLOW_CTX_TASK_ID='run_meltano_script_db' AIRFLOW_CTX_EXECUTION_DATE='2025-02-09T08:43:13.585650+00:00' AIRFLOW_CTX_TRY_NUMBER='1' AIRFLOW_CTX_DAG_RUN_ID='manual__2025-02-09T08:43:13.585650+00:00'
[2025-02-09T08:43:20.199+0000] {logging_mixin.py:190} INFO - Task instance is in running state
[2025-02-09T08:43:20.199+0000] {logging_mixin.py:190} INFO -  Previous state of the Task instance: queued
[2025-02-09T08:43:20.200+0000] {logging_mixin.py:190} INFO - Current task name:run_meltano_script_db state:running start_date:2025-02-09 08:43:19.298620+00:00
[2025-02-09T08:43:20.201+0000] {logging_mixin.py:190} INFO - Dag name:Extract_DB_data and current dag run status:running
[2025-02-09T08:43:20.202+0000] {taskinstance.py:731} INFO - ::endgroup::
[2025-02-09T08:43:20.501+0000] {python.py:240} INFO - Done. Returned value was: None
[2025-02-09T08:43:20.513+0000] {taskinstance.py:340} INFO - ::group::Post task execution logs
[2025-02-09T08:43:20.514+0000] {taskinstance.py:352} INFO - Marking task as SUCCESS. dag_id=Extract_DB_data, task_id=run_meltano_script_db, run_id=manual__2025-02-09T08:43:13.585650+00:00, execution_date=20250209T084313, start_date=20250209T084319, end_date=20250209T084320
[2025-02-09T08:43:20.535+0000] {logging_mixin.py:190} INFO - Task instance in success state
[2025-02-09T08:43:20.535+0000] {logging_mixin.py:190} INFO -  Previous state of the Task instance: running
[2025-02-09T08:43:20.536+0000] {logging_mixin.py:190} INFO - Dag name:Extract_DB_data queued_at:2025-02-09 08:43:13.606556+00:00
[2025-02-09T08:43:20.537+0000] {logging_mixin.py:190} INFO - Task hostname:7c8ac1b5db8f operator:PythonOperator
[2025-02-09T08:43:20.562+0000] {local_task_job_runner.py:266} INFO - Task exited with return code 0
[2025-02-09T08:43:20.587+0000] {taskinstance.py:3895} INFO - 0 downstream tasks scheduled from follow-on schedule check
[2025-02-09T08:43:20.590+0000] {local_task_job_runner.py:245} INFO - ::endgroup::
