[2025-02-09T16:40:13.458+0000] {local_task_job_runner.py:123} INFO - ::group::Pre task execution logs
[2025-02-09T16:40:13.485+0000] {taskinstance.py:2613} INFO - Dependencies all met for dep_context=non-requeueable deps ti=<TaskInstance: extract_postgres_and_csv_data.load_data_csv_for_db manual__2025-02-09T16:39:59.932782+00:00 [queued]>
[2025-02-09T16:40:13.503+0000] {taskinstance.py:2613} INFO - Dependencies all met for dep_context=requeueable deps ti=<TaskInstance: extract_postgres_and_csv_data.load_data_csv_for_db manual__2025-02-09T16:39:59.932782+00:00 [queued]>
[2025-02-09T16:40:13.504+0000] {taskinstance.py:2866} INFO - Starting attempt 1 of 2
[2025-02-09T16:40:13.530+0000] {taskinstance.py:2889} INFO - Executing <Task(PythonOperator): load_data_csv_for_db> on 2025-02-09 16:39:59.932782+00:00
[2025-02-09T16:40:13.543+0000] {warnings.py:112} WARNING - /home/***/.local/lib/python3.12/site-packages/***/task/task_runner/standard_task_runner.py:70: DeprecationWarning: This process (pid=3235) is multi-threaded, use of fork() may lead to deadlocks in the child.
  pid = os.fork()

[2025-02-09T16:40:13.546+0000] {standard_task_runner.py:72} INFO - Started process 3237 to run task
[2025-02-09T16:40:13.546+0000] {standard_task_runner.py:104} INFO - Running: ['***', 'tasks', 'run', 'extract_postgres_and_csv_data', 'load_data_csv_for_db', 'manual__2025-02-09T16:39:59.932782+00:00', '--job-id', '152', '--raw', '--subdir', 'DAGS_FOLDER/extract_postgres_and_csv_data.py', '--cfg-path', '/tmp/tmpjkv9lf5i']
[2025-02-09T16:40:13.549+0000] {standard_task_runner.py:105} INFO - Job 152: Subtask load_data_csv_for_db
[2025-02-09T16:40:13.632+0000] {task_command.py:467} INFO - Running <TaskInstance: extract_postgres_and_csv_data.load_data_csv_for_db manual__2025-02-09T16:39:59.932782+00:00 [running]> on host 8c410daec8d3
[2025-02-09T16:40:14.057+0000] {taskinstance.py:3132} INFO - Exporting env vars: AIRFLOW_CTX_DAG_OWNER='***' AIRFLOW_CTX_DAG_ID='extract_postgres_and_csv_data' AIRFLOW_CTX_TASK_ID='load_data_csv_for_db' AIRFLOW_CTX_EXECUTION_DATE='2025-02-09T16:39:59.932782+00:00' AIRFLOW_CTX_TRY_NUMBER='1' AIRFLOW_CTX_DAG_RUN_ID='manual__2025-02-09T16:39:59.932782+00:00'
[2025-02-09T16:40:14.059+0000] {logging_mixin.py:190} INFO - Task instance is in running state
[2025-02-09T16:40:14.060+0000] {logging_mixin.py:190} INFO -  Previous state of the Task instance: queued
[2025-02-09T16:40:14.060+0000] {logging_mixin.py:190} INFO - Current task name:load_data_csv_for_db state:running start_date:2025-02-09 16:40:13.486186+00:00
[2025-02-09T16:40:14.061+0000] {logging_mixin.py:190} INFO - Dag name:extract_postgres_and_csv_data and current dag run status:running
[2025-02-09T16:40:14.062+0000] {taskinstance.py:731} INFO - ::endgroup::
[2025-02-09T16:40:21.359+0000] {python.py:240} INFO - Done. Returned value was: None
[2025-02-09T16:40:21.381+0000] {taskinstance.py:340} INFO - ::group::Post task execution logs
[2025-02-09T16:40:21.382+0000] {taskinstance.py:352} INFO - Marking task as SUCCESS. dag_id=extract_postgres_and_csv_data, task_id=load_data_csv_for_db, run_id=manual__2025-02-09T16:39:59.932782+00:00, execution_date=20250209T163959, start_date=20250209T164013, end_date=20250209T164021
[2025-02-09T16:40:21.402+0000] {logging_mixin.py:190} INFO - Task instance in success state
[2025-02-09T16:40:21.403+0000] {logging_mixin.py:190} INFO -  Previous state of the Task instance: running
[2025-02-09T16:40:21.405+0000] {logging_mixin.py:190} INFO - Dag name:extract_postgres_and_csv_data queued_at:2025-02-09 16:40:00.000874+00:00
[2025-02-09T16:40:21.406+0000] {logging_mixin.py:190} INFO - Task hostname:8c410daec8d3 operator:PythonOperator
[2025-02-09T16:40:21.453+0000] {local_task_job_runner.py:266} INFO - Task exited with return code 0
[2025-02-09T16:40:21.488+0000] {taskinstance.py:3895} INFO - 0 downstream tasks scheduled from follow-on schedule check
[2025-02-09T16:40:21.492+0000] {local_task_job_runner.py:245} INFO - ::endgroup::
