[2025-02-09T13:04:28.728+0000] {local_task_job_runner.py:123} INFO - ::group::Pre task execution logs
[2025-02-09T13:04:28.762+0000] {taskinstance.py:2613} INFO - Dependencies all met for dep_context=non-requeueable deps ti=<TaskInstance: extract_postgres_tables.extract_postgres_data manual__2025-02-09T13:04:26.674416+00:00 [queued]>
[2025-02-09T13:04:28.779+0000] {taskinstance.py:2613} INFO - Dependencies all met for dep_context=requeueable deps ti=<TaskInstance: extract_postgres_tables.extract_postgres_data manual__2025-02-09T13:04:26.674416+00:00 [queued]>
[2025-02-09T13:04:28.787+0000] {taskinstance.py:2866} INFO - Starting attempt 1 of 2
[2025-02-09T13:04:29.001+0000] {taskinstance.py:2889} INFO - Executing <Task(BashOperator): extract_postgres_data> on 2025-02-09 13:04:26.674416+00:00
[2025-02-09T13:04:29.011+0000] {warnings.py:112} WARNING - /home/***/.local/lib/python3.12/site-packages/***/task/task_runner/standard_task_runner.py:70: DeprecationWarning: This process (pid=168) is multi-threaded, use of fork() may lead to deadlocks in the child.
  pid = os.fork()

[2025-02-09T13:04:29.014+0000] {standard_task_runner.py:72} INFO - Started process 170 to run task
[2025-02-09T13:04:29.014+0000] {standard_task_runner.py:104} INFO - Running: ['***', 'tasks', 'run', 'extract_postgres_tables', 'extract_postgres_data', 'manual__2025-02-09T13:04:26.674416+00:00', '--job-id', '86', '--raw', '--subdir', 'DAGS_FOLDER/Extract_DB_data.py', '--cfg-path', '/tmp/tmppdosazmn']
[2025-02-09T13:04:29.016+0000] {standard_task_runner.py:105} INFO - Job 86: Subtask extract_postgres_data
[2025-02-09T13:04:29.087+0000] {task_command.py:467} INFO - Running <TaskInstance: extract_postgres_tables.extract_postgres_data manual__2025-02-09T13:04:26.674416+00:00 [running]> on host 8c410daec8d3
[2025-02-09T13:04:29.300+0000] {taskinstance.py:3132} INFO - Exporting env vars: AIRFLOW_CTX_DAG_OWNER='***' AIRFLOW_CTX_DAG_ID='extract_postgres_tables' AIRFLOW_CTX_TASK_ID='extract_postgres_data' AIRFLOW_CTX_EXECUTION_DATE='2025-02-09T13:04:26.674416+00:00' AIRFLOW_CTX_TRY_NUMBER='1' AIRFLOW_CTX_DAG_RUN_ID='manual__2025-02-09T13:04:26.674416+00:00'
[2025-02-09T13:04:29.303+0000] {logging_mixin.py:190} INFO - Task instance is in running state
[2025-02-09T13:04:29.305+0000] {logging_mixin.py:190} INFO -  Previous state of the Task instance: queued
[2025-02-09T13:04:29.306+0000] {logging_mixin.py:190} INFO - Current task name:extract_postgres_data state:running start_date:2025-02-09 13:04:28.763341+00:00
[2025-02-09T13:04:29.307+0000] {logging_mixin.py:190} INFO - Dag name:extract_postgres_tables and current dag run status:running
[2025-02-09T13:04:29.308+0000] {taskinstance.py:731} INFO - ::endgroup::
[2025-02-09T13:04:29.309+0000] {subprocess.py:78} INFO - Tmp dir root location: /tmp
[2025-02-09T13:04:29.311+0000] {subprocess.py:88} INFO - Running command: ['/usr/bin/bash', '-c', 'python /opt/***/meltano/meltano_project/transform/extract_data_db.py']
[2025-02-09T13:04:29.334+0000] {subprocess.py:99} INFO - Output:
[2025-02-09T13:04:31.777+0000] {subprocess.py:106} INFO - ✅ Dados extraídos: /opt/***/meltano/data/postgres/categories/2025-02-09/categories.csv
[2025-02-09T13:04:31.779+0000] {subprocess.py:106} INFO - ✅ Dados extraídos: /opt/***/meltano/data/postgres/products/2025-02-09/products.csv
[2025-02-09T13:04:31.780+0000] {subprocess.py:106} INFO - ✅ Dados extraídos: /opt/***/meltano/data/postgres/suppliers/2025-02-09/suppliers.csv
[2025-02-09T13:04:31.782+0000] {subprocess.py:106} INFO - ✅ Dados extraídos: /opt/***/meltano/data/postgres/employees/2025-02-09/employees.csv
[2025-02-09T13:04:31.783+0000] {subprocess.py:106} INFO - ✅ Dados extraídos: /opt/***/meltano/data/postgres/employee_territories/2025-02-09/employee_territories.csv
[2025-02-09T13:04:31.784+0000] {subprocess.py:106} INFO - ✅ Dados extraídos: /opt/***/meltano/data/postgres/territories/2025-02-09/territories.csv
[2025-02-09T13:04:31.785+0000] {subprocess.py:106} INFO - ✅ Dados extraídos: /opt/***/meltano/data/postgres/region/2025-02-09/region.csv
[2025-02-09T13:04:31.787+0000] {subprocess.py:106} INFO - ✅ Dados extraídos: /opt/***/meltano/data/postgres/orders/2025-02-09/orders.csv
[2025-02-09T13:04:31.788+0000] {subprocess.py:106} INFO - ✅ Dados extraídos: /opt/***/meltano/data/postgres/shippers/2025-02-09/shippers.csv
[2025-02-09T13:04:31.790+0000] {subprocess.py:106} INFO - ✅ Dados extraídos: /opt/***/meltano/data/postgres/us_states/2025-02-09/us_states.csv
[2025-02-09T13:04:31.791+0000] {subprocess.py:106} INFO - ✅ Dados extraídos: /opt/***/meltano/data/postgres/customer_customer_demo/2025-02-09/customer_customer_demo.csv
[2025-02-09T13:04:31.795+0000] {subprocess.py:110} INFO - Command exited with return code 0
[2025-02-09T13:04:31.834+0000] {taskinstance.py:340} INFO - ::group::Post task execution logs
[2025-02-09T13:04:31.836+0000] {taskinstance.py:352} INFO - Marking task as SUCCESS. dag_id=extract_postgres_tables, task_id=extract_postgres_data, run_id=manual__2025-02-09T13:04:26.674416+00:00, execution_date=20250209T130426, start_date=20250209T130428, end_date=20250209T130431
[2025-02-09T13:04:31.853+0000] {logging_mixin.py:190} INFO - Task instance in success state
[2025-02-09T13:04:31.854+0000] {logging_mixin.py:190} INFO -  Previous state of the Task instance: running
[2025-02-09T13:04:31.856+0000] {logging_mixin.py:190} INFO - Dag name:extract_postgres_tables queued_at:2025-02-09 13:04:26.686117+00:00
[2025-02-09T13:04:31.856+0000] {logging_mixin.py:190} INFO - Task hostname:8c410daec8d3 operator:BashOperator
[2025-02-09T13:04:31.870+0000] {local_task_job_runner.py:266} INFO - Task exited with return code 0
[2025-02-09T13:04:31.893+0000] {taskinstance.py:3895} INFO - 0 downstream tasks scheduled from follow-on schedule check
[2025-02-09T13:04:31.897+0000] {local_task_job_runner.py:245} INFO - ::endgroup::
