[2025-02-09T08:31:56.599+0000] {local_task_job_runner.py:123} INFO - ::group::Pre task execution logs
[2025-02-09T08:31:56.631+0000] {taskinstance.py:2613} INFO - Dependencies all met for dep_context=non-requeueable deps ti=<TaskInstance: Extract_DB_data.run_meltano_script_db manual__2025-02-09T08:31:52.620842+00:00 [queued]>
[2025-02-09T08:31:56.651+0000] {taskinstance.py:2613} INFO - Dependencies all met for dep_context=requeueable deps ti=<TaskInstance: Extract_DB_data.run_meltano_script_db manual__2025-02-09T08:31:52.620842+00:00 [queued]>
[2025-02-09T08:31:56.652+0000] {taskinstance.py:2866} INFO - Starting attempt 1 of 2
[2025-02-09T08:31:58.103+0000] {taskinstance.py:2889} INFO - Executing <Task(PythonOperator): run_meltano_script_db> on 2025-02-09 08:31:52.620842+00:00
[2025-02-09T08:31:58.136+0000] {warnings.py:112} WARNING - /home/***/.local/lib/python3.12/site-packages/***/task/task_runner/standard_task_runner.py:70: DeprecationWarning: This process (pid=486) is multi-threaded, use of fork() may lead to deadlocks in the child.
  pid = os.fork()

[2025-02-09T08:31:58.146+0000] {standard_task_runner.py:72} INFO - Started process 488 to run task
[2025-02-09T08:31:58.171+0000] {standard_task_runner.py:104} INFO - Running: ['***', 'tasks', 'run', 'Extract_DB_data', 'run_meltano_script_db', 'manual__2025-02-09T08:31:52.620842+00:00', '--job-id', '20', '--raw', '--subdir', 'DAGS_FOLDER/Extract_DB_data.py', '--cfg-path', '/tmp/tmpj6vw9f52']
[2025-02-09T08:31:58.174+0000] {standard_task_runner.py:105} INFO - Job 20: Subtask run_meltano_script_db
[2025-02-09T08:31:58.439+0000] {task_command.py:467} INFO - Running <TaskInstance: Extract_DB_data.run_meltano_script_db manual__2025-02-09T08:31:52.620842+00:00 [running]> on host 7c8ac1b5db8f
[2025-02-09T08:31:58.602+0000] {taskinstance.py:3132} INFO - Exporting env vars: AIRFLOW_CTX_DAG_OWNER='***' AIRFLOW_CTX_DAG_ID='Extract_DB_data' AIRFLOW_CTX_TASK_ID='run_meltano_script_db' AIRFLOW_CTX_EXECUTION_DATE='2025-02-09T08:31:52.620842+00:00' AIRFLOW_CTX_TRY_NUMBER='1' AIRFLOW_CTX_DAG_RUN_ID='manual__2025-02-09T08:31:52.620842+00:00'
[2025-02-09T08:31:58.605+0000] {logging_mixin.py:190} INFO - Task instance is in running state
[2025-02-09T08:31:58.606+0000] {logging_mixin.py:190} INFO -  Previous state of the Task instance: queued
[2025-02-09T08:31:58.607+0000] {logging_mixin.py:190} INFO - Current task name:run_meltano_script_db state:running start_date:2025-02-09 08:31:56.632773+00:00
[2025-02-09T08:31:58.608+0000] {logging_mixin.py:190} INFO - Dag name:Extract_DB_data and current dag run status:running
[2025-02-09T08:31:58.608+0000] {taskinstance.py:731} INFO - ::endgroup::
[2025-02-09T08:31:58.992+0000] {python.py:240} INFO - Done. Returned value was: None
[2025-02-09T08:31:59.008+0000] {taskinstance.py:340} INFO - ::group::Post task execution logs
[2025-02-09T08:31:59.009+0000] {taskinstance.py:352} INFO - Marking task as SUCCESS. dag_id=Extract_DB_data, task_id=run_meltano_script_db, run_id=manual__2025-02-09T08:31:52.620842+00:00, execution_date=20250209T083152, start_date=20250209T083156, end_date=20250209T083159
[2025-02-09T08:31:59.023+0000] {logging_mixin.py:190} INFO - Task instance in success state
[2025-02-09T08:31:59.024+0000] {logging_mixin.py:190} INFO -  Previous state of the Task instance: running
[2025-02-09T08:31:59.025+0000] {logging_mixin.py:190} INFO - Dag name:Extract_DB_data queued_at:2025-02-09 08:31:52.642502+00:00
[2025-02-09T08:31:59.025+0000] {logging_mixin.py:190} INFO - Task hostname:7c8ac1b5db8f operator:PythonOperator
[2025-02-09T08:31:59.065+0000] {local_task_job_runner.py:266} INFO - Task exited with return code 0
[2025-02-09T08:31:59.087+0000] {taskinstance.py:3895} INFO - 0 downstream tasks scheduled from follow-on schedule check
[2025-02-09T08:31:59.090+0000] {local_task_job_runner.py:245} INFO - ::endgroup::
