[2025-02-09T11:01:27.625+0000] {local_task_job_runner.py:123} INFO - ::group::Pre task execution logs
[2025-02-09T11:01:27.646+0000] {taskinstance.py:2613} INFO - Dependencies all met for dep_context=non-requeueable deps ti=<TaskInstance: Extract_DB_data.run_meltano_script_db manual__2025-02-09T11:01:24.391543+00:00 [queued]>
[2025-02-09T11:01:27.657+0000] {taskinstance.py:2613} INFO - Dependencies all met for dep_context=requeueable deps ti=<TaskInstance: Extract_DB_data.run_meltano_script_db manual__2025-02-09T11:01:24.391543+00:00 [queued]>
[2025-02-09T11:01:27.658+0000] {taskinstance.py:2866} INFO - Starting attempt 1 of 2
[2025-02-09T11:01:27.829+0000] {taskinstance.py:2889} INFO - Executing <Task(PythonOperator): run_meltano_script_db> on 2025-02-09 11:01:24.391543+00:00
[2025-02-09T11:01:27.838+0000] {warnings.py:112} WARNING - /home/***/.local/lib/python3.12/site-packages/***/task/task_runner/standard_task_runner.py:70: DeprecationWarning: This process (pid=345) is multi-threaded, use of fork() may lead to deadlocks in the child.
  pid = os.fork()

[2025-02-09T11:01:27.841+0000] {standard_task_runner.py:72} INFO - Started process 347 to run task
[2025-02-09T11:01:27.840+0000] {standard_task_runner.py:104} INFO - Running: ['***', 'tasks', 'run', 'Extract_DB_data', 'run_meltano_script_db', 'manual__2025-02-09T11:01:24.391543+00:00', '--job-id', '62', '--raw', '--subdir', 'DAGS_FOLDER/Extract_DB_data.py', '--cfg-path', '/tmp/tmpb3ho_i3f']
[2025-02-09T11:01:27.843+0000] {standard_task_runner.py:105} INFO - Job 62: Subtask run_meltano_script_db
[2025-02-09T11:01:27.906+0000] {task_command.py:467} INFO - Running <TaskInstance: Extract_DB_data.run_meltano_script_db manual__2025-02-09T11:01:24.391543+00:00 [running]> on host c063c986458a
[2025-02-09T11:01:28.028+0000] {taskinstance.py:3132} INFO - Exporting env vars: AIRFLOW_CTX_DAG_OWNER='***' AIRFLOW_CTX_DAG_ID='Extract_DB_data' AIRFLOW_CTX_TASK_ID='run_meltano_script_db' AIRFLOW_CTX_EXECUTION_DATE='2025-02-09T11:01:24.391543+00:00' AIRFLOW_CTX_TRY_NUMBER='1' AIRFLOW_CTX_DAG_RUN_ID='manual__2025-02-09T11:01:24.391543+00:00'
[2025-02-09T11:01:28.030+0000] {logging_mixin.py:190} INFO - Task instance is in running state
[2025-02-09T11:01:28.031+0000] {logging_mixin.py:190} INFO -  Previous state of the Task instance: queued
[2025-02-09T11:01:28.032+0000] {logging_mixin.py:190} INFO - Current task name:run_meltano_script_db state:running start_date:2025-02-09 11:01:27.647610+00:00
[2025-02-09T11:01:28.033+0000] {logging_mixin.py:190} INFO - Dag name:Extract_DB_data and current dag run status:running
[2025-02-09T11:01:28.033+0000] {taskinstance.py:731} INFO - ::endgroup::
[2025-02-09T11:01:28.369+0000] {python.py:240} INFO - Done. Returned value was: None
[2025-02-09T11:01:28.384+0000] {taskinstance.py:340} INFO - ::group::Post task execution logs
[2025-02-09T11:01:28.385+0000] {taskinstance.py:352} INFO - Marking task as SUCCESS. dag_id=Extract_DB_data, task_id=run_meltano_script_db, run_id=manual__2025-02-09T11:01:24.391543+00:00, execution_date=20250209T110124, start_date=20250209T110127, end_date=20250209T110128
[2025-02-09T11:01:28.399+0000] {logging_mixin.py:190} INFO - Task instance in success state
[2025-02-09T11:01:28.400+0000] {logging_mixin.py:190} INFO -  Previous state of the Task instance: running
[2025-02-09T11:01:28.401+0000] {logging_mixin.py:190} INFO - Dag name:Extract_DB_data queued_at:2025-02-09 11:01:24.405215+00:00
[2025-02-09T11:01:28.402+0000] {logging_mixin.py:190} INFO - Task hostname:c063c986458a operator:PythonOperator
[2025-02-09T11:01:28.429+0000] {local_task_job_runner.py:266} INFO - Task exited with return code 0
[2025-02-09T11:01:28.454+0000] {taskinstance.py:3895} INFO - 0 downstream tasks scheduled from follow-on schedule check
[2025-02-09T11:01:28.457+0000] {local_task_job_runner.py:245} INFO - ::endgroup::
