[2025-02-09T08:07:57.837+0000] {local_task_job_runner.py:123} INFO - ::group::Pre task execution logs
[2025-02-09T08:07:57.863+0000] {taskinstance.py:2613} INFO - Dependencies all met for dep_context=non-requeueable deps ti=<TaskInstance: Extract_CSV_and_DB_data.run_meltano_script_db manual__2025-02-09T08:07:47.002618+00:00 [queued]>
[2025-02-09T08:07:57.880+0000] {taskinstance.py:2613} INFO - Dependencies all met for dep_context=requeueable deps ti=<TaskInstance: Extract_CSV_and_DB_data.run_meltano_script_db manual__2025-02-09T08:07:47.002618+00:00 [queued]>
[2025-02-09T08:07:57.881+0000] {taskinstance.py:2866} INFO - Starting attempt 1 of 2
[2025-02-09T08:07:58.128+0000] {taskinstance.py:2889} INFO - Executing <Task(PythonOperator): run_meltano_script_db> on 2025-02-09 08:07:47.002618+00:00
[2025-02-09T08:07:58.140+0000] {warnings.py:112} WARNING - /home/***/.local/lib/python3.12/site-packages/***/task/task_runner/standard_task_runner.py:70: DeprecationWarning: This process (pid=117) is multi-threaded, use of fork() may lead to deadlocks in the child.
  pid = os.fork()

[2025-02-09T08:07:58.143+0000] {standard_task_runner.py:72} INFO - Started process 119 to run task
[2025-02-09T08:07:58.144+0000] {standard_task_runner.py:104} INFO - Running: ['***', 'tasks', 'run', 'Extract_CSV_and_DB_data', 'run_meltano_script_db', 'manual__2025-02-09T08:07:47.002618+00:00', '--job-id', '6', '--raw', '--subdir', 'DAGS_FOLDER/connectBD_to_extract.py', '--cfg-path', '/tmp/tmp66kshse7']
[2025-02-09T08:07:58.146+0000] {standard_task_runner.py:105} INFO - Job 6: Subtask run_meltano_script_db
[2025-02-09T08:07:58.226+0000] {task_command.py:467} INFO - Running <TaskInstance: Extract_CSV_and_DB_data.run_meltano_script_db manual__2025-02-09T08:07:47.002618+00:00 [running]> on host 7c8ac1b5db8f
[2025-02-09T08:07:58.355+0000] {taskinstance.py:3132} INFO - Exporting env vars: AIRFLOW_CTX_DAG_OWNER='***' AIRFLOW_CTX_DAG_ID='Extract_CSV_and_DB_data' AIRFLOW_CTX_TASK_ID='run_meltano_script_db' AIRFLOW_CTX_EXECUTION_DATE='2025-02-09T08:07:47.002618+00:00' AIRFLOW_CTX_TRY_NUMBER='1' AIRFLOW_CTX_DAG_RUN_ID='manual__2025-02-09T08:07:47.002618+00:00'
[2025-02-09T08:07:58.358+0000] {logging_mixin.py:190} INFO - Task instance is in running state
[2025-02-09T08:07:58.359+0000] {logging_mixin.py:190} INFO -  Previous state of the Task instance: queued
[2025-02-09T08:07:58.360+0000] {logging_mixin.py:190} INFO - Current task name:run_meltano_script_db state:running start_date:2025-02-09 08:07:57.864875+00:00
[2025-02-09T08:07:58.360+0000] {logging_mixin.py:190} INFO - Dag name:Extract_CSV_and_DB_data and current dag run status:running
[2025-02-09T08:07:58.361+0000] {taskinstance.py:731} INFO - ::endgroup::
[2025-02-09T08:07:58.675+0000] {python.py:240} INFO - Done. Returned value was: None
[2025-02-09T08:07:58.694+0000] {taskinstance.py:340} INFO - ::group::Post task execution logs
[2025-02-09T08:07:58.695+0000] {taskinstance.py:352} INFO - Marking task as SUCCESS. dag_id=Extract_CSV_and_DB_data, task_id=run_meltano_script_db, run_id=manual__2025-02-09T08:07:47.002618+00:00, execution_date=20250209T080747, start_date=20250209T080757, end_date=20250209T080758
[2025-02-09T08:07:58.712+0000] {logging_mixin.py:190} INFO - Task instance in success state
[2025-02-09T08:07:58.713+0000] {logging_mixin.py:190} INFO -  Previous state of the Task instance: running
[2025-02-09T08:07:58.714+0000] {logging_mixin.py:190} INFO - Dag name:Extract_CSV_and_DB_data queued_at:2025-02-09 08:07:47.021980+00:00
[2025-02-09T08:07:58.715+0000] {logging_mixin.py:190} INFO - Task hostname:7c8ac1b5db8f operator:PythonOperator
[2025-02-09T08:07:58.730+0000] {local_task_job_runner.py:266} INFO - Task exited with return code 0
[2025-02-09T08:07:58.756+0000] {taskinstance.py:3895} INFO - 0 downstream tasks scheduled from follow-on schedule check
[2025-02-09T08:07:58.759+0000] {local_task_job_runner.py:245} INFO - ::endgroup::
