[2025-02-09T19:09:44.888+0000] {local_task_job_runner.py:123} INFO - ::group::Pre task execution logs
[2025-02-09T19:09:44.911+0000] {taskinstance.py:2613} INFO - Dependencies all met for dep_context=non-requeueable deps ti=<TaskInstance: extract_postgres_and_csv_data.run_load_data_script manual__2025-02-09T19:09:29.006249+00:00 [queued]>
[2025-02-09T19:09:44.922+0000] {taskinstance.py:2613} INFO - Dependencies all met for dep_context=requeueable deps ti=<TaskInstance: extract_postgres_and_csv_data.run_load_data_script manual__2025-02-09T19:09:29.006249+00:00 [queued]>
[2025-02-09T19:09:44.924+0000] {taskinstance.py:2866} INFO - Starting attempt 1 of 2
[2025-02-09T19:09:45.113+0000] {taskinstance.py:2889} INFO - Executing <Task(BashOperator): run_load_data_script> on 2025-02-09 19:09:29.006249+00:00
[2025-02-09T19:09:45.125+0000] {warnings.py:112} WARNING - /home/***/.local/lib/python3.12/site-packages/***/task/task_runner/standard_task_runner.py:70: DeprecationWarning: This process (pid=405) is multi-threaded, use of fork() may lead to deadlocks in the child.
  pid = os.fork()

[2025-02-09T19:09:45.128+0000] {standard_task_runner.py:72} INFO - Started process 407 to run task
[2025-02-09T19:09:45.128+0000] {standard_task_runner.py:104} INFO - Running: ['***', 'tasks', 'run', 'extract_postgres_and_csv_data', 'run_load_data_script', 'manual__2025-02-09T19:09:29.006249+00:00', '--job-id', '309', '--raw', '--subdir', 'DAGS_FOLDER/extract_postgres_and_csv_data.py', '--cfg-path', '/tmp/tmpv8d8d7lx']
[2025-02-09T19:09:45.130+0000] {standard_task_runner.py:105} INFO - Job 309: Subtask run_load_data_script
[2025-02-09T19:09:45.195+0000] {task_command.py:467} INFO - Running <TaskInstance: extract_postgres_and_csv_data.run_load_data_script manual__2025-02-09T19:09:29.006249+00:00 [running]> on host 58bc83bc12fd
[2025-02-09T19:09:45.314+0000] {taskinstance.py:3132} INFO - Exporting env vars: AIRFLOW_CTX_DAG_OWNER='***' AIRFLOW_CTX_DAG_ID='extract_postgres_and_csv_data' AIRFLOW_CTX_TASK_ID='run_load_data_script' AIRFLOW_CTX_EXECUTION_DATE='2025-02-09T19:09:29.006249+00:00' AIRFLOW_CTX_TRY_NUMBER='1' AIRFLOW_CTX_DAG_RUN_ID='manual__2025-02-09T19:09:29.006249+00:00'
[2025-02-09T19:09:45.316+0000] {logging_mixin.py:190} INFO - Task instance is in running state
[2025-02-09T19:09:45.317+0000] {logging_mixin.py:190} INFO -  Previous state of the Task instance: queued
[2025-02-09T19:09:45.317+0000] {logging_mixin.py:190} INFO - Current task name:run_load_data_script state:running start_date:2025-02-09 19:09:44.912548+00:00
[2025-02-09T19:09:45.318+0000] {logging_mixin.py:190} INFO - Dag name:extract_postgres_and_csv_data and current dag run status:running
[2025-02-09T19:09:45.319+0000] {taskinstance.py:731} INFO - ::endgroup::
[2025-02-09T19:09:45.321+0000] {subprocess.py:78} INFO - Tmp dir root location: /tmp
[2025-02-09T19:09:45.324+0000] {subprocess.py:88} INFO - Running command: ['/usr/bin/bash', '-c', 'python /opt/***/meltano/meltano_project/load/load_data_csv_for_db.py']
[2025-02-09T19:09:45.343+0000] {subprocess.py:99} INFO - Output:
[2025-02-09T19:09:48.221+0000] {subprocess.py:106} INFO - Conexão bem-sucedida ao banco de dados!
[2025-02-09T19:09:48.222+0000] {subprocess.py:106} INFO - Tabela 'order_details' criada com sucesso!
[2025-02-09T19:09:48.223+0000] {subprocess.py:106} INFO - Carregando dados do arquivo: /opt/***/meltano/data/csv/2025-02-09/order_details.csv
[2025-02-09T19:09:48.224+0000] {subprocess.py:106} INFO - Conexão bem-sucedida ao banco de dados!
[2025-02-09T19:09:48.225+0000] {subprocess.py:106} INFO - Dados inseridos com sucesso!
[2025-02-09T19:09:48.225+0000] {subprocess.py:106} INFO - Conexão bem-sucedida ao banco de dados!
[2025-02-09T19:09:48.226+0000] {subprocess.py:106} INFO - Executou query
[2025-02-09T19:09:48.227+0000] {subprocess.py:106} INFO - Erro ao buscar dados: No module named 'openpyxl'
[2025-02-09T19:09:48.543+0000] {subprocess.py:110} INFO - Command exited with return code 0
[2025-02-09T19:09:48.590+0000] {taskinstance.py:340} INFO - ::group::Post task execution logs
[2025-02-09T19:09:48.592+0000] {taskinstance.py:352} INFO - Marking task as SUCCESS. dag_id=extract_postgres_and_csv_data, task_id=run_load_data_script, run_id=manual__2025-02-09T19:09:29.006249+00:00, execution_date=20250209T190929, start_date=20250209T190944, end_date=20250209T190948
[2025-02-09T19:09:48.611+0000] {logging_mixin.py:190} INFO - Task instance in success state
[2025-02-09T19:09:48.612+0000] {logging_mixin.py:190} INFO -  Previous state of the Task instance: running
[2025-02-09T19:09:48.612+0000] {logging_mixin.py:190} INFO - Dag name:extract_postgres_and_csv_data queued_at:2025-02-09 19:09:29.048219+00:00
[2025-02-09T19:09:48.613+0000] {logging_mixin.py:190} INFO - Task hostname:58bc83bc12fd operator:BashOperator
[2025-02-09T19:09:48.657+0000] {local_task_job_runner.py:266} INFO - Task exited with return code 0
[2025-02-09T19:09:48.684+0000] {taskinstance.py:3895} INFO - 0 downstream tasks scheduled from follow-on schedule check
[2025-02-09T19:09:48.687+0000] {local_task_job_runner.py:245} INFO - ::endgroup::
