[2025-02-07T01:01:46.728+0000] {local_task_job_runner.py:123} INFO - ::group::Pre task execution logs
[2025-02-07T01:01:46.756+0000] {taskinstance.py:2613} INFO - Dependencies all met for dep_context=non-requeueable deps ti=<TaskInstance: Execute_db_conection.run_meltano_script manual__2025-02-07T00:56:17.293094+00:00 [queued]>
[2025-02-07T01:01:46.773+0000] {taskinstance.py:2613} INFO - Dependencies all met for dep_context=requeueable deps ti=<TaskInstance: Execute_db_conection.run_meltano_script manual__2025-02-07T00:56:17.293094+00:00 [queued]>
[2025-02-07T01:01:46.774+0000] {taskinstance.py:2866} INFO - Starting attempt 2 of 2
[2025-02-07T01:01:47.053+0000] {taskinstance.py:2889} INFO - Executing <Task(PythonOperator): run_meltano_script> on 2025-02-07 00:56:17.293094+00:00
[2025-02-07T01:01:47.069+0000] {warnings.py:112} WARNING - /home/***/.local/lib/python3.12/site-packages/***/task/task_runner/standard_task_runner.py:70: DeprecationWarning: This process (pid=174) is multi-threaded, use of fork() may lead to deadlocks in the child.
  pid = os.fork()

[2025-02-07T01:01:47.074+0000] {standard_task_runner.py:72} INFO - Started process 176 to run task
[2025-02-07T01:01:47.075+0000] {standard_task_runner.py:104} INFO - Running: ['***', 'tasks', 'run', 'Execute_db_conection', 'run_meltano_script', 'manual__2025-02-07T00:56:17.293094+00:00', '--job-id', '142', '--raw', '--subdir', 'DAGS_FOLDER/connectBD_to_extract.py', '--cfg-path', '/tmp/tmp35njf40g']
[2025-02-07T01:01:47.079+0000] {standard_task_runner.py:105} INFO - Job 142: Subtask run_meltano_script
[2025-02-07T01:01:47.183+0000] {task_command.py:467} INFO - Running <TaskInstance: Execute_db_conection.run_meltano_script manual__2025-02-07T00:56:17.293094+00:00 [running]> on host 51e531aa6e58
[2025-02-07T01:01:47.374+0000] {taskinstance.py:3132} INFO - Exporting env vars: AIRFLOW_CTX_DAG_OWNER='***' AIRFLOW_CTX_DAG_ID='Execute_db_conection' AIRFLOW_CTX_TASK_ID='run_meltano_script' AIRFLOW_CTX_EXECUTION_DATE='2025-02-07T00:56:17.293094+00:00' AIRFLOW_CTX_TRY_NUMBER='2' AIRFLOW_CTX_DAG_RUN_ID='manual__2025-02-07T00:56:17.293094+00:00'
[2025-02-07T01:01:47.376+0000] {logging_mixin.py:190} INFO - Task instance is in running state
[2025-02-07T01:01:47.377+0000] {logging_mixin.py:190} INFO -  Previous state of the Task instance: queued
[2025-02-07T01:01:47.379+0000] {logging_mixin.py:190} INFO - Current task name:run_meltano_script state:running start_date:2025-02-07 01:01:46.761284+00:00
[2025-02-07T01:01:47.380+0000] {logging_mixin.py:190} INFO - Dag name:Execute_db_conection and current dag run status:running
[2025-02-07T01:01:47.382+0000] {taskinstance.py:731} INFO - ::endgroup::
[2025-02-07T01:01:47.818+0000] {python.py:240} INFO - Done. Returned value was: None
[2025-02-07T01:01:47.843+0000] {taskinstance.py:340} INFO - ::group::Post task execution logs
[2025-02-07T01:01:47.845+0000] {taskinstance.py:352} INFO - Marking task as SUCCESS. dag_id=Execute_db_conection, task_id=run_meltano_script, run_id=manual__2025-02-07T00:56:17.293094+00:00, execution_date=20250207T005617, start_date=20250207T010146, end_date=20250207T010147
[2025-02-07T01:01:47.879+0000] {logging_mixin.py:190} INFO - Task instance in success state
[2025-02-07T01:01:47.880+0000] {logging_mixin.py:190} INFO -  Previous state of the Task instance: running
[2025-02-07T01:01:47.883+0000] {logging_mixin.py:190} INFO - Dag name:Execute_db_conection queued_at:2025-02-07 00:56:17.355639+00:00
[2025-02-07T01:01:47.884+0000] {logging_mixin.py:190} INFO - Task hostname:51e531aa6e58 operator:PythonOperator
[2025-02-07T01:01:47.939+0000] {local_task_job_runner.py:266} INFO - Task exited with return code 0
[2025-02-07T01:01:47.984+0000] {taskinstance.py:3895} INFO - 0 downstream tasks scheduled from follow-on schedule check
[2025-02-07T01:01:47.994+0000] {local_task_job_runner.py:245} INFO - ::endgroup::
