[2025-02-09T15:11:38.481+0000] {local_task_job_runner.py:123} INFO - ::group::Pre task execution logs
[2025-02-09T15:11:38.504+0000] {taskinstance.py:2613} INFO - Dependencies all met for dep_context=non-requeueable deps ti=<TaskInstance: extract_postgres_and_csv_data.run_meltano_script_csv manual__2025-02-09T15:09:40.814819+00:00 [queued]>
[2025-02-09T15:11:38.518+0000] {taskinstance.py:2613} INFO - Dependencies all met for dep_context=requeueable deps ti=<TaskInstance: extract_postgres_and_csv_data.run_meltano_script_csv manual__2025-02-09T15:09:40.814819+00:00 [queued]>
[2025-02-09T15:11:38.519+0000] {taskinstance.py:2866} INFO - Starting attempt 2 of 2
[2025-02-09T15:11:38.540+0000] {taskinstance.py:2889} INFO - Executing <Task(PythonOperator): run_meltano_script_csv> on 2025-02-09 15:09:40.814819+00:00
[2025-02-09T15:11:38.550+0000] {warnings.py:112} WARNING - /home/***/.local/lib/python3.12/site-packages/***/task/task_runner/standard_task_runner.py:70: DeprecationWarning: This process (pid=1985) is multi-threaded, use of fork() may lead to deadlocks in the child.
  pid = os.fork()

[2025-02-09T15:11:38.553+0000] {standard_task_runner.py:72} INFO - Started process 1987 to run task
[2025-02-09T15:11:38.553+0000] {standard_task_runner.py:104} INFO - Running: ['***', 'tasks', 'run', 'extract_postgres_and_csv_data', 'run_meltano_script_csv', 'manual__2025-02-09T15:09:40.814819+00:00', '--job-id', '130', '--raw', '--subdir', 'DAGS_FOLDER/extract_postgres_and_csv_data.py', '--cfg-path', '/tmp/tmp57eq0o81']
[2025-02-09T15:11:38.555+0000] {standard_task_runner.py:105} INFO - Job 130: Subtask run_meltano_script_csv
[2025-02-09T15:11:38.621+0000] {task_command.py:467} INFO - Running <TaskInstance: extract_postgres_and_csv_data.run_meltano_script_csv manual__2025-02-09T15:09:40.814819+00:00 [running]> on host 8c410daec8d3
[2025-02-09T15:11:39.005+0000] {taskinstance.py:3132} INFO - Exporting env vars: AIRFLOW_CTX_DAG_OWNER='***' AIRFLOW_CTX_DAG_ID='extract_postgres_and_csv_data' AIRFLOW_CTX_TASK_ID='run_meltano_script_csv' AIRFLOW_CTX_EXECUTION_DATE='2025-02-09T15:09:40.814819+00:00' AIRFLOW_CTX_TRY_NUMBER='2' AIRFLOW_CTX_DAG_RUN_ID='manual__2025-02-09T15:09:40.814819+00:00'
[2025-02-09T15:11:39.007+0000] {logging_mixin.py:190} INFO - Task instance is in running state
[2025-02-09T15:11:39.008+0000] {logging_mixin.py:190} INFO -  Previous state of the Task instance: queued
[2025-02-09T15:11:39.009+0000] {logging_mixin.py:190} INFO - Current task name:run_meltano_script_csv state:running start_date:2025-02-09 15:11:38.505501+00:00
[2025-02-09T15:11:39.010+0000] {logging_mixin.py:190} INFO - Dag name:extract_postgres_and_csv_data and current dag run status:running
[2025-02-09T15:11:39.011+0000] {taskinstance.py:731} INFO - ::endgroup::
[2025-02-09T15:11:39.322+0000] {python.py:240} INFO - Done. Returned value was: None
[2025-02-09T15:11:39.343+0000] {taskinstance.py:340} INFO - ::group::Post task execution logs
[2025-02-09T15:11:39.344+0000] {taskinstance.py:352} INFO - Marking task as SUCCESS. dag_id=extract_postgres_and_csv_data, task_id=run_meltano_script_csv, run_id=manual__2025-02-09T15:09:40.814819+00:00, execution_date=20250209T150940, start_date=20250209T151138, end_date=20250209T151139
[2025-02-09T15:11:39.364+0000] {logging_mixin.py:190} INFO - Task instance in success state
[2025-02-09T15:11:39.365+0000] {logging_mixin.py:190} INFO -  Previous state of the Task instance: running
[2025-02-09T15:11:39.366+0000] {logging_mixin.py:190} INFO - Dag name:extract_postgres_and_csv_data queued_at:2025-02-09 15:09:40.871172+00:00
[2025-02-09T15:11:39.367+0000] {logging_mixin.py:190} INFO - Task hostname:8c410daec8d3 operator:PythonOperator
[2025-02-09T15:11:39.417+0000] {local_task_job_runner.py:266} INFO - Task exited with return code 0
[2025-02-09T15:11:39.460+0000] {taskinstance.py:3895} INFO - 0 downstream tasks scheduled from follow-on schedule check
[2025-02-09T15:11:39.464+0000] {local_task_job_runner.py:245} INFO - ::endgroup::
