[2025-02-09T12:59:22.858+0000] {local_task_job_runner.py:123} INFO - ::group::Pre task execution logs
[2025-02-09T12:59:22.882+0000] {taskinstance.py:2613} INFO - Dependencies all met for dep_context=non-requeueable deps ti=<TaskInstance: extract_postgres_tables.extract_postgres_data manual__2025-02-09T12:59:07.822033+00:00 [queued]>
[2025-02-09T12:59:22.896+0000] {taskinstance.py:2613} INFO - Dependencies all met for dep_context=requeueable deps ti=<TaskInstance: extract_postgres_tables.extract_postgres_data manual__2025-02-09T12:59:07.822033+00:00 [queued]>
[2025-02-09T12:59:22.898+0000] {taskinstance.py:2866} INFO - Starting attempt 1 of 2
[2025-02-09T12:59:22.924+0000] {taskinstance.py:2889} INFO - Executing <Task(BashOperator): extract_postgres_data> on 2025-02-09 12:59:07.822033+00:00
[2025-02-09T12:59:22.938+0000] {warnings.py:112} WARNING - /home/***/.local/lib/python3.12/site-packages/***/task/task_runner/standard_task_runner.py:70: DeprecationWarning: This process (pid=83) is multi-threaded, use of fork() may lead to deadlocks in the child.
  pid = os.fork()

[2025-02-09T12:59:22.941+0000] {standard_task_runner.py:72} INFO - Started process 92 to run task
[2025-02-09T12:59:22.941+0000] {standard_task_runner.py:104} INFO - Running: ['***', 'tasks', 'run', 'extract_postgres_tables', 'extract_postgres_data', 'manual__2025-02-09T12:59:07.822033+00:00', '--job-id', '83', '--raw', '--subdir', 'DAGS_FOLDER/Extract_DB_data.py', '--cfg-path', '/tmp/tmp4rsfnt9k']
[2025-02-09T12:59:22.945+0000] {standard_task_runner.py:105} INFO - Job 83: Subtask extract_postgres_data
[2025-02-09T12:59:23.419+0000] {task_command.py:467} INFO - Running <TaskInstance: extract_postgres_tables.extract_postgres_data manual__2025-02-09T12:59:07.822033+00:00 [running]> on host 8c410daec8d3
[2025-02-09T12:59:23.622+0000] {taskinstance.py:3132} INFO - Exporting env vars: AIRFLOW_CTX_DAG_OWNER='***' AIRFLOW_CTX_DAG_ID='extract_postgres_tables' AIRFLOW_CTX_TASK_ID='extract_postgres_data' AIRFLOW_CTX_EXECUTION_DATE='2025-02-09T12:59:07.822033+00:00' AIRFLOW_CTX_TRY_NUMBER='1' AIRFLOW_CTX_DAG_RUN_ID='manual__2025-02-09T12:59:07.822033+00:00'
[2025-02-09T12:59:23.623+0000] {logging_mixin.py:190} INFO - Task instance is in running state
[2025-02-09T12:59:23.624+0000] {logging_mixin.py:190} INFO -  Previous state of the Task instance: queued
[2025-02-09T12:59:23.625+0000] {logging_mixin.py:190} INFO - Current task name:extract_postgres_data state:running start_date:2025-02-09 12:59:22.883928+00:00
[2025-02-09T12:59:23.626+0000] {logging_mixin.py:190} INFO - Dag name:extract_postgres_tables and current dag run status:running
[2025-02-09T12:59:23.627+0000] {taskinstance.py:731} INFO - ::endgroup::
[2025-02-09T12:59:23.628+0000] {subprocess.py:78} INFO - Tmp dir root location: /tmp
[2025-02-09T12:59:23.629+0000] {subprocess.py:88} INFO - Running command: ['/usr/bin/bash', '-c', 'python /opt/***/meltano/meltano_project/transform/extract_data_db.py']
[2025-02-09T12:59:23.653+0000] {subprocess.py:99} INFO - Output:
[2025-02-09T12:59:24.318+0000] {subprocess.py:106} INFO - ✅ Dados extraídos: /mnt/c/data/postgres/categories/2025-02-09/categories.csv
[2025-02-09T12:59:24.320+0000] {subprocess.py:106} INFO - ✅ Dados extraídos: /mnt/c/data/postgres/products/2025-02-09/products.csv
[2025-02-09T12:59:24.340+0000] {subprocess.py:110} INFO - Command exited with return code 0
[2025-02-09T12:59:24.385+0000] {taskinstance.py:340} INFO - ::group::Post task execution logs
[2025-02-09T12:59:24.386+0000] {taskinstance.py:352} INFO - Marking task as SUCCESS. dag_id=extract_postgres_tables, task_id=extract_postgres_data, run_id=manual__2025-02-09T12:59:07.822033+00:00, execution_date=20250209T125907, start_date=20250209T125922, end_date=20250209T125924
[2025-02-09T12:59:24.406+0000] {logging_mixin.py:190} INFO - Task instance in success state
[2025-02-09T12:59:24.407+0000] {logging_mixin.py:190} INFO -  Previous state of the Task instance: running
[2025-02-09T12:59:24.408+0000] {logging_mixin.py:190} INFO - Dag name:extract_postgres_tables queued_at:2025-02-09 12:59:07.842619+00:00
[2025-02-09T12:59:24.409+0000] {logging_mixin.py:190} INFO - Task hostname:8c410daec8d3 operator:BashOperator
[2025-02-09T12:59:24.466+0000] {local_task_job_runner.py:266} INFO - Task exited with return code 0
[2025-02-09T12:59:24.723+0000] {taskinstance.py:3895} INFO - 0 downstream tasks scheduled from follow-on schedule check
[2025-02-09T12:59:24.727+0000] {local_task_job_runner.py:245} INFO - ::endgroup::
