[2025-02-09T18:14:02.060+0000] {local_task_job_runner.py:123} INFO - ::group::Pre task execution logs
[2025-02-09T18:14:02.092+0000] {taskinstance.py:2613} INFO - Dependencies all met for dep_context=non-requeueable deps ti=<TaskInstance: extract_postgres_and_csv_data.run_load_data_script manual__2025-02-09T18:13:49.811390+00:00 [queued]>
[2025-02-09T18:14:02.108+0000] {taskinstance.py:2613} INFO - Dependencies all met for dep_context=requeueable deps ti=<TaskInstance: extract_postgres_and_csv_data.run_load_data_script manual__2025-02-09T18:13:49.811390+00:00 [queued]>
[2025-02-09T18:14:02.109+0000] {taskinstance.py:2866} INFO - Starting attempt 1 of 2
[2025-02-09T18:14:01.893+0000] {taskinstance.py:2889} INFO - Executing <Task(BashOperator): run_load_data_script> on 2025-02-09 18:13:49.811390+00:00
[2025-02-09T18:14:01.903+0000] {warnings.py:112} WARNING - /home/***/.local/lib/python3.12/site-packages/***/task/task_runner/standard_task_runner.py:70: DeprecationWarning: This process (pid=524) is multi-threaded, use of fork() may lead to deadlocks in the child.
  pid = os.fork()

[2025-02-09T18:14:01.906+0000] {standard_task_runner.py:72} INFO - Started process 526 to run task
[2025-02-09T18:14:01.908+0000] {standard_task_runner.py:104} INFO - Running: ['***', 'tasks', 'run', 'extract_postgres_and_csv_data', 'run_load_data_script', 'manual__2025-02-09T18:13:49.811390+00:00', '--job-id', '235', '--raw', '--subdir', 'DAGS_FOLDER/extract_postgres_and_csv_data.py', '--cfg-path', '/tmp/tmpu2ufs85x']
[2025-02-09T18:14:01.910+0000] {standard_task_runner.py:105} INFO - Job 235: Subtask run_load_data_script
[2025-02-09T18:14:01.500+0000] {task_command.py:467} INFO - Running <TaskInstance: extract_postgres_and_csv_data.run_load_data_script manual__2025-02-09T18:13:49.811390+00:00 [running]> on host 58bc83bc12fd
[2025-02-09T18:14:01.698+0000] {taskinstance.py:3132} INFO - Exporting env vars: AIRFLOW_CTX_DAG_OWNER='***' AIRFLOW_CTX_DAG_ID='extract_postgres_and_csv_data' AIRFLOW_CTX_TASK_ID='run_load_data_script' AIRFLOW_CTX_EXECUTION_DATE='2025-02-09T18:13:49.811390+00:00' AIRFLOW_CTX_TRY_NUMBER='1' AIRFLOW_CTX_DAG_RUN_ID='manual__2025-02-09T18:13:49.811390+00:00'
[2025-02-09T18:14:01.702+0000] {logging_mixin.py:190} INFO - Task instance is in running state
[2025-02-09T18:14:01.703+0000] {logging_mixin.py:190} INFO -  Previous state of the Task instance: queued
[2025-02-09T18:14:01.704+0000] {logging_mixin.py:190} INFO - Current task name:run_load_data_script state:running start_date:2025-02-09 18:14:02.093628+00:00
[2025-02-09T18:14:01.704+0000] {logging_mixin.py:190} INFO - Dag name:extract_postgres_and_csv_data and current dag run status:running
[2025-02-09T18:14:01.705+0000] {taskinstance.py:731} INFO - ::endgroup::
[2025-02-09T18:14:01.707+0000] {subprocess.py:78} INFO - Tmp dir root location: /tmp
[2025-02-09T18:14:01.710+0000] {subprocess.py:88} INFO - Running command: ['/usr/bin/bash', '-c', 'python /opt/***/meltano/meltano_project/load/load_data_csv_for_db.py']
[2025-02-09T18:14:01.735+0000] {subprocess.py:99} INFO - Output:
[2025-02-09T18:14:05.382+0000] {subprocess.py:106} INFO - Conexão bem-sucedida ao banco de dados!
[2025-02-09T18:14:05.383+0000] {subprocess.py:106} INFO - Tabela 'order_details' criada com sucesso!
[2025-02-09T18:14:05.384+0000] {subprocess.py:106} INFO - Carregando dados do arquivo: /opt/***/meltano/data/csv/2025-02-09/order_details.csv
[2025-02-09T18:14:05.384+0000] {subprocess.py:106} INFO - Conexão bem-sucedida ao banco de dados!
[2025-02-09T18:14:05.385+0000] {subprocess.py:106} INFO - Dados inseridos com sucesso!
[2025-02-09T18:14:05.386+0000] {subprocess.py:106} INFO - Conexão bem-sucedida ao banco de dados!
[2025-02-09T18:14:05.386+0000] {subprocess.py:106} INFO - Erro ao buscar dados: No module named 'openpyxl'
[2025-02-09T18:14:05.485+0000] {subprocess.py:110} INFO - Command exited with return code 0
[2025-02-09T18:14:05.524+0000] {taskinstance.py:340} INFO - ::group::Post task execution logs
[2025-02-09T18:14:05.525+0000] {taskinstance.py:352} INFO - Marking task as SUCCESS. dag_id=extract_postgres_and_csv_data, task_id=run_load_data_script, run_id=manual__2025-02-09T18:13:49.811390+00:00, execution_date=20250209T181349, start_date=20250209T181402, end_date=20250209T181405
[2025-02-09T18:14:05.540+0000] {logging_mixin.py:190} INFO - Task instance in success state
[2025-02-09T18:14:05.541+0000] {logging_mixin.py:190} INFO -  Previous state of the Task instance: running
[2025-02-09T18:14:05.542+0000] {logging_mixin.py:190} INFO - Dag name:extract_postgres_and_csv_data queued_at:2025-02-09 18:13:49.825960+00:00
[2025-02-09T18:14:05.543+0000] {logging_mixin.py:190} INFO - Task hostname:58bc83bc12fd operator:BashOperator
[2025-02-09T18:14:05.571+0000] {local_task_job_runner.py:266} INFO - Task exited with return code 0
[2025-02-09T18:14:05.593+0000] {taskinstance.py:3895} INFO - 0 downstream tasks scheduled from follow-on schedule check
[2025-02-09T18:14:05.596+0000] {local_task_job_runner.py:245} INFO - ::endgroup::
