[2025-02-09T14:33:17.637+0000] {local_task_job_runner.py:123} INFO - ::group::Pre task execution logs
[2025-02-09T14:33:17.666+0000] {taskinstance.py:2613} INFO - Dependencies all met for dep_context=non-requeueable deps ti=<TaskInstance: Load_CSV_to_Postgres.wait_for_extract manual__2025-02-09T14:33:14.271358+00:00 [queued]>
[2025-02-09T14:33:17.680+0000] {taskinstance.py:2613} INFO - Dependencies all met for dep_context=requeueable deps ti=<TaskInstance: Load_CSV_to_Postgres.wait_for_extract manual__2025-02-09T14:33:14.271358+00:00 [queued]>
[2025-02-09T14:33:17.681+0000] {taskinstance.py:2866} INFO - Starting attempt 1 of 2
[2025-02-09T14:33:17.705+0000] {taskinstance.py:2889} INFO - Executing <Task(ExternalTaskSensor): wait_for_extract> on 2025-02-09 14:33:14.271358+00:00
[2025-02-09T14:33:17.715+0000] {warnings.py:112} WARNING - /home/***/.local/lib/python3.12/site-packages/***/task/task_runner/standard_task_runner.py:70: DeprecationWarning: This process (pid=1390) is multi-threaded, use of fork() may lead to deadlocks in the child.
  pid = os.fork()

[2025-02-09T14:33:17.718+0000] {standard_task_runner.py:72} INFO - Started process 1392 to run task
[2025-02-09T14:33:17.719+0000] {standard_task_runner.py:104} INFO - Running: ['***', 'tasks', 'run', 'Load_CSV_to_Postgres', 'wait_for_extract', 'manual__2025-02-09T14:33:14.271358+00:00', '--job-id', '106', '--raw', '--subdir', 'DAGS_FOLDER/Load_CSV_to_Postgres.py', '--cfg-path', '/tmp/tmpwp2p0l3m']
[2025-02-09T14:33:17.721+0000] {standard_task_runner.py:105} INFO - Job 106: Subtask wait_for_extract
[2025-02-09T14:33:18.233+0000] {task_command.py:467} INFO - Running <TaskInstance: Load_CSV_to_Postgres.wait_for_extract manual__2025-02-09T14:33:14.271358+00:00 [running]> on host 8c410daec8d3
[2025-02-09T14:33:18.363+0000] {taskinstance.py:3132} INFO - Exporting env vars: AIRFLOW_CTX_DAG_OWNER='***' AIRFLOW_CTX_DAG_ID='Load_CSV_to_Postgres' AIRFLOW_CTX_TASK_ID='wait_for_extract' AIRFLOW_CTX_EXECUTION_DATE='2025-02-09T14:33:14.271358+00:00' AIRFLOW_CTX_TRY_NUMBER='1' AIRFLOW_CTX_DAG_RUN_ID='manual__2025-02-09T14:33:14.271358+00:00'
[2025-02-09T14:33:18.364+0000] {logging_mixin.py:190} INFO - Task instance is in running state
[2025-02-09T14:33:18.365+0000] {logging_mixin.py:190} INFO -  Previous state of the Task instance: queued
[2025-02-09T14:33:18.366+0000] {logging_mixin.py:190} INFO - Current task name:wait_for_extract state:running start_date:2025-02-09 14:33:17.667373+00:00
[2025-02-09T14:33:18.367+0000] {logging_mixin.py:190} INFO - Dag name:Load_CSV_to_Postgres and current dag run status:running
[2025-02-09T14:33:18.368+0000] {taskinstance.py:731} INFO - ::endgroup::
[2025-02-09T14:33:18.369+0000] {baseoperator.py:421} WARNING - ExternalTaskSensor.execute cannot be called outside TaskInstance!
[2025-02-09T14:33:18.382+0000] {external_task.py:258} INFO - Poking for tasks ['extract_postgres_data'] in dag extract_postgres_and_csv_data on 2025-02-09T14:33:14.271358+00:00 ... 
[2025-02-09T14:33:18.383+0000] {warnings.py:112} WARNING - /home/***/.local/lib/python3.12/site-packages/***/utils/session.py:97: DeprecationWarning: This method is deprecated and will be removed in future.
  return func(*args, session=session, **kwargs)

[2025-02-09T14:33:18.427+0000] {taskinstance.py:309} INFO - Rescheduling task, marking task as UP_FOR_RESCHEDULE
[2025-02-09T14:33:18.428+0000] {taskinstance.py:340} INFO - ::group::Post task execution logs
[2025-02-09T14:33:18.467+0000] {local_task_job_runner.py:266} INFO - Task exited with return code 0
[2025-02-09T14:33:17.845+0000] {taskinstance.py:3895} INFO - 0 downstream tasks scheduled from follow-on schedule check
[2025-02-09T14:33:17.848+0000] {local_task_job_runner.py:245} INFO - ::endgroup::
[2025-02-09T14:34:21.271+0000] {local_task_job_runner.py:123} INFO - ::group::Pre task execution logs
[2025-02-09T14:34:21.295+0000] {taskinstance.py:2613} INFO - Dependencies all met for dep_context=non-requeueable deps ti=<TaskInstance: Load_CSV_to_Postgres.wait_for_extract manual__2025-02-09T14:33:14.271358+00:00 [queued]>
[2025-02-09T14:34:21.306+0000] {taskinstance.py:2613} INFO - Dependencies all met for dep_context=requeueable deps ti=<TaskInstance: Load_CSV_to_Postgres.wait_for_extract manual__2025-02-09T14:33:14.271358+00:00 [queued]>
[2025-02-09T14:34:21.307+0000] {taskinstance.py:2866} INFO - Starting attempt 1 of 2
[2025-02-09T14:34:21.327+0000] {taskinstance.py:2889} INFO - Executing <Task(ExternalTaskSensor): wait_for_extract> on 2025-02-09 14:33:14.271358+00:00
[2025-02-09T14:34:21.337+0000] {warnings.py:112} WARNING - /home/***/.local/lib/python3.12/site-packages/***/task/task_runner/standard_task_runner.py:70: DeprecationWarning: This process (pid=1412) is multi-threaded, use of fork() may lead to deadlocks in the child.
  pid = os.fork()

[2025-02-09T14:34:21.340+0000] {standard_task_runner.py:104} INFO - Running: ['***', 'tasks', 'run', 'Load_CSV_to_Postgres', 'wait_for_extract', 'manual__2025-02-09T14:33:14.271358+00:00', '--job-id', '108', '--raw', '--subdir', 'DAGS_FOLDER/Load_CSV_to_Postgres.py', '--cfg-path', '/tmp/tmpiph85rqp']
[2025-02-09T14:34:21.341+0000] {standard_task_runner.py:72} INFO - Started process 1414 to run task
[2025-02-09T14:34:21.342+0000] {standard_task_runner.py:105} INFO - Job 108: Subtask wait_for_extract
[2025-02-09T14:34:21.757+0000] {task_command.py:467} INFO - Running <TaskInstance: Load_CSV_to_Postgres.wait_for_extract manual__2025-02-09T14:33:14.271358+00:00 [running]> on host 8c410daec8d3
[2025-02-09T14:34:21.859+0000] {taskinstance.py:3132} INFO - Exporting env vars: AIRFLOW_CTX_DAG_OWNER='***' AIRFLOW_CTX_DAG_ID='Load_CSV_to_Postgres' AIRFLOW_CTX_TASK_ID='wait_for_extract' AIRFLOW_CTX_EXECUTION_DATE='2025-02-09T14:33:14.271358+00:00' AIRFLOW_CTX_TRY_NUMBER='1' AIRFLOW_CTX_DAG_RUN_ID='manual__2025-02-09T14:33:14.271358+00:00'
[2025-02-09T14:34:21.861+0000] {logging_mixin.py:190} INFO - Task instance is in running state
[2025-02-09T14:34:21.861+0000] {logging_mixin.py:190} INFO -  Previous state of the Task instance: queued
[2025-02-09T14:34:21.862+0000] {logging_mixin.py:190} INFO - Current task name:wait_for_extract state:running start_date:2025-02-09 14:34:21.296513+00:00
[2025-02-09T14:34:21.863+0000] {logging_mixin.py:190} INFO - Dag name:Load_CSV_to_Postgres and current dag run status:running
[2025-02-09T14:34:21.864+0000] {taskinstance.py:731} INFO - ::endgroup::
[2025-02-09T14:34:21.865+0000] {baseoperator.py:421} WARNING - ExternalTaskSensor.execute cannot be called outside TaskInstance!
[2025-02-09T14:34:21.876+0000] {external_task.py:258} INFO - Poking for tasks ['extract_postgres_data'] in dag extract_postgres_and_csv_data on 2025-02-09T14:33:14.271358+00:00 ... 
[2025-02-09T14:34:21.878+0000] {warnings.py:112} WARNING - /home/***/.local/lib/python3.12/site-packages/***/utils/session.py:97: DeprecationWarning: This method is deprecated and will be removed in future.
  return func(*args, session=session, **kwargs)

[2025-02-09T14:34:21.922+0000] {taskinstance.py:309} INFO - Rescheduling task, marking task as UP_FOR_RESCHEDULE
[2025-02-09T14:34:21.923+0000] {taskinstance.py:340} INFO - ::group::Post task execution logs
[2025-02-09T14:34:21.964+0000] {local_task_job_runner.py:266} INFO - Task exited with return code 0
[2025-02-09T14:34:22.172+0000] {taskinstance.py:3895} INFO - 0 downstream tasks scheduled from follow-on schedule check
[2025-02-09T14:34:22.181+0000] {local_task_job_runner.py:245} INFO - ::endgroup::
[2025-02-09T14:35:25.563+0000] {local_task_job_runner.py:123} INFO - ::group::Pre task execution logs
[2025-02-09T14:35:25.607+0000] {taskinstance.py:2613} INFO - Dependencies all met for dep_context=non-requeueable deps ti=<TaskInstance: Load_CSV_to_Postgres.wait_for_extract manual__2025-02-09T14:33:14.271358+00:00 [queued]>
[2025-02-09T14:35:25.626+0000] {taskinstance.py:2613} INFO - Dependencies all met for dep_context=requeueable deps ti=<TaskInstance: Load_CSV_to_Postgres.wait_for_extract manual__2025-02-09T14:33:14.271358+00:00 [queued]>
[2025-02-09T14:35:25.628+0000] {taskinstance.py:2866} INFO - Starting attempt 1 of 2
[2025-02-09T14:35:25.662+0000] {taskinstance.py:2889} INFO - Executing <Task(ExternalTaskSensor): wait_for_extract> on 2025-02-09 14:33:14.271358+00:00
[2025-02-09T14:35:25.675+0000] {warnings.py:112} WARNING - /home/***/.local/lib/python3.12/site-packages/***/task/task_runner/standard_task_runner.py:70: DeprecationWarning: This process (pid=1435) is multi-threaded, use of fork() may lead to deadlocks in the child.
  pid = os.fork()

[2025-02-09T14:35:25.680+0000] {standard_task_runner.py:72} INFO - Started process 1437 to run task
[2025-02-09T14:35:25.680+0000] {standard_task_runner.py:104} INFO - Running: ['***', 'tasks', 'run', 'Load_CSV_to_Postgres', 'wait_for_extract', 'manual__2025-02-09T14:33:14.271358+00:00', '--job-id', '110', '--raw', '--subdir', 'DAGS_FOLDER/Load_CSV_to_Postgres.py', '--cfg-path', '/tmp/tmpjyyn9neq']
[2025-02-09T14:35:25.683+0000] {standard_task_runner.py:105} INFO - Job 110: Subtask wait_for_extract
[2025-02-09T14:35:26.228+0000] {task_command.py:467} INFO - Running <TaskInstance: Load_CSV_to_Postgres.wait_for_extract manual__2025-02-09T14:33:14.271358+00:00 [running]> on host 8c410daec8d3
[2025-02-09T14:35:26.342+0000] {taskinstance.py:3132} INFO - Exporting env vars: AIRFLOW_CTX_DAG_OWNER='***' AIRFLOW_CTX_DAG_ID='Load_CSV_to_Postgres' AIRFLOW_CTX_TASK_ID='wait_for_extract' AIRFLOW_CTX_EXECUTION_DATE='2025-02-09T14:33:14.271358+00:00' AIRFLOW_CTX_TRY_NUMBER='1' AIRFLOW_CTX_DAG_RUN_ID='manual__2025-02-09T14:33:14.271358+00:00'
[2025-02-09T14:35:26.344+0000] {logging_mixin.py:190} INFO - Task instance is in running state
[2025-02-09T14:35:26.344+0000] {logging_mixin.py:190} INFO -  Previous state of the Task instance: queued
[2025-02-09T14:35:26.345+0000] {logging_mixin.py:190} INFO - Current task name:wait_for_extract state:running start_date:2025-02-09 14:35:25.609398+00:00
[2025-02-09T14:35:26.346+0000] {logging_mixin.py:190} INFO - Dag name:Load_CSV_to_Postgres and current dag run status:running
[2025-02-09T14:35:26.347+0000] {taskinstance.py:731} INFO - ::endgroup::
[2025-02-09T14:35:26.348+0000] {baseoperator.py:421} WARNING - ExternalTaskSensor.execute cannot be called outside TaskInstance!
[2025-02-09T14:35:26.360+0000] {external_task.py:258} INFO - Poking for tasks ['extract_postgres_data'] in dag extract_postgres_and_csv_data on 2025-02-09T14:33:14.271358+00:00 ... 
[2025-02-09T14:35:26.362+0000] {warnings.py:112} WARNING - /home/***/.local/lib/python3.12/site-packages/***/utils/session.py:97: DeprecationWarning: This method is deprecated and will be removed in future.
  return func(*args, session=session, **kwargs)

[2025-02-09T14:35:26.410+0000] {taskinstance.py:309} INFO - Rescheduling task, marking task as UP_FOR_RESCHEDULE
[2025-02-09T14:35:26.411+0000] {taskinstance.py:340} INFO - ::group::Post task execution logs
[2025-02-09T14:35:26.469+0000] {local_task_job_runner.py:266} INFO - Task exited with return code 0
[2025-02-09T14:35:26.721+0000] {taskinstance.py:3895} INFO - 0 downstream tasks scheduled from follow-on schedule check
[2025-02-09T14:35:26.730+0000] {local_task_job_runner.py:245} INFO - ::endgroup::
[2025-02-09T14:36:29.213+0000] {local_task_job_runner.py:123} INFO - ::group::Pre task execution logs
[2025-02-09T14:36:29.235+0000] {taskinstance.py:2613} INFO - Dependencies all met for dep_context=non-requeueable deps ti=<TaskInstance: Load_CSV_to_Postgres.wait_for_extract manual__2025-02-09T14:33:14.271358+00:00 [queued]>
[2025-02-09T14:36:29.244+0000] {taskinstance.py:2613} INFO - Dependencies all met for dep_context=requeueable deps ti=<TaskInstance: Load_CSV_to_Postgres.wait_for_extract manual__2025-02-09T14:33:14.271358+00:00 [queued]>
[2025-02-09T14:36:29.245+0000] {taskinstance.py:2866} INFO - Starting attempt 1 of 2
[2025-02-09T14:36:29.264+0000] {taskinstance.py:2889} INFO - Executing <Task(ExternalTaskSensor): wait_for_extract> on 2025-02-09 14:33:14.271358+00:00
[2025-02-09T14:36:29.272+0000] {warnings.py:112} WARNING - /home/***/.local/lib/python3.12/site-packages/***/task/task_runner/standard_task_runner.py:70: DeprecationWarning: This process (pid=1457) is multi-threaded, use of fork() may lead to deadlocks in the child.
  pid = os.fork()

[2025-02-09T14:36:29.274+0000] {standard_task_runner.py:72} INFO - Started process 1459 to run task
[2025-02-09T14:36:29.275+0000] {standard_task_runner.py:104} INFO - Running: ['***', 'tasks', 'run', 'Load_CSV_to_Postgres', 'wait_for_extract', 'manual__2025-02-09T14:33:14.271358+00:00', '--job-id', '112', '--raw', '--subdir', 'DAGS_FOLDER/Load_CSV_to_Postgres.py', '--cfg-path', '/tmp/tmpo3nkwdpy']
[2025-02-09T14:36:29.277+0000] {standard_task_runner.py:105} INFO - Job 112: Subtask wait_for_extract
[2025-02-09T14:36:29.604+0000] {task_command.py:467} INFO - Running <TaskInstance: Load_CSV_to_Postgres.wait_for_extract manual__2025-02-09T14:33:14.271358+00:00 [running]> on host 8c410daec8d3
[2025-02-09T14:36:29.706+0000] {taskinstance.py:3132} INFO - Exporting env vars: AIRFLOW_CTX_DAG_OWNER='***' AIRFLOW_CTX_DAG_ID='Load_CSV_to_Postgres' AIRFLOW_CTX_TASK_ID='wait_for_extract' AIRFLOW_CTX_EXECUTION_DATE='2025-02-09T14:33:14.271358+00:00' AIRFLOW_CTX_TRY_NUMBER='1' AIRFLOW_CTX_DAG_RUN_ID='manual__2025-02-09T14:33:14.271358+00:00'
[2025-02-09T14:36:29.708+0000] {logging_mixin.py:190} INFO - Task instance is in running state
[2025-02-09T14:36:29.709+0000] {logging_mixin.py:190} INFO -  Previous state of the Task instance: queued
[2025-02-09T14:36:29.709+0000] {logging_mixin.py:190} INFO - Current task name:wait_for_extract state:running start_date:2025-02-09 14:36:29.235921+00:00
[2025-02-09T14:36:29.710+0000] {logging_mixin.py:190} INFO - Dag name:Load_CSV_to_Postgres and current dag run status:running
[2025-02-09T14:36:29.711+0000] {taskinstance.py:731} INFO - ::endgroup::
[2025-02-09T14:36:29.712+0000] {baseoperator.py:421} WARNING - ExternalTaskSensor.execute cannot be called outside TaskInstance!
[2025-02-09T14:36:29.723+0000] {external_task.py:258} INFO - Poking for tasks ['extract_postgres_data'] in dag extract_postgres_and_csv_data on 2025-02-09T14:33:14.271358+00:00 ... 
[2025-02-09T14:36:29.724+0000] {warnings.py:112} WARNING - /home/***/.local/lib/python3.12/site-packages/***/utils/session.py:97: DeprecationWarning: This method is deprecated and will be removed in future.
  return func(*args, session=session, **kwargs)

[2025-02-09T14:36:29.762+0000] {taskinstance.py:309} INFO - Rescheduling task, marking task as UP_FOR_RESCHEDULE
[2025-02-09T14:36:29.763+0000] {taskinstance.py:340} INFO - ::group::Post task execution logs
[2025-02-09T14:36:29.780+0000] {local_task_job_runner.py:266} INFO - Task exited with return code 0
[2025-02-09T14:36:30.010+0000] {taskinstance.py:3895} INFO - 0 downstream tasks scheduled from follow-on schedule check
[2025-02-09T14:36:30.013+0000] {local_task_job_runner.py:245} INFO - ::endgroup::
[2025-02-09T14:37:33.106+0000] {local_task_job_runner.py:123} INFO - ::group::Pre task execution logs
[2025-02-09T14:37:33.137+0000] {taskinstance.py:2613} INFO - Dependencies all met for dep_context=non-requeueable deps ti=<TaskInstance: Load_CSV_to_Postgres.wait_for_extract manual__2025-02-09T14:33:14.271358+00:00 [queued]>
[2025-02-09T14:37:33.149+0000] {taskinstance.py:2613} INFO - Dependencies all met for dep_context=requeueable deps ti=<TaskInstance: Load_CSV_to_Postgres.wait_for_extract manual__2025-02-09T14:33:14.271358+00:00 [queued]>
[2025-02-09T14:37:33.149+0000] {taskinstance.py:2866} INFO - Starting attempt 1 of 2
[2025-02-09T14:37:33.173+0000] {taskinstance.py:2889} INFO - Executing <Task(ExternalTaskSensor): wait_for_extract> on 2025-02-09 14:33:14.271358+00:00
[2025-02-09T14:37:33.183+0000] {warnings.py:112} WARNING - /home/***/.local/lib/python3.12/site-packages/***/task/task_runner/standard_task_runner.py:70: DeprecationWarning: This process (pid=1472) is multi-threaded, use of fork() may lead to deadlocks in the child.
  pid = os.fork()

[2025-02-09T14:37:33.186+0000] {standard_task_runner.py:104} INFO - Running: ['***', 'tasks', 'run', 'Load_CSV_to_Postgres', 'wait_for_extract', 'manual__2025-02-09T14:33:14.271358+00:00', '--job-id', '114', '--raw', '--subdir', 'DAGS_FOLDER/Load_CSV_to_Postgres.py', '--cfg-path', '/tmp/tmpd295s3tr']
[2025-02-09T14:37:33.188+0000] {standard_task_runner.py:72} INFO - Started process 1482 to run task
[2025-02-09T14:37:33.188+0000] {standard_task_runner.py:105} INFO - Job 114: Subtask wait_for_extract
[2025-02-09T14:37:33.863+0000] {task_command.py:467} INFO - Running <TaskInstance: Load_CSV_to_Postgres.wait_for_extract manual__2025-02-09T14:33:14.271358+00:00 [running]> on host 8c410daec8d3
[2025-02-09T14:37:34.018+0000] {taskinstance.py:3132} INFO - Exporting env vars: AIRFLOW_CTX_DAG_OWNER='***' AIRFLOW_CTX_DAG_ID='Load_CSV_to_Postgres' AIRFLOW_CTX_TASK_ID='wait_for_extract' AIRFLOW_CTX_EXECUTION_DATE='2025-02-09T14:33:14.271358+00:00' AIRFLOW_CTX_TRY_NUMBER='1' AIRFLOW_CTX_DAG_RUN_ID='manual__2025-02-09T14:33:14.271358+00:00'
[2025-02-09T14:37:34.020+0000] {logging_mixin.py:190} INFO - Task instance is in running state
[2025-02-09T14:37:34.020+0000] {logging_mixin.py:190} INFO -  Previous state of the Task instance: queued
[2025-02-09T14:37:34.021+0000] {logging_mixin.py:190} INFO - Current task name:wait_for_extract state:running start_date:2025-02-09 14:37:33.138188+00:00
[2025-02-09T14:37:34.022+0000] {logging_mixin.py:190} INFO - Dag name:Load_CSV_to_Postgres and current dag run status:running
[2025-02-09T14:37:34.023+0000] {taskinstance.py:731} INFO - ::endgroup::
[2025-02-09T14:37:34.024+0000] {baseoperator.py:421} WARNING - ExternalTaskSensor.execute cannot be called outside TaskInstance!
[2025-02-09T14:37:34.044+0000] {external_task.py:258} INFO - Poking for tasks ['extract_postgres_data'] in dag extract_postgres_and_csv_data on 2025-02-09T14:33:14.271358+00:00 ... 
[2025-02-09T14:37:34.046+0000] {warnings.py:112} WARNING - /home/***/.local/lib/python3.12/site-packages/***/utils/session.py:97: DeprecationWarning: This method is deprecated and will be removed in future.
  return func(*args, session=session, **kwargs)

[2025-02-09T14:37:34.192+0000] {taskinstance.py:309} INFO - Rescheduling task, marking task as UP_FOR_RESCHEDULE
[2025-02-09T14:37:34.194+0000] {taskinstance.py:340} INFO - ::group::Post task execution logs
[2025-02-09T14:37:34.258+0000] {local_task_job_runner.py:266} INFO - Task exited with return code 0
[2025-02-09T14:37:34.310+0000] {local_task_job_runner.py:245} INFO - ::endgroup::
[2025-02-09T14:38:36.996+0000] {local_task_job_runner.py:123} INFO - ::group::Pre task execution logs
[2025-02-09T14:38:37.033+0000] {taskinstance.py:2613} INFO - Dependencies all met for dep_context=non-requeueable deps ti=<TaskInstance: Load_CSV_to_Postgres.wait_for_extract manual__2025-02-09T14:33:14.271358+00:00 [queued]>
[2025-02-09T14:38:37.048+0000] {taskinstance.py:2613} INFO - Dependencies all met for dep_context=requeueable deps ti=<TaskInstance: Load_CSV_to_Postgres.wait_for_extract manual__2025-02-09T14:33:14.271358+00:00 [queued]>
[2025-02-09T14:38:37.049+0000] {taskinstance.py:2866} INFO - Starting attempt 1 of 2
[2025-02-09T14:38:37.080+0000] {taskinstance.py:2889} INFO - Executing <Task(ExternalTaskSensor): wait_for_extract> on 2025-02-09 14:33:14.271358+00:00
[2025-02-09T14:38:37.093+0000] {warnings.py:112} WARNING - /home/***/.local/lib/python3.12/site-packages/***/task/task_runner/standard_task_runner.py:70: DeprecationWarning: This process (pid=1495) is multi-threaded, use of fork() may lead to deadlocks in the child.
  pid = os.fork()

[2025-02-09T14:38:37.096+0000] {standard_task_runner.py:72} INFO - Started process 1497 to run task
[2025-02-09T14:38:37.097+0000] {standard_task_runner.py:104} INFO - Running: ['***', 'tasks', 'run', 'Load_CSV_to_Postgres', 'wait_for_extract', 'manual__2025-02-09T14:33:14.271358+00:00', '--job-id', '116', '--raw', '--subdir', 'DAGS_FOLDER/Load_CSV_to_Postgres.py', '--cfg-path', '/tmp/tmp1vjr69b7']
[2025-02-09T14:38:37.099+0000] {standard_task_runner.py:105} INFO - Job 116: Subtask wait_for_extract
[2025-02-09T14:38:37.468+0000] {task_command.py:467} INFO - Running <TaskInstance: Load_CSV_to_Postgres.wait_for_extract manual__2025-02-09T14:33:14.271358+00:00 [running]> on host 8c410daec8d3
[2025-02-09T14:38:37.593+0000] {taskinstance.py:3132} INFO - Exporting env vars: AIRFLOW_CTX_DAG_OWNER='***' AIRFLOW_CTX_DAG_ID='Load_CSV_to_Postgres' AIRFLOW_CTX_TASK_ID='wait_for_extract' AIRFLOW_CTX_EXECUTION_DATE='2025-02-09T14:33:14.271358+00:00' AIRFLOW_CTX_TRY_NUMBER='1' AIRFLOW_CTX_DAG_RUN_ID='manual__2025-02-09T14:33:14.271358+00:00'
[2025-02-09T14:38:37.594+0000] {logging_mixin.py:190} INFO - Task instance is in running state
[2025-02-09T14:38:37.595+0000] {logging_mixin.py:190} INFO -  Previous state of the Task instance: queued
[2025-02-09T14:38:37.596+0000] {logging_mixin.py:190} INFO - Current task name:wait_for_extract state:running start_date:2025-02-09 14:38:37.034491+00:00
[2025-02-09T14:38:37.597+0000] {logging_mixin.py:190} INFO - Dag name:Load_CSV_to_Postgres and current dag run status:running
[2025-02-09T14:38:37.598+0000] {taskinstance.py:731} INFO - ::endgroup::
[2025-02-09T14:38:37.599+0000] {baseoperator.py:421} WARNING - ExternalTaskSensor.execute cannot be called outside TaskInstance!
[2025-02-09T14:38:37.613+0000] {external_task.py:258} INFO - Poking for tasks ['extract_postgres_data'] in dag extract_postgres_and_csv_data on 2025-02-09T14:33:14.271358+00:00 ... 
[2025-02-09T14:38:37.614+0000] {warnings.py:112} WARNING - /home/***/.local/lib/python3.12/site-packages/***/utils/session.py:97: DeprecationWarning: This method is deprecated and will be removed in future.
  return func(*args, session=session, **kwargs)

[2025-02-09T14:38:37.662+0000] {taskinstance.py:309} INFO - Rescheduling task, marking task as UP_FOR_RESCHEDULE
[2025-02-09T14:38:37.663+0000] {taskinstance.py:340} INFO - ::group::Post task execution logs
[2025-02-09T14:38:37.719+0000] {local_task_job_runner.py:266} INFO - Task exited with return code 0
[2025-02-09T14:38:37.974+0000] {taskinstance.py:3895} INFO - 0 downstream tasks scheduled from follow-on schedule check
[2025-02-09T14:38:37.978+0000] {local_task_job_runner.py:245} INFO - ::endgroup::
[2025-02-09T14:39:40.445+0000] {local_task_job_runner.py:123} INFO - ::group::Pre task execution logs
[2025-02-09T14:39:40.469+0000] {taskinstance.py:2613} INFO - Dependencies all met for dep_context=non-requeueable deps ti=<TaskInstance: Load_CSV_to_Postgres.wait_for_extract manual__2025-02-09T14:33:14.271358+00:00 [queued]>
[2025-02-09T14:39:40.482+0000] {taskinstance.py:2613} INFO - Dependencies all met for dep_context=requeueable deps ti=<TaskInstance: Load_CSV_to_Postgres.wait_for_extract manual__2025-02-09T14:33:14.271358+00:00 [queued]>
[2025-02-09T14:39:40.482+0000] {taskinstance.py:2866} INFO - Starting attempt 1 of 2
[2025-02-09T14:39:40.506+0000] {taskinstance.py:2889} INFO - Executing <Task(ExternalTaskSensor): wait_for_extract> on 2025-02-09 14:33:14.271358+00:00
[2025-02-09T14:39:40.516+0000] {warnings.py:112} WARNING - /home/***/.local/lib/python3.12/site-packages/***/task/task_runner/standard_task_runner.py:70: DeprecationWarning: This process (pid=1517) is multi-threaded, use of fork() may lead to deadlocks in the child.
  pid = os.fork()

[2025-02-09T14:39:40.518+0000] {standard_task_runner.py:72} INFO - Started process 1519 to run task
[2025-02-09T14:39:40.519+0000] {standard_task_runner.py:104} INFO - Running: ['***', 'tasks', 'run', 'Load_CSV_to_Postgres', 'wait_for_extract', 'manual__2025-02-09T14:33:14.271358+00:00', '--job-id', '118', '--raw', '--subdir', 'DAGS_FOLDER/Load_CSV_to_Postgres.py', '--cfg-path', '/tmp/tmpumb8bigw']
[2025-02-09T14:39:40.521+0000] {standard_task_runner.py:105} INFO - Job 118: Subtask wait_for_extract
[2025-02-09T14:39:40.889+0000] {task_command.py:467} INFO - Running <TaskInstance: Load_CSV_to_Postgres.wait_for_extract manual__2025-02-09T14:33:14.271358+00:00 [running]> on host 8c410daec8d3
[2025-02-09T14:39:40.995+0000] {taskinstance.py:3132} INFO - Exporting env vars: AIRFLOW_CTX_DAG_OWNER='***' AIRFLOW_CTX_DAG_ID='Load_CSV_to_Postgres' AIRFLOW_CTX_TASK_ID='wait_for_extract' AIRFLOW_CTX_EXECUTION_DATE='2025-02-09T14:33:14.271358+00:00' AIRFLOW_CTX_TRY_NUMBER='1' AIRFLOW_CTX_DAG_RUN_ID='manual__2025-02-09T14:33:14.271358+00:00'
[2025-02-09T14:39:40.996+0000] {logging_mixin.py:190} INFO - Task instance is in running state
[2025-02-09T14:39:40.997+0000] {logging_mixin.py:190} INFO -  Previous state of the Task instance: queued
[2025-02-09T14:39:40.998+0000] {logging_mixin.py:190} INFO - Current task name:wait_for_extract state:running start_date:2025-02-09 14:39:40.470517+00:00
[2025-02-09T14:39:40.998+0000] {logging_mixin.py:190} INFO - Dag name:Load_CSV_to_Postgres and current dag run status:running
[2025-02-09T14:39:40.999+0000] {taskinstance.py:731} INFO - ::endgroup::
[2025-02-09T14:39:41.000+0000] {baseoperator.py:421} WARNING - ExternalTaskSensor.execute cannot be called outside TaskInstance!
[2025-02-09T14:39:41.011+0000] {external_task.py:258} INFO - Poking for tasks ['extract_postgres_data'] in dag extract_postgres_and_csv_data on 2025-02-09T14:33:14.271358+00:00 ... 
[2025-02-09T14:39:41.012+0000] {warnings.py:112} WARNING - /home/***/.local/lib/python3.12/site-packages/***/utils/session.py:97: DeprecationWarning: This method is deprecated and will be removed in future.
  return func(*args, session=session, **kwargs)

[2025-02-09T14:39:41.056+0000] {taskinstance.py:309} INFO - Rescheduling task, marking task as UP_FOR_RESCHEDULE
[2025-02-09T14:39:41.057+0000] {taskinstance.py:340} INFO - ::group::Post task execution logs
[2025-02-09T14:39:41.108+0000] {local_task_job_runner.py:266} INFO - Task exited with return code 0
[2025-02-09T14:39:41.358+0000] {taskinstance.py:3895} INFO - 0 downstream tasks scheduled from follow-on schedule check
[2025-02-09T14:39:41.367+0000] {local_task_job_runner.py:245} INFO - ::endgroup::
[2025-02-09T14:40:45.838+0000] {local_task_job_runner.py:123} INFO - ::group::Pre task execution logs
[2025-02-09T14:40:45.873+0000] {taskinstance.py:2613} INFO - Dependencies all met for dep_context=non-requeueable deps ti=<TaskInstance: Load_CSV_to_Postgres.wait_for_extract manual__2025-02-09T14:33:14.271358+00:00 [queued]>
[2025-02-09T14:40:45.890+0000] {taskinstance.py:2613} INFO - Dependencies all met for dep_context=requeueable deps ti=<TaskInstance: Load_CSV_to_Postgres.wait_for_extract manual__2025-02-09T14:33:14.271358+00:00 [queued]>
[2025-02-09T14:40:45.891+0000] {taskinstance.py:2866} INFO - Starting attempt 1 of 2
[2025-02-09T14:40:45.919+0000] {taskinstance.py:2889} INFO - Executing <Task(ExternalTaskSensor): wait_for_extract> on 2025-02-09 14:33:14.271358+00:00
[2025-02-09T14:40:45.932+0000] {warnings.py:112} WARNING - /home/***/.local/lib/python3.12/site-packages/***/task/task_runner/standard_task_runner.py:70: DeprecationWarning: This process (pid=1539) is multi-threaded, use of fork() may lead to deadlocks in the child.
  pid = os.fork()

[2025-02-09T14:40:45.935+0000] {standard_task_runner.py:72} INFO - Started process 1541 to run task
[2025-02-09T14:40:45.937+0000] {standard_task_runner.py:104} INFO - Running: ['***', 'tasks', 'run', 'Load_CSV_to_Postgres', 'wait_for_extract', 'manual__2025-02-09T14:33:14.271358+00:00', '--job-id', '120', '--raw', '--subdir', 'DAGS_FOLDER/Load_CSV_to_Postgres.py', '--cfg-path', '/tmp/tmpv8p92xz4']
[2025-02-09T14:40:45.941+0000] {standard_task_runner.py:105} INFO - Job 120: Subtask wait_for_extract
[2025-02-09T14:40:46.627+0000] {task_command.py:467} INFO - Running <TaskInstance: Load_CSV_to_Postgres.wait_for_extract manual__2025-02-09T14:33:14.271358+00:00 [running]> on host 8c410daec8d3
[2025-02-09T14:40:46.821+0000] {taskinstance.py:3132} INFO - Exporting env vars: AIRFLOW_CTX_DAG_OWNER='***' AIRFLOW_CTX_DAG_ID='Load_CSV_to_Postgres' AIRFLOW_CTX_TASK_ID='wait_for_extract' AIRFLOW_CTX_EXECUTION_DATE='2025-02-09T14:33:14.271358+00:00' AIRFLOW_CTX_TRY_NUMBER='1' AIRFLOW_CTX_DAG_RUN_ID='manual__2025-02-09T14:33:14.271358+00:00'
[2025-02-09T14:40:46.823+0000] {logging_mixin.py:190} INFO - Task instance is in running state
[2025-02-09T14:40:46.825+0000] {logging_mixin.py:190} INFO -  Previous state of the Task instance: queued
[2025-02-09T14:40:46.826+0000] {logging_mixin.py:190} INFO - Current task name:wait_for_extract state:running start_date:2025-02-09 14:40:45.874360+00:00
[2025-02-09T14:40:46.827+0000] {logging_mixin.py:190} INFO - Dag name:Load_CSV_to_Postgres and current dag run status:running
[2025-02-09T14:40:46.828+0000] {taskinstance.py:731} INFO - ::endgroup::
[2025-02-09T14:40:46.829+0000] {baseoperator.py:421} WARNING - ExternalTaskSensor.execute cannot be called outside TaskInstance!
[2025-02-09T14:40:46.844+0000] {external_task.py:258} INFO - Poking for tasks ['extract_postgres_data'] in dag extract_postgres_and_csv_data on 2025-02-09T14:33:14.271358+00:00 ... 
[2025-02-09T14:40:46.846+0000] {warnings.py:112} WARNING - /home/***/.local/lib/python3.12/site-packages/***/utils/session.py:97: DeprecationWarning: This method is deprecated and will be removed in future.
  return func(*args, session=session, **kwargs)

[2025-02-09T14:40:46.901+0000] {taskinstance.py:309} INFO - Rescheduling task, marking task as UP_FOR_RESCHEDULE
[2025-02-09T14:40:46.901+0000] {taskinstance.py:340} INFO - ::group::Post task execution logs
[2025-02-09T14:40:46.935+0000] {local_task_job_runner.py:266} INFO - Task exited with return code 0
[2025-02-09T14:40:47.282+0000] {taskinstance.py:3895} INFO - 0 downstream tasks scheduled from follow-on schedule check
[2025-02-09T14:40:47.285+0000] {local_task_job_runner.py:245} INFO - ::endgroup::
