[2025-02-09T13:02:29.622+0000] {local_task_job_runner.py:123} INFO - ::group::Pre task execution logs
[2025-02-09T13:02:29.652+0000] {taskinstance.py:2613} INFO - Dependencies all met for dep_context=non-requeueable deps ti=<TaskInstance: extract_postgres_tables.extract_postgres_data manual__2025-02-09T13:02:25.414755+00:00 [queued]>
[2025-02-09T13:02:29.665+0000] {taskinstance.py:2613} INFO - Dependencies all met for dep_context=requeueable deps ti=<TaskInstance: extract_postgres_tables.extract_postgres_data manual__2025-02-09T13:02:25.414755+00:00 [queued]>
[2025-02-09T13:02:29.666+0000] {taskinstance.py:2866} INFO - Starting attempt 1 of 2
[2025-02-09T13:02:29.846+0000] {taskinstance.py:2889} INFO - Executing <Task(BashOperator): extract_postgres_data> on 2025-02-09 13:02:25.414755+00:00
[2025-02-09T13:02:29.855+0000] {warnings.py:112} WARNING - /home/***/.local/lib/python3.12/site-packages/***/task/task_runner/standard_task_runner.py:70: DeprecationWarning: This process (pid=130) is multi-threaded, use of fork() may lead to deadlocks in the child.
  pid = os.fork()

[2025-02-09T13:02:29.858+0000] {standard_task_runner.py:72} INFO - Started process 132 to run task
[2025-02-09T13:02:29.858+0000] {standard_task_runner.py:104} INFO - Running: ['***', 'tasks', 'run', 'extract_postgres_tables', 'extract_postgres_data', 'manual__2025-02-09T13:02:25.414755+00:00', '--job-id', '84', '--raw', '--subdir', 'DAGS_FOLDER/Extract_DB_data.py', '--cfg-path', '/tmp/tmpmj17k6cm']
[2025-02-09T13:02:29.860+0000] {standard_task_runner.py:105} INFO - Job 84: Subtask extract_postgres_data
[2025-02-09T13:02:29.927+0000] {task_command.py:467} INFO - Running <TaskInstance: extract_postgres_tables.extract_postgres_data manual__2025-02-09T13:02:25.414755+00:00 [running]> on host 8c410daec8d3
[2025-02-09T13:02:30.047+0000] {taskinstance.py:3132} INFO - Exporting env vars: AIRFLOW_CTX_DAG_OWNER='***' AIRFLOW_CTX_DAG_ID='extract_postgres_tables' AIRFLOW_CTX_TASK_ID='extract_postgres_data' AIRFLOW_CTX_EXECUTION_DATE='2025-02-09T13:02:25.414755+00:00' AIRFLOW_CTX_TRY_NUMBER='1' AIRFLOW_CTX_DAG_RUN_ID='manual__2025-02-09T13:02:25.414755+00:00'
[2025-02-09T13:02:30.049+0000] {logging_mixin.py:190} INFO - Task instance is in running state
[2025-02-09T13:02:30.050+0000] {logging_mixin.py:190} INFO -  Previous state of the Task instance: queued
[2025-02-09T13:02:30.051+0000] {logging_mixin.py:190} INFO - Current task name:extract_postgres_data state:running start_date:2025-02-09 13:02:29.653655+00:00
[2025-02-09T13:02:30.052+0000] {logging_mixin.py:190} INFO - Dag name:extract_postgres_tables and current dag run status:running
[2025-02-09T13:02:30.052+0000] {taskinstance.py:731} INFO - ::endgroup::
[2025-02-09T13:02:30.054+0000] {subprocess.py:78} INFO - Tmp dir root location: /tmp
[2025-02-09T13:02:30.056+0000] {subprocess.py:88} INFO - Running command: ['/usr/bin/bash', '-c', 'python /opt/***/meltano/meltano_project/transform/extract_data_db.py']
[2025-02-09T13:02:30.070+0000] {subprocess.py:99} INFO - Output:
[2025-02-09T13:02:30.710+0000] {subprocess.py:106} INFO - ✅ Dados extraídos: /opt/***/meltano/categories/2025-02-09/categories.csv
[2025-02-09T13:02:30.720+0000] {subprocess.py:106} INFO - ✅ Dados extraídos: /opt/***/meltano/products/2025-02-09/products.csv
[2025-02-09T13:02:30.722+0000] {subprocess.py:110} INFO - Command exited with return code 0
[2025-02-09T13:02:30.780+0000] {taskinstance.py:340} INFO - ::group::Post task execution logs
[2025-02-09T13:02:30.781+0000] {taskinstance.py:352} INFO - Marking task as SUCCESS. dag_id=extract_postgres_tables, task_id=extract_postgres_data, run_id=manual__2025-02-09T13:02:25.414755+00:00, execution_date=20250209T130225, start_date=20250209T130229, end_date=20250209T130230
[2025-02-09T13:02:30.800+0000] {logging_mixin.py:190} INFO - Task instance in success state
[2025-02-09T13:02:30.801+0000] {logging_mixin.py:190} INFO -  Previous state of the Task instance: running
[2025-02-09T13:02:30.802+0000] {logging_mixin.py:190} INFO - Dag name:extract_postgres_tables queued_at:2025-02-09 13:02:25.445818+00:00
[2025-02-09T13:02:30.803+0000] {logging_mixin.py:190} INFO - Task hostname:8c410daec8d3 operator:BashOperator
[2025-02-09T13:02:30.841+0000] {local_task_job_runner.py:266} INFO - Task exited with return code 0
[2025-02-09T13:02:30.867+0000] {taskinstance.py:3895} INFO - 0 downstream tasks scheduled from follow-on schedule check
[2025-02-09T13:02:30.869+0000] {local_task_job_runner.py:245} INFO - ::endgroup::
