[2025-02-09T16:57:33.827+0000] {local_task_job_runner.py:123} INFO - ::group::Pre task execution logs
[2025-02-09T16:57:33.848+0000] {taskinstance.py:2613} INFO - Dependencies all met for dep_context=non-requeueable deps ti=<TaskInstance: extract_postgres_and_csv_data.run_meltano_script_csv manual__2025-02-09T16:57:09.922413+00:00 [queued]>
[2025-02-09T16:57:33.858+0000] {taskinstance.py:2613} INFO - Dependencies all met for dep_context=requeueable deps ti=<TaskInstance: extract_postgres_and_csv_data.run_meltano_script_csv manual__2025-02-09T16:57:09.922413+00:00 [queued]>
[2025-02-09T16:57:33.859+0000] {taskinstance.py:2866} INFO - Starting attempt 1 of 2
[2025-02-09T16:57:34.027+0000] {taskinstance.py:2889} INFO - Executing <Task(PythonOperator): run_meltano_script_csv> on 2025-02-09 16:57:09.922413+00:00
[2025-02-09T16:57:34.036+0000] {warnings.py:112} WARNING - /home/***/.local/lib/python3.12/site-packages/***/task/task_runner/standard_task_runner.py:70: DeprecationWarning: This process (pid=189) is multi-threaded, use of fork() may lead to deadlocks in the child.
  pid = os.fork()

[2025-02-09T16:57:34.039+0000] {standard_task_runner.py:72} INFO - Started process 191 to run task
[2025-02-09T16:57:34.039+0000] {standard_task_runner.py:104} INFO - Running: ['***', 'tasks', 'run', 'extract_postgres_and_csv_data', 'run_meltano_script_csv', 'manual__2025-02-09T16:57:09.922413+00:00', '--job-id', '171', '--raw', '--subdir', 'DAGS_FOLDER/extract_postgres_and_csv_data.py', '--cfg-path', '/tmp/tmp4m4m2sqc']
[2025-02-09T16:57:34.041+0000] {standard_task_runner.py:105} INFO - Job 171: Subtask run_meltano_script_csv
[2025-02-09T16:57:34.104+0000] {task_command.py:467} INFO - Running <TaskInstance: extract_postgres_and_csv_data.run_meltano_script_csv manual__2025-02-09T16:57:09.922413+00:00 [running]> on host 7d9e99d7ea89
[2025-02-09T16:57:34.219+0000] {taskinstance.py:3132} INFO - Exporting env vars: AIRFLOW_CTX_DAG_OWNER='***' AIRFLOW_CTX_DAG_ID='extract_postgres_and_csv_data' AIRFLOW_CTX_TASK_ID='run_meltano_script_csv' AIRFLOW_CTX_EXECUTION_DATE='2025-02-09T16:57:09.922413+00:00' AIRFLOW_CTX_TRY_NUMBER='1' AIRFLOW_CTX_DAG_RUN_ID='manual__2025-02-09T16:57:09.922413+00:00'
[2025-02-09T16:57:34.222+0000] {logging_mixin.py:190} INFO - Task instance is in running state
[2025-02-09T16:57:34.222+0000] {logging_mixin.py:190} INFO -  Previous state of the Task instance: queued
[2025-02-09T16:57:34.223+0000] {logging_mixin.py:190} INFO - Current task name:run_meltano_script_csv state:running start_date:2025-02-09 16:57:33.848952+00:00
[2025-02-09T16:57:34.224+0000] {logging_mixin.py:190} INFO - Dag name:extract_postgres_and_csv_data and current dag run status:running
[2025-02-09T16:57:34.225+0000] {taskinstance.py:731} INFO - ::endgroup::
[2025-02-09T16:57:34.502+0000] {python.py:240} INFO - Done. Returned value was: None
[2025-02-09T16:57:34.524+0000] {taskinstance.py:340} INFO - ::group::Post task execution logs
[2025-02-09T16:57:34.525+0000] {taskinstance.py:352} INFO - Marking task as SUCCESS. dag_id=extract_postgres_and_csv_data, task_id=run_meltano_script_csv, run_id=manual__2025-02-09T16:57:09.922413+00:00, execution_date=20250209T165709, start_date=20250209T165733, end_date=20250209T165734
[2025-02-09T16:57:34.555+0000] {logging_mixin.py:190} INFO - Task instance in success state
[2025-02-09T16:57:34.556+0000] {logging_mixin.py:190} INFO -  Previous state of the Task instance: running
[2025-02-09T16:57:34.557+0000] {logging_mixin.py:190} INFO - Dag name:extract_postgres_and_csv_data queued_at:2025-02-09 16:57:09.944097+00:00
[2025-02-09T16:57:34.559+0000] {logging_mixin.py:190} INFO - Task hostname:7d9e99d7ea89 operator:PythonOperator
[2025-02-09T16:57:34.583+0000] {local_task_job_runner.py:266} INFO - Task exited with return code 0
[2025-02-09T16:57:34.627+0000] {taskinstance.py:3895} INFO - 1 downstream tasks scheduled from follow-on schedule check
[2025-02-09T16:57:34.636+0000] {local_task_job_runner.py:245} INFO - ::endgroup::
