[2025-02-09T16:57:15.154+0000] {local_task_job_runner.py:123} INFO - ::group::Pre task execution logs
[2025-02-09T16:57:15.192+0000] {taskinstance.py:2613} INFO - Dependencies all met for dep_context=non-requeueable deps ti=<TaskInstance: extract_postgres_and_csv_data.extract_postgres_data manual__2025-02-09T16:57:09.922413+00:00 [queued]>
[2025-02-09T16:57:15.214+0000] {taskinstance.py:2613} INFO - Dependencies all met for dep_context=requeueable deps ti=<TaskInstance: extract_postgres_and_csv_data.extract_postgres_data manual__2025-02-09T16:57:09.922413+00:00 [queued]>
[2025-02-09T16:57:15.304+0000] {taskinstance.py:2866} INFO - Starting attempt 1 of 2
[2025-02-09T16:57:15.824+0000] {taskinstance.py:2889} INFO - Executing <Task(BashOperator): extract_postgres_data> on 2025-02-09 16:57:09.922413+00:00
[2025-02-09T16:57:15.846+0000] {warnings.py:112} WARNING - /home/***/.local/lib/python3.12/site-packages/***/task/task_runner/standard_task_runner.py:70: DeprecationWarning: This process (pid=184) is multi-threaded, use of fork() may lead to deadlocks in the child.
  pid = os.fork()

[2025-02-09T16:57:15.853+0000] {standard_task_runner.py:72} INFO - Started process 186 to run task
[2025-02-09T16:57:15.856+0000] {standard_task_runner.py:104} INFO - Running: ['***', 'tasks', 'run', 'extract_postgres_and_csv_data', 'extract_postgres_data', 'manual__2025-02-09T16:57:09.922413+00:00', '--job-id', '170', '--raw', '--subdir', 'DAGS_FOLDER/extract_postgres_and_csv_data.py', '--cfg-path', '/tmp/tmpj15jy_v0']
[2025-02-09T16:57:15.860+0000] {standard_task_runner.py:105} INFO - Job 170: Subtask extract_postgres_data
[2025-02-09T16:57:16.183+0000] {task_command.py:467} INFO - Running <TaskInstance: extract_postgres_and_csv_data.extract_postgres_data manual__2025-02-09T16:57:09.922413+00:00 [running]> on host 7d9e99d7ea89
[2025-02-09T16:57:17.687+0000] {taskinstance.py:3132} INFO - Exporting env vars: AIRFLOW_CTX_DAG_OWNER='***' AIRFLOW_CTX_DAG_ID='extract_postgres_and_csv_data' AIRFLOW_CTX_TASK_ID='extract_postgres_data' AIRFLOW_CTX_EXECUTION_DATE='2025-02-09T16:57:09.922413+00:00' AIRFLOW_CTX_TRY_NUMBER='1' AIRFLOW_CTX_DAG_RUN_ID='manual__2025-02-09T16:57:09.922413+00:00'
[2025-02-09T16:57:17.689+0000] {logging_mixin.py:190} INFO - Task instance is in running state
[2025-02-09T16:57:17.690+0000] {logging_mixin.py:190} INFO -  Previous state of the Task instance: queued
[2025-02-09T16:57:17.691+0000] {logging_mixin.py:190} INFO - Current task name:extract_postgres_data state:running start_date:2025-02-09 16:57:15.194055+00:00
[2025-02-09T16:57:17.692+0000] {logging_mixin.py:190} INFO - Dag name:extract_postgres_and_csv_data and current dag run status:running
[2025-02-09T16:57:17.693+0000] {taskinstance.py:731} INFO - ::endgroup::
[2025-02-09T16:57:17.695+0000] {subprocess.py:78} INFO - Tmp dir root location: /tmp
[2025-02-09T16:57:17.696+0000] {subprocess.py:88} INFO - Running command: ['/usr/bin/bash', '-c', 'python /opt/***/meltano/meltano_project/extract/extract_data_db.py']
[2025-02-09T16:57:17.885+0000] {subprocess.py:99} INFO - Output:
[2025-02-09T16:57:31.259+0000] {subprocess.py:106} INFO - ✅ Dados extraídos: /opt/***/meltano/data/postgres/categories/2025-02-09/categories.csv
[2025-02-09T16:57:31.261+0000] {subprocess.py:106} INFO - ✅ Dados extraídos: /opt/***/meltano/data/postgres/products/2025-02-09/products.csv
[2025-02-09T16:57:31.262+0000] {subprocess.py:106} INFO - ✅ Dados extraídos: /opt/***/meltano/data/postgres/suppliers/2025-02-09/suppliers.csv
[2025-02-09T16:57:31.263+0000] {subprocess.py:106} INFO - ✅ Dados extraídos: /opt/***/meltano/data/postgres/employees/2025-02-09/employees.csv
[2025-02-09T16:57:31.264+0000] {subprocess.py:106} INFO - ✅ Dados extraídos: /opt/***/meltano/data/postgres/employee_territories/2025-02-09/employee_territories.csv
[2025-02-09T16:57:31.265+0000] {subprocess.py:106} INFO - ✅ Dados extraídos: /opt/***/meltano/data/postgres/territories/2025-02-09/territories.csv
[2025-02-09T16:57:31.266+0000] {subprocess.py:106} INFO - ✅ Dados extraídos: /opt/***/meltano/data/postgres/region/2025-02-09/region.csv
[2025-02-09T16:57:31.267+0000] {subprocess.py:106} INFO - ✅ Dados extraídos: /opt/***/meltano/data/postgres/orders/2025-02-09/orders.csv
[2025-02-09T16:57:31.268+0000] {subprocess.py:106} INFO - ✅ Dados extraídos: /opt/***/meltano/data/postgres/shippers/2025-02-09/shippers.csv
[2025-02-09T16:57:31.270+0000] {subprocess.py:106} INFO - ✅ Dados extraídos: /opt/***/meltano/data/postgres/us_states/2025-02-09/us_states.csv
[2025-02-09T16:57:31.271+0000] {subprocess.py:106} INFO - ✅ Dados extraídos: /opt/***/meltano/data/postgres/customer_customer_demo/2025-02-09/customer_customer_demo.csv
[2025-02-09T16:57:31.275+0000] {subprocess.py:110} INFO - Command exited with return code 0
[2025-02-09T16:57:31.314+0000] {taskinstance.py:340} INFO - ::group::Post task execution logs
[2025-02-09T16:57:31.315+0000] {taskinstance.py:352} INFO - Marking task as SUCCESS. dag_id=extract_postgres_and_csv_data, task_id=extract_postgres_data, run_id=manual__2025-02-09T16:57:09.922413+00:00, execution_date=20250209T165709, start_date=20250209T165715, end_date=20250209T165731
[2025-02-09T16:57:31.332+0000] {logging_mixin.py:190} INFO - Task instance in success state
[2025-02-09T16:57:31.333+0000] {logging_mixin.py:190} INFO -  Previous state of the Task instance: running
[2025-02-09T16:57:31.334+0000] {logging_mixin.py:190} INFO - Dag name:extract_postgres_and_csv_data queued_at:2025-02-09 16:57:09.944097+00:00
[2025-02-09T16:57:31.335+0000] {logging_mixin.py:190} INFO - Task hostname:7d9e99d7ea89 operator:BashOperator
[2025-02-09T16:57:31.353+0000] {local_task_job_runner.py:266} INFO - Task exited with return code 0
[2025-02-09T16:57:31.409+0000] {taskinstance.py:3895} INFO - 1 downstream tasks scheduled from follow-on schedule check
[2025-02-09T16:57:31.412+0000] {local_task_job_runner.py:245} INFO - ::endgroup::
