[2025-02-09T16:35:05.503+0000] {local_task_job_runner.py:123} INFO - ::group::Pre task execution logs
[2025-02-09T16:35:05.528+0000] {taskinstance.py:2613} INFO - Dependencies all met for dep_context=non-requeueable deps ti=<TaskInstance: extract_postgres_and_csv_data.run_meltano_script_csv manual__2025-02-09T16:34:55.242006+00:00 [queued]>
[2025-02-09T16:35:05.541+0000] {taskinstance.py:2613} INFO - Dependencies all met for dep_context=requeueable deps ti=<TaskInstance: extract_postgres_and_csv_data.run_meltano_script_csv manual__2025-02-09T16:34:55.242006+00:00 [queued]>
[2025-02-09T16:35:05.542+0000] {taskinstance.py:2866} INFO - Starting attempt 1 of 2
[2025-02-09T16:35:05.563+0000] {taskinstance.py:2889} INFO - Executing <Task(PythonOperator): run_meltano_script_csv> on 2025-02-09 16:34:55.242006+00:00
[2025-02-09T16:35:05.574+0000] {warnings.py:112} WARNING - /home/***/.local/lib/python3.12/site-packages/***/task/task_runner/standard_task_runner.py:70: DeprecationWarning: This process (pid=3121) is multi-threaded, use of fork() may lead to deadlocks in the child.
  pid = os.fork()

[2025-02-09T16:35:05.578+0000] {standard_task_runner.py:72} INFO - Started process 3123 to run task
[2025-02-09T16:35:05.579+0000] {standard_task_runner.py:104} INFO - Running: ['***', 'tasks', 'run', 'extract_postgres_and_csv_data', 'run_meltano_script_csv', 'manual__2025-02-09T16:34:55.242006+00:00', '--job-id', '145', '--raw', '--subdir', 'DAGS_FOLDER/extract_postgres_and_csv_data.py', '--cfg-path', '/tmp/tmpd6q53_4k']
[2025-02-09T16:35:05.581+0000] {standard_task_runner.py:105} INFO - Job 145: Subtask run_meltano_script_csv
[2025-02-09T16:35:05.655+0000] {task_command.py:467} INFO - Running <TaskInstance: extract_postgres_and_csv_data.run_meltano_script_csv manual__2025-02-09T16:34:55.242006+00:00 [running]> on host 8c410daec8d3
[2025-02-09T16:35:06.085+0000] {taskinstance.py:3132} INFO - Exporting env vars: AIRFLOW_CTX_DAG_OWNER='***' AIRFLOW_CTX_DAG_ID='extract_postgres_and_csv_data' AIRFLOW_CTX_TASK_ID='run_meltano_script_csv' AIRFLOW_CTX_EXECUTION_DATE='2025-02-09T16:34:55.242006+00:00' AIRFLOW_CTX_TRY_NUMBER='1' AIRFLOW_CTX_DAG_RUN_ID='manual__2025-02-09T16:34:55.242006+00:00'
[2025-02-09T16:35:06.087+0000] {logging_mixin.py:190} INFO - Task instance is in running state
[2025-02-09T16:35:06.088+0000] {logging_mixin.py:190} INFO -  Previous state of the Task instance: queued
[2025-02-09T16:35:06.089+0000] {logging_mixin.py:190} INFO - Current task name:run_meltano_script_csv state:running start_date:2025-02-09 16:35:05.529377+00:00
[2025-02-09T16:35:06.089+0000] {logging_mixin.py:190} INFO - Dag name:extract_postgres_and_csv_data and current dag run status:running
[2025-02-09T16:35:06.090+0000] {taskinstance.py:731} INFO - ::endgroup::
[2025-02-09T16:35:06.359+0000] {python.py:240} INFO - Done. Returned value was: None
[2025-02-09T16:35:06.375+0000] {taskinstance.py:340} INFO - ::group::Post task execution logs
[2025-02-09T16:35:06.376+0000] {taskinstance.py:352} INFO - Marking task as SUCCESS. dag_id=extract_postgres_and_csv_data, task_id=run_meltano_script_csv, run_id=manual__2025-02-09T16:34:55.242006+00:00, execution_date=20250209T163455, start_date=20250209T163505, end_date=20250209T163506
[2025-02-09T16:35:06.394+0000] {logging_mixin.py:190} INFO - Task instance in success state
[2025-02-09T16:35:06.395+0000] {logging_mixin.py:190} INFO -  Previous state of the Task instance: running
[2025-02-09T16:35:06.396+0000] {logging_mixin.py:190} INFO - Dag name:extract_postgres_and_csv_data queued_at:2025-02-09 16:34:55.274424+00:00
[2025-02-09T16:35:06.397+0000] {logging_mixin.py:190} INFO - Task hostname:8c410daec8d3 operator:PythonOperator
[2025-02-09T16:35:06.445+0000] {local_task_job_runner.py:266} INFO - Task exited with return code 0
[2025-02-09T16:35:06.478+0000] {taskinstance.py:3895} INFO - 1 downstream tasks scheduled from follow-on schedule check
[2025-02-09T16:35:06.484+0000] {local_task_job_runner.py:245} INFO - ::endgroup::
