[2025-02-09T17:51:57.454+0000] {local_task_job_runner.py:123} INFO - ::group::Pre task execution logs
[2025-02-09T17:51:57.478+0000] {taskinstance.py:2613} INFO - Dependencies all met for dep_context=non-requeueable deps ti=<TaskInstance: extract_postgres_and_csv_data.extract_postgres_data manual__2025-02-09T17:51:51.579902+00:00 [queued]>
[2025-02-09T17:51:57.489+0000] {taskinstance.py:2613} INFO - Dependencies all met for dep_context=requeueable deps ti=<TaskInstance: extract_postgres_and_csv_data.extract_postgres_data manual__2025-02-09T17:51:51.579902+00:00 [queued]>
[2025-02-09T17:51:57.491+0000] {taskinstance.py:2866} INFO - Starting attempt 1 of 2
[2025-02-09T17:51:57.664+0000] {taskinstance.py:2889} INFO - Executing <Task(BashOperator): extract_postgres_data> on 2025-02-09 17:51:51.579902+00:00
[2025-02-09T17:51:57.674+0000] {warnings.py:112} WARNING - /home/***/.local/lib/python3.12/site-packages/***/task/task_runner/standard_task_runner.py:70: DeprecationWarning: This process (pid=72) is multi-threaded, use of fork() may lead to deadlocks in the child.
  pid = os.fork()

[2025-02-09T17:51:57.677+0000] {standard_task_runner.py:72} INFO - Started process 74 to run task
[2025-02-09T17:51:57.677+0000] {standard_task_runner.py:104} INFO - Running: ['***', 'tasks', 'run', 'extract_postgres_and_csv_data', 'extract_postgres_data', 'manual__2025-02-09T17:51:51.579902+00:00', '--job-id', '211', '--raw', '--subdir', 'DAGS_FOLDER/extract_postgres_and_csv_data.py', '--cfg-path', '/tmp/tmp_84dlb59']
[2025-02-09T17:51:57.679+0000] {standard_task_runner.py:105} INFO - Job 211: Subtask extract_postgres_data
[2025-02-09T17:51:57.751+0000] {task_command.py:467} INFO - Running <TaskInstance: extract_postgres_and_csv_data.extract_postgres_data manual__2025-02-09T17:51:51.579902+00:00 [running]> on host 58bc83bc12fd
[2025-02-09T17:51:57.869+0000] {taskinstance.py:3132} INFO - Exporting env vars: AIRFLOW_CTX_DAG_OWNER='***' AIRFLOW_CTX_DAG_ID='extract_postgres_and_csv_data' AIRFLOW_CTX_TASK_ID='extract_postgres_data' AIRFLOW_CTX_EXECUTION_DATE='2025-02-09T17:51:51.579902+00:00' AIRFLOW_CTX_TRY_NUMBER='1' AIRFLOW_CTX_DAG_RUN_ID='manual__2025-02-09T17:51:51.579902+00:00'
[2025-02-09T17:51:57.871+0000] {logging_mixin.py:190} INFO - Task instance is in running state
[2025-02-09T17:51:57.872+0000] {logging_mixin.py:190} INFO -  Previous state of the Task instance: queued
[2025-02-09T17:51:57.873+0000] {logging_mixin.py:190} INFO - Current task name:extract_postgres_data state:running start_date:2025-02-09 17:51:57.479651+00:00
[2025-02-09T17:51:57.874+0000] {logging_mixin.py:190} INFO - Dag name:extract_postgres_and_csv_data and current dag run status:running
[2025-02-09T17:51:57.874+0000] {taskinstance.py:731} INFO - ::endgroup::
[2025-02-09T17:51:57.876+0000] {subprocess.py:78} INFO - Tmp dir root location: /tmp
[2025-02-09T17:51:57.877+0000] {subprocess.py:88} INFO - Running command: ['/usr/bin/bash', '-c', 'python /opt/***/meltano/meltano_project/extract/extract_data_db.py']
[2025-02-09T17:51:57.895+0000] {subprocess.py:99} INFO - Output:
[2025-02-09T17:51:59.709+0000] {subprocess.py:106} INFO - ✅ Dados extraídos: /opt/***/meltano/data/postgres/categories/2025-02-09/categories.csv
[2025-02-09T17:51:59.713+0000] {subprocess.py:106} INFO - ✅ Dados extraídos: /opt/***/meltano/data/postgres/products/2025-02-09/products.csv
[2025-02-09T17:51:59.714+0000] {subprocess.py:106} INFO - ✅ Dados extraídos: /opt/***/meltano/data/postgres/suppliers/2025-02-09/suppliers.csv
[2025-02-09T17:51:59.715+0000] {subprocess.py:106} INFO - ✅ Dados extraídos: /opt/***/meltano/data/postgres/employees/2025-02-09/employees.csv
[2025-02-09T17:51:59.716+0000] {subprocess.py:106} INFO - ✅ Dados extraídos: /opt/***/meltano/data/postgres/employee_territories/2025-02-09/employee_territories.csv
[2025-02-09T17:51:59.717+0000] {subprocess.py:106} INFO - ✅ Dados extraídos: /opt/***/meltano/data/postgres/territories/2025-02-09/territories.csv
[2025-02-09T17:51:59.718+0000] {subprocess.py:106} INFO - ✅ Dados extraídos: /opt/***/meltano/data/postgres/region/2025-02-09/region.csv
[2025-02-09T17:51:59.719+0000] {subprocess.py:106} INFO - ✅ Dados extraídos: /opt/***/meltano/data/postgres/orders/2025-02-09/orders.csv
[2025-02-09T17:51:59.720+0000] {subprocess.py:106} INFO - ✅ Dados extraídos: /opt/***/meltano/data/postgres/shippers/2025-02-09/shippers.csv
[2025-02-09T17:51:59.725+0000] {subprocess.py:106} INFO - ✅ Dados extraídos: /opt/***/meltano/data/postgres/us_states/2025-02-09/us_states.csv
[2025-02-09T17:51:59.726+0000] {subprocess.py:106} INFO - ✅ Dados extraídos: /opt/***/meltano/data/postgres/customer_customer_demo/2025-02-09/customer_customer_demo.csv
[2025-02-09T17:51:59.728+0000] {subprocess.py:110} INFO - Command exited with return code 0
[2025-02-09T17:51:59.827+0000] {taskinstance.py:340} INFO - ::group::Post task execution logs
[2025-02-09T17:51:59.828+0000] {taskinstance.py:352} INFO - Marking task as SUCCESS. dag_id=extract_postgres_and_csv_data, task_id=extract_postgres_data, run_id=manual__2025-02-09T17:51:51.579902+00:00, execution_date=20250209T175151, start_date=20250209T175157, end_date=20250209T175159
[2025-02-09T17:51:59.862+0000] {logging_mixin.py:190} INFO - Task instance in success state
[2025-02-09T17:51:59.863+0000] {logging_mixin.py:190} INFO -  Previous state of the Task instance: running
[2025-02-09T17:51:59.863+0000] {logging_mixin.py:190} INFO - Dag name:extract_postgres_and_csv_data queued_at:2025-02-09 17:51:51.626880+00:00
[2025-02-09T17:51:59.864+0000] {logging_mixin.py:190} INFO - Task hostname:58bc83bc12fd operator:BashOperator
[2025-02-09T17:51:59.880+0000] {local_task_job_runner.py:266} INFO - Task exited with return code 0
[2025-02-09T17:51:59.944+0000] {taskinstance.py:3895} INFO - 1 downstream tasks scheduled from follow-on schedule check
[2025-02-09T17:51:59.952+0000] {local_task_job_runner.py:245} INFO - ::endgroup::
