[2025-02-06T23:33:53.113+0000] {local_task_job_runner.py:123} INFO - ::group::Pre task execution logs
[2025-02-06T23:33:53.162+0000] {taskinstance.py:2613} INFO - Dependencies all met for dep_context=non-requeueable deps ti=<TaskInstance: Execute_db_conection.run_meltano_script manual__2025-02-06T23:33:49.260640+00:00 [queued]>
[2025-02-06T23:33:53.191+0000] {taskinstance.py:2613} INFO - Dependencies all met for dep_context=requeueable deps ti=<TaskInstance: Execute_db_conection.run_meltano_script manual__2025-02-06T23:33:49.260640+00:00 [queued]>
[2025-02-06T23:33:53.200+0000] {taskinstance.py:2866} INFO - Starting attempt 1 of 2
[2025-02-06T23:33:53.535+0000] {taskinstance.py:2889} INFO - Executing <Task(PythonOperator): run_meltano_script> on 2025-02-06 23:33:49.260640+00:00
[2025-02-06T23:33:53.553+0000] {warnings.py:112} WARNING - /home/***/.local/lib/python3.12/site-packages/***/task/task_runner/standard_task_runner.py:70: DeprecationWarning: This process (pid=361) is multi-threaded, use of fork() may lead to deadlocks in the child.
  pid = os.fork()

[2025-02-06T23:33:53.557+0000] {standard_task_runner.py:72} INFO - Started process 371 to run task
[2025-02-06T23:33:53.559+0000] {standard_task_runner.py:104} INFO - Running: ['***', 'tasks', 'run', 'Execute_db_conection', 'run_meltano_script', 'manual__2025-02-06T23:33:49.260640+00:00', '--job-id', '115', '--raw', '--subdir', 'DAGS_FOLDER/connectBD_to_extract.py', '--cfg-path', '/tmp/tmpj3nvru2n']
[2025-02-06T23:33:53.563+0000] {standard_task_runner.py:105} INFO - Job 115: Subtask run_meltano_script
[2025-02-06T23:33:53.715+0000] {task_command.py:467} INFO - Running <TaskInstance: Execute_db_conection.run_meltano_script manual__2025-02-06T23:33:49.260640+00:00 [running]> on host 1347e89ef29e
[2025-02-06T23:33:53.966+0000] {taskinstance.py:3132} INFO - Exporting env vars: AIRFLOW_CTX_DAG_OWNER='***' AIRFLOW_CTX_DAG_ID='Execute_db_conection' AIRFLOW_CTX_TASK_ID='run_meltano_script' AIRFLOW_CTX_EXECUTION_DATE='2025-02-06T23:33:49.260640+00:00' AIRFLOW_CTX_TRY_NUMBER='1' AIRFLOW_CTX_DAG_RUN_ID='manual__2025-02-06T23:33:49.260640+00:00'
[2025-02-06T23:33:53.969+0000] {logging_mixin.py:190} INFO - Task instance is in running state
[2025-02-06T23:33:53.970+0000] {logging_mixin.py:190} INFO -  Previous state of the Task instance: queued
[2025-02-06T23:33:53.971+0000] {logging_mixin.py:190} INFO - Current task name:run_meltano_script state:running start_date:2025-02-06 23:33:53.163500+00:00
[2025-02-06T23:33:53.972+0000] {logging_mixin.py:190} INFO - Dag name:Execute_db_conection and current dag run status:running
[2025-02-06T23:33:53.975+0000] {taskinstance.py:731} INFO - ::endgroup::
[2025-02-06T23:33:54.527+0000] {python.py:240} INFO - Done. Returned value was: None
[2025-02-06T23:33:54.552+0000] {taskinstance.py:340} INFO - ::group::Post task execution logs
[2025-02-06T23:33:54.553+0000] {taskinstance.py:352} INFO - Marking task as SUCCESS. dag_id=Execute_db_conection, task_id=run_meltano_script, run_id=manual__2025-02-06T23:33:49.260640+00:00, execution_date=20250206T233349, start_date=20250206T233353, end_date=20250206T233354
[2025-02-06T23:33:54.588+0000] {logging_mixin.py:190} INFO - Task instance in success state
[2025-02-06T23:33:54.589+0000] {logging_mixin.py:190} INFO -  Previous state of the Task instance: running
[2025-02-06T23:33:54.594+0000] {logging_mixin.py:190} INFO - Dag name:Execute_db_conection queued_at:2025-02-06 23:33:49.340757+00:00
[2025-02-06T23:33:54.595+0000] {logging_mixin.py:190} INFO - Task hostname:1347e89ef29e operator:PythonOperator
[2025-02-06T23:33:54.622+0000] {local_task_job_runner.py:266} INFO - Task exited with return code 0
[2025-02-06T23:33:54.670+0000] {taskinstance.py:3895} INFO - 0 downstream tasks scheduled from follow-on schedule check
[2025-02-06T23:33:54.674+0000] {local_task_job_runner.py:245} INFO - ::endgroup::
