[2025-02-09T17:57:37.137+0000] {local_task_job_runner.py:123} INFO - ::group::Pre task execution logs
[2025-02-09T17:57:37.175+0000] {taskinstance.py:2613} INFO - Dependencies all met for dep_context=non-requeueable deps ti=<TaskInstance: extract_postgres_and_csv_data.extract_postgres_data manual__2025-02-09T17:57:32.501836+00:00 [queued]>
[2025-02-09T17:57:37.196+0000] {taskinstance.py:2613} INFO - Dependencies all met for dep_context=requeueable deps ti=<TaskInstance: extract_postgres_and_csv_data.extract_postgres_data manual__2025-02-09T17:57:32.501836+00:00 [queued]>
[2025-02-09T17:57:37.339+0000] {taskinstance.py:2866} INFO - Starting attempt 1 of 2
[2025-02-09T17:57:37.673+0000] {taskinstance.py:2889} INFO - Executing <Task(BashOperator): extract_postgres_data> on 2025-02-09 17:57:32.501836+00:00
[2025-02-09T17:57:37.685+0000] {warnings.py:112} WARNING - /home/***/.local/lib/python3.12/site-packages/***/task/task_runner/standard_task_runner.py:70: DeprecationWarning: This process (pid=189) is multi-threaded, use of fork() may lead to deadlocks in the child.
  pid = os.fork()

[2025-02-09T17:57:37.688+0000] {standard_task_runner.py:72} INFO - Started process 193 to run task
[2025-02-09T17:57:37.690+0000] {standard_task_runner.py:104} INFO - Running: ['***', 'tasks', 'run', 'extract_postgres_and_csv_data', 'extract_postgres_data', 'manual__2025-02-09T17:57:32.501836+00:00', '--job-id', '218', '--raw', '--subdir', 'DAGS_FOLDER/extract_postgres_and_csv_data.py', '--cfg-path', '/tmp/tmp2gn47cd8']
[2025-02-09T17:57:37.692+0000] {standard_task_runner.py:105} INFO - Job 218: Subtask extract_postgres_data
[2025-02-09T17:57:37.941+0000] {task_command.py:467} INFO - Running <TaskInstance: extract_postgres_and_csv_data.extract_postgres_data manual__2025-02-09T17:57:32.501836+00:00 [running]> on host 58bc83bc12fd
[2025-02-09T17:57:38.359+0000] {taskinstance.py:3132} INFO - Exporting env vars: AIRFLOW_CTX_DAG_OWNER='***' AIRFLOW_CTX_DAG_ID='extract_postgres_and_csv_data' AIRFLOW_CTX_TASK_ID='extract_postgres_data' AIRFLOW_CTX_EXECUTION_DATE='2025-02-09T17:57:32.501836+00:00' AIRFLOW_CTX_TRY_NUMBER='1' AIRFLOW_CTX_DAG_RUN_ID='manual__2025-02-09T17:57:32.501836+00:00'
[2025-02-09T17:57:38.363+0000] {logging_mixin.py:190} INFO - Task instance is in running state
[2025-02-09T17:57:38.364+0000] {logging_mixin.py:190} INFO -  Previous state of the Task instance: queued
[2025-02-09T17:57:38.365+0000] {logging_mixin.py:190} INFO - Current task name:extract_postgres_data state:running start_date:2025-02-09 17:57:37.176535+00:00
[2025-02-09T17:57:38.366+0000] {logging_mixin.py:190} INFO - Dag name:extract_postgres_and_csv_data and current dag run status:running
[2025-02-09T17:57:38.367+0000] {taskinstance.py:731} INFO - ::endgroup::
[2025-02-09T17:57:38.369+0000] {subprocess.py:78} INFO - Tmp dir root location: /tmp
[2025-02-09T17:57:38.556+0000] {subprocess.py:88} INFO - Running command: ['/usr/bin/bash', '-c', 'python /opt/***/meltano/meltano_project/extract/extract_data_db.py']
[2025-02-09T17:57:38.582+0000] {subprocess.py:99} INFO - Output:
[2025-02-09T17:57:54.108+0000] {subprocess.py:106} INFO - ✅ Dados extraídos: /opt/***/meltano/data/postgres/categories/2025-02-09/categories.csv
[2025-02-09T17:57:54.110+0000] {subprocess.py:106} INFO - ✅ Dados extraídos: /opt/***/meltano/data/postgres/products/2025-02-09/products.csv
[2025-02-09T17:57:54.111+0000] {subprocess.py:106} INFO - ✅ Dados extraídos: /opt/***/meltano/data/postgres/suppliers/2025-02-09/suppliers.csv
[2025-02-09T17:57:54.112+0000] {subprocess.py:106} INFO - ✅ Dados extraídos: /opt/***/meltano/data/postgres/employees/2025-02-09/employees.csv
[2025-02-09T17:57:54.113+0000] {subprocess.py:106} INFO - ✅ Dados extraídos: /opt/***/meltano/data/postgres/employee_territories/2025-02-09/employee_territories.csv
[2025-02-09T17:57:54.114+0000] {subprocess.py:106} INFO - ✅ Dados extraídos: /opt/***/meltano/data/postgres/territories/2025-02-09/territories.csv
[2025-02-09T17:57:54.115+0000] {subprocess.py:106} INFO - ✅ Dados extraídos: /opt/***/meltano/data/postgres/region/2025-02-09/region.csv
[2025-02-09T17:57:54.115+0000] {subprocess.py:106} INFO - ✅ Dados extraídos: /opt/***/meltano/data/postgres/orders/2025-02-09/orders.csv
[2025-02-09T17:57:54.116+0000] {subprocess.py:106} INFO - ✅ Dados extraídos: /opt/***/meltano/data/postgres/shippers/2025-02-09/shippers.csv
[2025-02-09T17:57:54.117+0000] {subprocess.py:106} INFO - ✅ Dados extraídos: /opt/***/meltano/data/postgres/us_states/2025-02-09/us_states.csv
[2025-02-09T17:57:54.118+0000] {subprocess.py:106} INFO - ✅ Dados extraídos: /opt/***/meltano/data/postgres/customer_customer_demo/2025-02-09/customer_customer_demo.csv
[2025-02-09T17:57:54.139+0000] {job.py:229} INFO - Heartbeat recovered after 11.41 seconds
[2025-02-09T17:57:56.395+0000] {subprocess.py:110} INFO - Command exited with return code 0
[2025-02-09T17:57:57.594+0000] {taskinstance.py:340} INFO - ::group::Post task execution logs
[2025-02-09T17:57:57.595+0000] {taskinstance.py:352} INFO - Marking task as SUCCESS. dag_id=extract_postgres_and_csv_data, task_id=extract_postgres_data, run_id=manual__2025-02-09T17:57:32.501836+00:00, execution_date=20250209T175732, start_date=20250209T175737, end_date=20250209T175757
[2025-02-09T17:57:57.830+0000] {logging_mixin.py:190} INFO - Task instance in success state
[2025-02-09T17:57:57.831+0000] {logging_mixin.py:190} INFO -  Previous state of the Task instance: running
[2025-02-09T17:57:57.832+0000] {logging_mixin.py:190} INFO - Dag name:extract_postgres_and_csv_data queued_at:2025-02-09 17:57:32.519220+00:00
[2025-02-09T17:57:57.833+0000] {logging_mixin.py:190} INFO - Task hostname:58bc83bc12fd operator:BashOperator
[2025-02-09T17:57:57.859+0000] {local_task_job_runner.py:266} INFO - Task exited with return code 0
[2025-02-09T17:57:57.878+0000] {standard_task_runner.py:217} INFO - Process not found (most likely exited), stop collecting metrics
[2025-02-09T17:57:57.898+0000] {taskinstance.py:3895} INFO - 1 downstream tasks scheduled from follow-on schedule check
[2025-02-09T17:57:57.910+0000] {local_task_job_runner.py:245} INFO - ::endgroup::
