[2025-02-09T16:42:00.195+0000] {local_task_job_runner.py:123} INFO - ::group::Pre task execution logs
[2025-02-09T16:42:00.232+0000] {taskinstance.py:2613} INFO - Dependencies all met for dep_context=non-requeueable deps ti=<TaskInstance: extract_postgres_and_csv_data.load_data_csv_for_db manual__2025-02-09T16:41:46.979233+00:00 [queued]>
[2025-02-09T16:42:00.256+0000] {taskinstance.py:2613} INFO - Dependencies all met for dep_context=requeueable deps ti=<TaskInstance: extract_postgres_and_csv_data.load_data_csv_for_db manual__2025-02-09T16:41:46.979233+00:00 [queued]>
[2025-02-09T16:42:00.261+0000] {taskinstance.py:2866} INFO - Starting attempt 1 of 2
[2025-02-09T16:42:00.302+0000] {taskinstance.py:2889} INFO - Executing <Task(PythonOperator): load_data_csv_for_db> on 2025-02-09 16:41:46.979233+00:00
[2025-02-09T16:42:00.322+0000] {warnings.py:112} WARNING - /home/***/.local/lib/python3.12/site-packages/***/task/task_runner/standard_task_runner.py:70: DeprecationWarning: This process (pid=3279) is multi-threaded, use of fork() may lead to deadlocks in the child.
  pid = os.fork()

[2025-02-09T16:42:00.330+0000] {standard_task_runner.py:72} INFO - Started process 3281 to run task
[2025-02-09T16:42:00.331+0000] {standard_task_runner.py:104} INFO - Running: ['***', 'tasks', 'run', 'extract_postgres_and_csv_data', 'load_data_csv_for_db', 'manual__2025-02-09T16:41:46.979233+00:00', '--job-id', '155', '--raw', '--subdir', 'DAGS_FOLDER/extract_postgres_and_csv_data.py', '--cfg-path', '/tmp/tmp6hhrqcpv']
[2025-02-09T16:42:00.335+0000] {standard_task_runner.py:105} INFO - Job 155: Subtask load_data_csv_for_db
[2025-02-09T16:42:00.469+0000] {task_command.py:467} INFO - Running <TaskInstance: extract_postgres_and_csv_data.load_data_csv_for_db manual__2025-02-09T16:41:46.979233+00:00 [running]> on host 8c410daec8d3
[2025-02-09T16:42:01.278+0000] {taskinstance.py:3132} INFO - Exporting env vars: AIRFLOW_CTX_DAG_OWNER='***' AIRFLOW_CTX_DAG_ID='extract_postgres_and_csv_data' AIRFLOW_CTX_TASK_ID='load_data_csv_for_db' AIRFLOW_CTX_EXECUTION_DATE='2025-02-09T16:41:46.979233+00:00' AIRFLOW_CTX_TRY_NUMBER='1' AIRFLOW_CTX_DAG_RUN_ID='manual__2025-02-09T16:41:46.979233+00:00'
[2025-02-09T16:42:01.280+0000] {logging_mixin.py:190} INFO - Task instance is in running state
[2025-02-09T16:42:01.281+0000] {logging_mixin.py:190} INFO -  Previous state of the Task instance: queued
[2025-02-09T16:42:01.282+0000] {logging_mixin.py:190} INFO - Current task name:load_data_csv_for_db state:running start_date:2025-02-09 16:42:00.233062+00:00
[2025-02-09T16:42:01.283+0000] {logging_mixin.py:190} INFO - Dag name:extract_postgres_and_csv_data and current dag run status:running
[2025-02-09T16:42:01.284+0000] {taskinstance.py:731} INFO - ::endgroup::
[2025-02-09T16:42:05.254+0000] {python.py:240} INFO - Done. Returned value was: None
[2025-02-09T16:42:05.268+0000] {taskinstance.py:340} INFO - ::group::Post task execution logs
[2025-02-09T16:42:05.269+0000] {taskinstance.py:352} INFO - Marking task as SUCCESS. dag_id=extract_postgres_and_csv_data, task_id=load_data_csv_for_db, run_id=manual__2025-02-09T16:41:46.979233+00:00, execution_date=20250209T164146, start_date=20250209T164200, end_date=20250209T164205
[2025-02-09T16:42:05.285+0000] {logging_mixin.py:190} INFO - Task instance in success state
[2025-02-09T16:42:05.286+0000] {logging_mixin.py:190} INFO -  Previous state of the Task instance: running
[2025-02-09T16:42:05.287+0000] {logging_mixin.py:190} INFO - Dag name:extract_postgres_and_csv_data queued_at:2025-02-09 16:41:47.001639+00:00
[2025-02-09T16:42:05.287+0000] {logging_mixin.py:190} INFO - Task hostname:8c410daec8d3 operator:PythonOperator
[2025-02-09T16:42:05.320+0000] {local_task_job_runner.py:266} INFO - Task exited with return code 0
[2025-02-09T16:42:05.346+0000] {standard_task_runner.py:217} INFO - Process not found (most likely exited), stop collecting metrics
[2025-02-09T16:42:05.352+0000] {taskinstance.py:3895} INFO - 0 downstream tasks scheduled from follow-on schedule check
[2025-02-09T16:42:05.356+0000] {local_task_job_runner.py:245} INFO - ::endgroup::
