[2025-02-09T19:00:00.749+0000] {local_task_job_runner.py:123} INFO - ::group::Pre task execution logs
[2025-02-09T19:00:00.771+0000] {taskinstance.py:2613} INFO - Dependencies all met for dep_context=non-requeueable deps ti=<TaskInstance: extract_postgres_and_csv_data.run_load_data_script manual__2025-02-09T18:59:36.859418+00:00 [queued]>
[2025-02-09T19:00:00.782+0000] {taskinstance.py:2613} INFO - Dependencies all met for dep_context=requeueable deps ti=<TaskInstance: extract_postgres_and_csv_data.run_load_data_script manual__2025-02-09T18:59:36.859418+00:00 [queued]>
[2025-02-09T19:00:00.783+0000] {taskinstance.py:2866} INFO - Starting attempt 1 of 2
[2025-02-09T19:00:00.944+0000] {taskinstance.py:2889} INFO - Executing <Task(BashOperator): run_load_data_script> on 2025-02-09 18:59:36.859418+00:00
[2025-02-09T19:00:00.954+0000] {warnings.py:112} WARNING - /home/***/.local/lib/python3.12/site-packages/***/task/task_runner/standard_task_runner.py:70: DeprecationWarning: This process (pid=170) is multi-threaded, use of fork() may lead to deadlocks in the child.
  pid = os.fork()

[2025-02-09T19:00:00.956+0000] {standard_task_runner.py:72} INFO - Started process 172 to run task
[2025-02-09T19:00:00.957+0000] {standard_task_runner.py:104} INFO - Running: ['***', 'tasks', 'run', 'extract_postgres_and_csv_data', 'run_load_data_script', 'manual__2025-02-09T18:59:36.859418+00:00', '--job-id', '294', '--raw', '--subdir', 'DAGS_FOLDER/extract_postgres_and_csv_data.py', '--cfg-path', '/tmp/tmp_ste4px0']
[2025-02-09T19:00:00.959+0000] {standard_task_runner.py:105} INFO - Job 294: Subtask run_load_data_script
[2025-02-09T19:00:01.022+0000] {task_command.py:467} INFO - Running <TaskInstance: extract_postgres_and_csv_data.run_load_data_script manual__2025-02-09T18:59:36.859418+00:00 [running]> on host 58bc83bc12fd
[2025-02-09T19:00:01.133+0000] {taskinstance.py:3132} INFO - Exporting env vars: AIRFLOW_CTX_DAG_OWNER='***' AIRFLOW_CTX_DAG_ID='extract_postgres_and_csv_data' AIRFLOW_CTX_TASK_ID='run_load_data_script' AIRFLOW_CTX_EXECUTION_DATE='2025-02-09T18:59:36.859418+00:00' AIRFLOW_CTX_TRY_NUMBER='1' AIRFLOW_CTX_DAG_RUN_ID='manual__2025-02-09T18:59:36.859418+00:00'
[2025-02-09T19:00:01.135+0000] {logging_mixin.py:190} INFO - Task instance is in running state
[2025-02-09T19:00:01.136+0000] {logging_mixin.py:190} INFO -  Previous state of the Task instance: queued
[2025-02-09T19:00:01.137+0000] {logging_mixin.py:190} INFO - Current task name:run_load_data_script state:running start_date:2025-02-09 19:00:00.772310+00:00
[2025-02-09T19:00:01.137+0000] {logging_mixin.py:190} INFO - Dag name:extract_postgres_and_csv_data and current dag run status:running
[2025-02-09T19:00:01.138+0000] {taskinstance.py:731} INFO - ::endgroup::
[2025-02-09T19:00:01.140+0000] {subprocess.py:78} INFO - Tmp dir root location: /tmp
[2025-02-09T19:00:01.142+0000] {subprocess.py:88} INFO - Running command: ['/usr/bin/bash', '-c', 'python /opt/***/meltano/meltano_project/load/load_data_csv_for_db.py']
[2025-02-09T19:00:01.160+0000] {subprocess.py:99} INFO - Output:
[2025-02-09T19:00:04.746+0000] {subprocess.py:106} INFO - Conexão bem-sucedida ao banco de dados!
[2025-02-09T19:00:04.747+0000] {subprocess.py:106} INFO - Tabela 'order_details' criada com sucesso!
[2025-02-09T19:00:04.748+0000] {subprocess.py:106} INFO - Carregando dados do arquivo: /opt/***/meltano/data/csv/2025-02-09/order_details.csv
[2025-02-09T19:00:04.749+0000] {subprocess.py:106} INFO - Conexão bem-sucedida ao banco de dados!
[2025-02-09T19:00:04.751+0000] {subprocess.py:106} INFO - Dados inseridos com sucesso!
[2025-02-09T19:00:04.752+0000] {subprocess.py:106} INFO - Conexão bem-sucedida ao banco de dados!
[2025-02-09T19:00:04.753+0000] {subprocess.py:106} INFO - Erro ao buscar dados: No module named 'xlsxwriter'
[2025-02-09T19:00:04.943+0000] {subprocess.py:110} INFO - Command exited with return code 0
[2025-02-09T19:00:04.987+0000] {taskinstance.py:340} INFO - ::group::Post task execution logs
[2025-02-09T19:00:04.988+0000] {taskinstance.py:352} INFO - Marking task as SUCCESS. dag_id=extract_postgres_and_csv_data, task_id=run_load_data_script, run_id=manual__2025-02-09T18:59:36.859418+00:00, execution_date=20250209T185936, start_date=20250209T190000, end_date=20250209T190004
[2025-02-09T19:00:05.009+0000] {logging_mixin.py:190} INFO - Task instance in success state
[2025-02-09T19:00:05.009+0000] {logging_mixin.py:190} INFO -  Previous state of the Task instance: running
[2025-02-09T19:00:05.010+0000] {logging_mixin.py:190} INFO - Dag name:extract_postgres_and_csv_data queued_at:2025-02-09 18:59:36.882792+00:00
[2025-02-09T19:00:05.011+0000] {logging_mixin.py:190} INFO - Task hostname:58bc83bc12fd operator:BashOperator
[2025-02-09T19:00:05.047+0000] {local_task_job_runner.py:266} INFO - Task exited with return code 0
[2025-02-09T19:00:05.077+0000] {taskinstance.py:3895} INFO - 0 downstream tasks scheduled from follow-on schedule check
[2025-02-09T19:00:05.081+0000] {local_task_job_runner.py:245} INFO - ::endgroup::
