[2025-02-09T10:44:00.875+0000] {local_task_job_runner.py:123} INFO - ::group::Pre task execution logs
[2025-02-09T10:44:00.909+0000] {taskinstance.py:2613} INFO - Dependencies all met for dep_context=non-requeueable deps ti=<TaskInstance: Extract_DB_data.run_meltano_script_db manual__2025-02-09T10:43:53.509553+00:00 [queued]>
[2025-02-09T10:44:00.925+0000] {taskinstance.py:2613} INFO - Dependencies all met for dep_context=requeueable deps ti=<TaskInstance: Extract_DB_data.run_meltano_script_db manual__2025-02-09T10:43:53.509553+00:00 [queued]>
[2025-02-09T10:44:00.958+0000] {taskinstance.py:2866} INFO - Starting attempt 1 of 2
[2025-02-09T10:44:01.136+0000] {taskinstance.py:2889} INFO - Executing <Task(PythonOperator): run_meltano_script_db> on 2025-02-09 10:43:53.509553+00:00
[2025-02-09T10:44:01.147+0000] {warnings.py:112} WARNING - /home/***/.local/lib/python3.12/site-packages/***/task/task_runner/standard_task_runner.py:70: DeprecationWarning: This process (pid=101) is multi-threaded, use of fork() may lead to deadlocks in the child.
  pid = os.fork()

[2025-02-09T10:44:01.152+0000] {standard_task_runner.py:72} INFO - Started process 103 to run task
[2025-02-09T10:44:01.152+0000] {standard_task_runner.py:104} INFO - Running: ['***', 'tasks', 'run', 'Extract_DB_data', 'run_meltano_script_db', 'manual__2025-02-09T10:43:53.509553+00:00', '--job-id', '58', '--raw', '--subdir', 'DAGS_FOLDER/Extract_DB_data.py', '--cfg-path', '/tmp/tmp3awi7_qm']
[2025-02-09T10:44:01.155+0000] {standard_task_runner.py:105} INFO - Job 58: Subtask run_meltano_script_db
[2025-02-09T10:44:01.233+0000] {task_command.py:467} INFO - Running <TaskInstance: Extract_DB_data.run_meltano_script_db manual__2025-02-09T10:43:53.509553+00:00 [running]> on host c063c986458a
[2025-02-09T10:44:01.365+0000] {taskinstance.py:3132} INFO - Exporting env vars: AIRFLOW_CTX_DAG_OWNER='***' AIRFLOW_CTX_DAG_ID='Extract_DB_data' AIRFLOW_CTX_TASK_ID='run_meltano_script_db' AIRFLOW_CTX_EXECUTION_DATE='2025-02-09T10:43:53.509553+00:00' AIRFLOW_CTX_TRY_NUMBER='1' AIRFLOW_CTX_DAG_RUN_ID='manual__2025-02-09T10:43:53.509553+00:00'
[2025-02-09T10:44:01.367+0000] {logging_mixin.py:190} INFO - Task instance is in running state
[2025-02-09T10:44:01.368+0000] {logging_mixin.py:190} INFO -  Previous state of the Task instance: queued
[2025-02-09T10:44:01.369+0000] {logging_mixin.py:190} INFO - Current task name:run_meltano_script_db state:running start_date:2025-02-09 10:44:00.911038+00:00
[2025-02-09T10:44:01.370+0000] {logging_mixin.py:190} INFO - Dag name:Extract_DB_data and current dag run status:running
[2025-02-09T10:44:01.371+0000] {taskinstance.py:731} INFO - ::endgroup::
[2025-02-09T10:44:01.759+0000] {python.py:240} INFO - Done. Returned value was: None
[2025-02-09T10:44:01.776+0000] {taskinstance.py:340} INFO - ::group::Post task execution logs
[2025-02-09T10:44:01.777+0000] {taskinstance.py:352} INFO - Marking task as SUCCESS. dag_id=Extract_DB_data, task_id=run_meltano_script_db, run_id=manual__2025-02-09T10:43:53.509553+00:00, execution_date=20250209T104353, start_date=20250209T104400, end_date=20250209T104401
[2025-02-09T10:44:01.796+0000] {logging_mixin.py:190} INFO - Task instance in success state
[2025-02-09T10:44:01.797+0000] {logging_mixin.py:190} INFO -  Previous state of the Task instance: running
[2025-02-09T10:44:01.798+0000] {logging_mixin.py:190} INFO - Dag name:Extract_DB_data queued_at:2025-02-09 10:43:53.559406+00:00
[2025-02-09T10:44:01.800+0000] {logging_mixin.py:190} INFO - Task hostname:c063c986458a operator:PythonOperator
[2025-02-09T10:44:01.819+0000] {local_task_job_runner.py:266} INFO - Task exited with return code 0
[2025-02-09T10:44:01.849+0000] {taskinstance.py:3895} INFO - 0 downstream tasks scheduled from follow-on schedule check
[2025-02-09T10:44:01.852+0000] {local_task_job_runner.py:245} INFO - ::endgroup::
