[2025-02-09T12:52:33.127+0000] {local_task_job_runner.py:123} INFO - ::group::Pre task execution logs
[2025-02-09T12:52:33.150+0000] {taskinstance.py:2613} INFO - Dependencies all met for dep_context=non-requeueable deps ti=<TaskInstance: extract_postgres_tables.extract_postgres_data manual__2025-02-09T12:52:29.340169+00:00 [queued]>
[2025-02-09T12:52:33.164+0000] {taskinstance.py:2613} INFO - Dependencies all met for dep_context=requeueable deps ti=<TaskInstance: extract_postgres_tables.extract_postgres_data manual__2025-02-09T12:52:29.340169+00:00 [queued]>
[2025-02-09T12:52:33.165+0000] {taskinstance.py:2866} INFO - Starting attempt 1 of 2
[2025-02-09T12:52:33.345+0000] {taskinstance.py:2889} INFO - Executing <Task(BashOperator): extract_postgres_data> on 2025-02-09 12:52:29.340169+00:00
[2025-02-09T12:52:33.356+0000] {warnings.py:112} WARNING - /home/***/.local/lib/python3.12/site-packages/***/task/task_runner/standard_task_runner.py:70: DeprecationWarning: This process (pid=286) is multi-threaded, use of fork() may lead to deadlocks in the child.
  pid = os.fork()

[2025-02-09T12:52:33.359+0000] {standard_task_runner.py:72} INFO - Started process 288 to run task
[2025-02-09T12:52:33.358+0000] {standard_task_runner.py:104} INFO - Running: ['***', 'tasks', 'run', 'extract_postgres_tables', 'extract_postgres_data', 'manual__2025-02-09T12:52:29.340169+00:00', '--job-id', '80', '--raw', '--subdir', 'DAGS_FOLDER/Extract_DB_data.py', '--cfg-path', '/tmp/tmpf4hojaz_']
[2025-02-09T12:52:33.360+0000] {standard_task_runner.py:105} INFO - Job 80: Subtask extract_postgres_data
[2025-02-09T12:52:33.437+0000] {task_command.py:467} INFO - Running <TaskInstance: extract_postgres_tables.extract_postgres_data manual__2025-02-09T12:52:29.340169+00:00 [running]> on host ab1b09830f1d
[2025-02-09T12:52:33.569+0000] {taskinstance.py:3132} INFO - Exporting env vars: AIRFLOW_CTX_DAG_OWNER='***' AIRFLOW_CTX_DAG_ID='extract_postgres_tables' AIRFLOW_CTX_TASK_ID='extract_postgres_data' AIRFLOW_CTX_EXECUTION_DATE='2025-02-09T12:52:29.340169+00:00' AIRFLOW_CTX_TRY_NUMBER='1' AIRFLOW_CTX_DAG_RUN_ID='manual__2025-02-09T12:52:29.340169+00:00'
[2025-02-09T12:52:33.571+0000] {logging_mixin.py:190} INFO - Task instance is in running state
[2025-02-09T12:52:33.572+0000] {logging_mixin.py:190} INFO -  Previous state of the Task instance: queued
[2025-02-09T12:52:33.573+0000] {logging_mixin.py:190} INFO - Current task name:extract_postgres_data state:running start_date:2025-02-09 12:52:33.151869+00:00
[2025-02-09T12:52:33.573+0000] {logging_mixin.py:190} INFO - Dag name:extract_postgres_tables and current dag run status:running
[2025-02-09T12:52:33.574+0000] {taskinstance.py:731} INFO - ::endgroup::
[2025-02-09T12:52:33.575+0000] {subprocess.py:78} INFO - Tmp dir root location: /tmp
[2025-02-09T12:52:33.577+0000] {subprocess.py:88} INFO - Running command: ['/usr/bin/bash', '-c', 'python /opt/***/meltano/meltano_project/transform/extract_data_db.py']
[2025-02-09T12:52:33.604+0000] {subprocess.py:99} INFO - Output:
[2025-02-09T12:52:34.374+0000] {subprocess.py:106} INFO - ✅ Dados extraídos: /mnt/c/data/postgres_exports/categories/2025-02-09/categories.csv
[2025-02-09T12:52:34.376+0000] {subprocess.py:106} INFO - ✅ Dados extraídos: /mnt/c/data/postgres_exports/products/2025-02-09/products.csv
[2025-02-09T12:52:34.386+0000] {subprocess.py:110} INFO - Command exited with return code 0
[2025-02-09T12:52:34.427+0000] {taskinstance.py:340} INFO - ::group::Post task execution logs
[2025-02-09T12:52:34.428+0000] {taskinstance.py:352} INFO - Marking task as SUCCESS. dag_id=extract_postgres_tables, task_id=extract_postgres_data, run_id=manual__2025-02-09T12:52:29.340169+00:00, execution_date=20250209T125229, start_date=20250209T125233, end_date=20250209T125234
[2025-02-09T12:52:34.444+0000] {logging_mixin.py:190} INFO - Task instance in success state
[2025-02-09T12:52:34.445+0000] {logging_mixin.py:190} INFO -  Previous state of the Task instance: running
[2025-02-09T12:52:34.446+0000] {logging_mixin.py:190} INFO - Dag name:extract_postgres_tables queued_at:2025-02-09 12:52:29.362892+00:00
[2025-02-09T12:52:34.446+0000] {logging_mixin.py:190} INFO - Task hostname:ab1b09830f1d operator:BashOperator
[2025-02-09T12:52:34.469+0000] {local_task_job_runner.py:266} INFO - Task exited with return code 0
[2025-02-09T12:52:34.496+0000] {taskinstance.py:3895} INFO - 0 downstream tasks scheduled from follow-on schedule check
[2025-02-09T12:52:34.499+0000] {local_task_job_runner.py:245} INFO - ::endgroup::
