[2025-02-09T10:47:48.173+0000] {local_task_job_runner.py:123} INFO - ::group::Pre task execution logs
[2025-02-09T10:47:48.195+0000] {taskinstance.py:2613} INFO - Dependencies all met for dep_context=non-requeueable deps ti=<TaskInstance: Extract_DB_data.run_meltano_script_db manual__2025-02-09T10:47:43.295664+00:00 [queued]>
[2025-02-09T10:47:48.207+0000] {taskinstance.py:2613} INFO - Dependencies all met for dep_context=requeueable deps ti=<TaskInstance: Extract_DB_data.run_meltano_script_db manual__2025-02-09T10:47:43.295664+00:00 [queued]>
[2025-02-09T10:47:48.209+0000] {taskinstance.py:2866} INFO - Starting attempt 1 of 2
[2025-02-09T10:47:48.391+0000] {taskinstance.py:2889} INFO - Executing <Task(PythonOperator): run_meltano_script_db> on 2025-02-09 10:47:43.295664+00:00
[2025-02-09T10:47:48.401+0000] {warnings.py:112} WARNING - /home/***/.local/lib/python3.12/site-packages/***/task/task_runner/standard_task_runner.py:70: DeprecationWarning: This process (pid=155) is multi-threaded, use of fork() may lead to deadlocks in the child.
  pid = os.fork()

[2025-02-09T10:47:48.404+0000] {standard_task_runner.py:72} INFO - Started process 157 to run task
[2025-02-09T10:47:48.404+0000] {standard_task_runner.py:104} INFO - Running: ['***', 'tasks', 'run', 'Extract_DB_data', 'run_meltano_script_db', 'manual__2025-02-09T10:47:43.295664+00:00', '--job-id', '59', '--raw', '--subdir', 'DAGS_FOLDER/Extract_DB_data.py', '--cfg-path', '/tmp/tmp5m4rf_m_']
[2025-02-09T10:47:48.406+0000] {standard_task_runner.py:105} INFO - Job 59: Subtask run_meltano_script_db
[2025-02-09T10:47:48.470+0000] {task_command.py:467} INFO - Running <TaskInstance: Extract_DB_data.run_meltano_script_db manual__2025-02-09T10:47:43.295664+00:00 [running]> on host c063c986458a
[2025-02-09T10:47:48.582+0000] {taskinstance.py:3132} INFO - Exporting env vars: AIRFLOW_CTX_DAG_OWNER='***' AIRFLOW_CTX_DAG_ID='Extract_DB_data' AIRFLOW_CTX_TASK_ID='run_meltano_script_db' AIRFLOW_CTX_EXECUTION_DATE='2025-02-09T10:47:43.295664+00:00' AIRFLOW_CTX_TRY_NUMBER='1' AIRFLOW_CTX_DAG_RUN_ID='manual__2025-02-09T10:47:43.295664+00:00'
[2025-02-09T10:47:48.584+0000] {logging_mixin.py:190} INFO - Task instance is in running state
[2025-02-09T10:47:48.585+0000] {logging_mixin.py:190} INFO -  Previous state of the Task instance: queued
[2025-02-09T10:47:48.586+0000] {logging_mixin.py:190} INFO - Current task name:run_meltano_script_db state:running start_date:2025-02-09 10:47:48.196855+00:00
[2025-02-09T10:47:48.586+0000] {logging_mixin.py:190} INFO - Dag name:Extract_DB_data and current dag run status:running
[2025-02-09T10:47:48.587+0000] {taskinstance.py:731} INFO - ::endgroup::
[2025-02-09T10:47:48.899+0000] {python.py:240} INFO - Done. Returned value was: None
[2025-02-09T10:47:48.914+0000] {taskinstance.py:340} INFO - ::group::Post task execution logs
[2025-02-09T10:47:48.915+0000] {taskinstance.py:352} INFO - Marking task as SUCCESS. dag_id=Extract_DB_data, task_id=run_meltano_script_db, run_id=manual__2025-02-09T10:47:43.295664+00:00, execution_date=20250209T104743, start_date=20250209T104748, end_date=20250209T104748
[2025-02-09T10:47:48.929+0000] {logging_mixin.py:190} INFO - Task instance in success state
[2025-02-09T10:47:48.929+0000] {logging_mixin.py:190} INFO -  Previous state of the Task instance: running
[2025-02-09T10:47:48.930+0000] {logging_mixin.py:190} INFO - Dag name:Extract_DB_data queued_at:2025-02-09 10:47:43.348894+00:00
[2025-02-09T10:47:48.931+0000] {logging_mixin.py:190} INFO - Task hostname:c063c986458a operator:PythonOperator
[2025-02-09T10:47:48.950+0000] {local_task_job_runner.py:266} INFO - Task exited with return code 0
[2025-02-09T10:47:48.972+0000] {taskinstance.py:3895} INFO - 0 downstream tasks scheduled from follow-on schedule check
[2025-02-09T10:47:48.975+0000] {local_task_job_runner.py:245} INFO - ::endgroup::
