[2025-02-09T06:16:29.414+0000] {local_task_job_runner.py:123} INFO - ::group::Pre task execution logs
[2025-02-09T06:16:29.444+0000] {taskinstance.py:2613} INFO - Dependencies all met for dep_context=non-requeueable deps ti=<TaskInstance: A_Execute_db_conection.run_meltano_script manual__2025-02-09T06:16:18.523860+00:00 [queued]>
[2025-02-09T06:16:29.459+0000] {taskinstance.py:2613} INFO - Dependencies all met for dep_context=requeueable deps ti=<TaskInstance: A_Execute_db_conection.run_meltano_script manual__2025-02-09T06:16:18.523860+00:00 [queued]>
[2025-02-09T06:16:29.461+0000] {taskinstance.py:2866} INFO - Starting attempt 1 of 2
[2025-02-09T06:16:29.486+0000] {taskinstance.py:2889} INFO - Executing <Task(PythonOperator): run_meltano_script> on 2025-02-09 06:16:18.523860+00:00
[2025-02-09T06:16:29.498+0000] {warnings.py:112} WARNING - /home/***/.local/lib/python3.12/site-packages/***/task/task_runner/standard_task_runner.py:70: DeprecationWarning: This process (pid=101) is multi-threaded, use of fork() may lead to deadlocks in the child.
  pid = os.fork()

[2025-02-09T06:16:29.500+0000] {standard_task_runner.py:72} INFO - Started process 103 to run task
[2025-02-09T06:16:29.503+0000] {standard_task_runner.py:104} INFO - Running: ['***', 'tasks', 'run', 'A_Execute_db_conection', 'run_meltano_script', 'manual__2025-02-09T06:16:18.523860+00:00', '--job-id', '13', '--raw', '--subdir', 'DAGS_FOLDER/connectBD_to_extract.py', '--cfg-path', '/tmp/tmphde36tp6']
[2025-02-09T06:16:29.506+0000] {standard_task_runner.py:105} INFO - Job 13: Subtask run_meltano_script
[2025-02-09T06:16:30.009+0000] {task_command.py:467} INFO - Running <TaskInstance: A_Execute_db_conection.run_meltano_script manual__2025-02-09T06:16:18.523860+00:00 [running]> on host fafca5897637
[2025-02-09T06:16:30.131+0000] {taskinstance.py:3132} INFO - Exporting env vars: AIRFLOW_CTX_DAG_OWNER='***' AIRFLOW_CTX_DAG_ID='A_Execute_db_conection' AIRFLOW_CTX_TASK_ID='run_meltano_script' AIRFLOW_CTX_EXECUTION_DATE='2025-02-09T06:16:18.523860+00:00' AIRFLOW_CTX_TRY_NUMBER='1' AIRFLOW_CTX_DAG_RUN_ID='manual__2025-02-09T06:16:18.523860+00:00'
[2025-02-09T06:16:30.133+0000] {logging_mixin.py:190} INFO - Task instance is in running state
[2025-02-09T06:16:30.134+0000] {logging_mixin.py:190} INFO -  Previous state of the Task instance: queued
[2025-02-09T06:16:30.134+0000] {logging_mixin.py:190} INFO - Current task name:run_meltano_script state:running start_date:2025-02-09 06:16:29.445445+00:00
[2025-02-09T06:16:30.135+0000] {logging_mixin.py:190} INFO - Dag name:A_Execute_db_conection and current dag run status:running
[2025-02-09T06:16:30.136+0000] {taskinstance.py:731} INFO - ::endgroup::
[2025-02-09T06:16:30.416+0000] {python.py:240} INFO - Done. Returned value was: None
[2025-02-09T06:16:30.429+0000] {taskinstance.py:340} INFO - ::group::Post task execution logs
[2025-02-09T06:16:30.430+0000] {taskinstance.py:352} INFO - Marking task as SUCCESS. dag_id=A_Execute_db_conection, task_id=run_meltano_script, run_id=manual__2025-02-09T06:16:18.523860+00:00, execution_date=20250209T061618, start_date=20250209T061629, end_date=20250209T061630
[2025-02-09T06:16:30.452+0000] {logging_mixin.py:190} INFO - Task instance in success state
[2025-02-09T06:16:30.453+0000] {logging_mixin.py:190} INFO -  Previous state of the Task instance: running
[2025-02-09T06:16:30.453+0000] {logging_mixin.py:190} INFO - Dag name:A_Execute_db_conection queued_at:2025-02-09 06:16:18.555164+00:00
[2025-02-09T06:16:30.454+0000] {logging_mixin.py:190} INFO - Task hostname:fafca5897637 operator:PythonOperator
[2025-02-09T06:16:30.485+0000] {local_task_job_runner.py:266} INFO - Task exited with return code 0
[2025-02-09T06:16:30.519+0000] {taskinstance.py:3895} INFO - 0 downstream tasks scheduled from follow-on schedule check
[2025-02-09T06:16:30.523+0000] {local_task_job_runner.py:245} INFO - ::endgroup::
