[2025-02-09T17:55:55.606+0000] {local_task_job_runner.py:123} INFO - ::group::Pre task execution logs
[2025-02-09T17:55:55.636+0000] {taskinstance.py:2613} INFO - Dependencies all met for dep_context=non-requeueable deps ti=<TaskInstance: extract_postgres_and_csv_data.run_load_data_task manual__2025-02-09T17:55:41.417261+00:00 [queued]>
[2025-02-09T17:55:55.649+0000] {taskinstance.py:2613} INFO - Dependencies all met for dep_context=requeueable deps ti=<TaskInstance: extract_postgres_and_csv_data.run_load_data_task manual__2025-02-09T17:55:41.417261+00:00 [queued]>
[2025-02-09T17:55:55.650+0000] {taskinstance.py:2866} INFO - Starting attempt 1 of 2
[2025-02-09T17:55:55.867+0000] {taskinstance.py:2889} INFO - Executing <Task(PythonOperator): run_load_data_task> on 2025-02-09 17:55:41.417261+00:00
[2025-02-09T17:55:55.888+0000] {warnings.py:112} WARNING - /home/***/.local/lib/python3.12/site-packages/***/task/task_runner/standard_task_runner.py:70: DeprecationWarning: This process (pid=154) is multi-threaded, use of fork() may lead to deadlocks in the child.
  pid = os.fork()

[2025-02-09T17:55:55.890+0000] {standard_task_runner.py:104} INFO - Running: ['***', 'tasks', 'run', 'extract_postgres_and_csv_data', 'run_load_data_task', 'manual__2025-02-09T17:55:41.417261+00:00', '--job-id', '217', '--raw', '--subdir', 'DAGS_FOLDER/extract_postgres_and_csv_data.py', '--cfg-path', '/tmp/tmpa2mnmbfs']
[2025-02-09T17:55:55.894+0000] {standard_task_runner.py:72} INFO - Started process 156 to run task
[2025-02-09T17:55:55.895+0000] {standard_task_runner.py:105} INFO - Job 217: Subtask run_load_data_task
[2025-02-09T17:55:55.991+0000] {task_command.py:467} INFO - Running <TaskInstance: extract_postgres_and_csv_data.run_load_data_task manual__2025-02-09T17:55:41.417261+00:00 [running]> on host 58bc83bc12fd
[2025-02-09T17:55:56.144+0000] {taskinstance.py:3132} INFO - Exporting env vars: AIRFLOW_CTX_DAG_OWNER='***' AIRFLOW_CTX_DAG_ID='extract_postgres_and_csv_data' AIRFLOW_CTX_TASK_ID='run_load_data_task' AIRFLOW_CTX_EXECUTION_DATE='2025-02-09T17:55:41.417261+00:00' AIRFLOW_CTX_TRY_NUMBER='1' AIRFLOW_CTX_DAG_RUN_ID='manual__2025-02-09T17:55:41.417261+00:00'
[2025-02-09T17:55:56.146+0000] {logging_mixin.py:190} INFO - Task instance is in running state
[2025-02-09T17:55:56.147+0000] {logging_mixin.py:190} INFO -  Previous state of the Task instance: queued
[2025-02-09T17:55:56.148+0000] {logging_mixin.py:190} INFO - Current task name:run_load_data_task state:running start_date:2025-02-09 17:55:55.637309+00:00
[2025-02-09T17:55:56.149+0000] {logging_mixin.py:190} INFO - Dag name:extract_postgres_and_csv_data and current dag run status:running
[2025-02-09T17:55:56.150+0000] {taskinstance.py:731} INFO - ::endgroup::
[2025-02-09T17:56:01.320+0000] {python.py:240} INFO - Done. Returned value was: None
[2025-02-09T17:56:01.341+0000] {taskinstance.py:340} INFO - ::group::Post task execution logs
[2025-02-09T17:56:01.342+0000] {taskinstance.py:352} INFO - Marking task as SUCCESS. dag_id=extract_postgres_and_csv_data, task_id=run_load_data_task, run_id=manual__2025-02-09T17:55:41.417261+00:00, execution_date=20250209T175541, start_date=20250209T175555, end_date=20250209T175601
[2025-02-09T17:56:01.369+0000] {logging_mixin.py:190} INFO - Task instance in success state
[2025-02-09T17:56:01.371+0000] {logging_mixin.py:190} INFO -  Previous state of the Task instance: running
[2025-02-09T17:56:01.373+0000] {logging_mixin.py:190} INFO - Dag name:extract_postgres_and_csv_data queued_at:2025-02-09 17:55:41.461434+00:00
[2025-02-09T17:56:01.377+0000] {logging_mixin.py:190} INFO - Task hostname:58bc83bc12fd operator:PythonOperator
[2025-02-09T17:56:01.419+0000] {local_task_job_runner.py:266} INFO - Task exited with return code 0
[2025-02-09T17:56:01.457+0000] {taskinstance.py:3895} INFO - 0 downstream tasks scheduled from follow-on schedule check
[2025-02-09T17:56:01.461+0000] {local_task_job_runner.py:245} INFO - ::endgroup::
