[2025-02-09T09:36:30.884+0000] {local_task_job_runner.py:123} INFO - ::group::Pre task execution logs
[2025-02-09T09:36:30.906+0000] {taskinstance.py:2613} INFO - Dependencies all met for dep_context=non-requeueable deps ti=<TaskInstance: Extract_CSV_data.run_meltano_script_csv manual__2025-02-09T09:31:22.229578+00:00 [queued]>
[2025-02-09T09:36:30.916+0000] {taskinstance.py:2613} INFO - Dependencies all met for dep_context=requeueable deps ti=<TaskInstance: Extract_CSV_data.run_meltano_script_csv manual__2025-02-09T09:31:22.229578+00:00 [queued]>
[2025-02-09T09:36:30.917+0000] {taskinstance.py:2866} INFO - Starting attempt 2 of 2
[2025-02-09T09:36:31.068+0000] {taskinstance.py:2889} INFO - Executing <Task(PythonOperator): run_meltano_script_csv> on 2025-02-09 09:31:22.229578+00:00
[2025-02-09T09:36:31.076+0000] {warnings.py:112} WARNING - /home/***/.local/lib/python3.12/site-packages/***/task/task_runner/standard_task_runner.py:70: DeprecationWarning: This process (pid=87) is multi-threaded, use of fork() may lead to deadlocks in the child.
  pid = os.fork()

[2025-02-09T09:36:31.078+0000] {standard_task_runner.py:72} INFO - Started process 89 to run task
[2025-02-09T09:36:31.079+0000] {standard_task_runner.py:104} INFO - Running: ['***', 'tasks', 'run', 'Extract_CSV_data', 'run_meltano_script_csv', 'manual__2025-02-09T09:31:22.229578+00:00', '--job-id', '46', '--raw', '--subdir', 'DAGS_FOLDER/Extract_CSV_data.py', '--cfg-path', '/tmp/tmpt08qvxvv']
[2025-02-09T09:36:31.080+0000] {standard_task_runner.py:105} INFO - Job 46: Subtask run_meltano_script_csv
[2025-02-09T09:36:31.141+0000] {task_command.py:467} INFO - Running <TaskInstance: Extract_CSV_data.run_meltano_script_csv manual__2025-02-09T09:31:22.229578+00:00 [running]> on host 82ce0ea42bb9
[2025-02-09T09:36:31.252+0000] {taskinstance.py:3132} INFO - Exporting env vars: AIRFLOW_CTX_DAG_OWNER='***' AIRFLOW_CTX_DAG_ID='Extract_CSV_data' AIRFLOW_CTX_TASK_ID='run_meltano_script_csv' AIRFLOW_CTX_EXECUTION_DATE='2025-02-09T09:31:22.229578+00:00' AIRFLOW_CTX_TRY_NUMBER='2' AIRFLOW_CTX_DAG_RUN_ID='manual__2025-02-09T09:31:22.229578+00:00'
[2025-02-09T09:36:31.253+0000] {logging_mixin.py:190} INFO - Task instance is in running state
[2025-02-09T09:36:31.254+0000] {logging_mixin.py:190} INFO -  Previous state of the Task instance: queued
[2025-02-09T09:36:31.255+0000] {logging_mixin.py:190} INFO - Current task name:run_meltano_script_csv state:running start_date:2025-02-09 09:36:30.906985+00:00
[2025-02-09T09:36:31.256+0000] {logging_mixin.py:190} INFO - Dag name:Extract_CSV_data and current dag run status:running
[2025-02-09T09:36:31.256+0000] {taskinstance.py:731} INFO - ::endgroup::
[2025-02-09T09:36:31.485+0000] {python.py:240} INFO - Done. Returned value was: None
[2025-02-09T09:36:31.498+0000] {taskinstance.py:340} INFO - ::group::Post task execution logs
[2025-02-09T09:36:31.499+0000] {taskinstance.py:352} INFO - Marking task as SUCCESS. dag_id=Extract_CSV_data, task_id=run_meltano_script_csv, run_id=manual__2025-02-09T09:31:22.229578+00:00, execution_date=20250209T093122, start_date=20250209T093630, end_date=20250209T093631
[2025-02-09T09:36:31.518+0000] {logging_mixin.py:190} INFO - Task instance in success state
[2025-02-09T09:36:31.519+0000] {logging_mixin.py:190} INFO -  Previous state of the Task instance: running
[2025-02-09T09:36:31.520+0000] {logging_mixin.py:190} INFO - Dag name:Extract_CSV_data queued_at:2025-02-09 09:31:22.247074+00:00
[2025-02-09T09:36:31.520+0000] {logging_mixin.py:190} INFO - Task hostname:82ce0ea42bb9 operator:PythonOperator
[2025-02-09T09:36:31.543+0000] {local_task_job_runner.py:266} INFO - Task exited with return code 0
[2025-02-09T09:36:31.564+0000] {taskinstance.py:3895} INFO - 0 downstream tasks scheduled from follow-on schedule check
[2025-02-09T09:36:31.568+0000] {local_task_job_runner.py:245} INFO - ::endgroup::
