[2025-02-09T12:05:21.762+0000] {local_task_job_runner.py:123} INFO - ::group::Pre task execution logs
[2025-02-09T12:05:21.786+0000] {taskinstance.py:2613} INFO - Dependencies all met for dep_context=non-requeueable deps ti=<TaskInstance: Extract_DB_data.run_meltano_script_db manual__2025-02-09T12:05:06.955787+00:00 [queued]>
[2025-02-09T12:05:21.801+0000] {taskinstance.py:2613} INFO - Dependencies all met for dep_context=requeueable deps ti=<TaskInstance: Extract_DB_data.run_meltano_script_db manual__2025-02-09T12:05:06.955787+00:00 [queued]>
[2025-02-09T12:05:21.803+0000] {taskinstance.py:2866} INFO - Starting attempt 1 of 2
[2025-02-09T12:05:21.828+0000] {taskinstance.py:2889} INFO - Executing <Task(PythonOperator): run_meltano_script_db> on 2025-02-09 12:05:06.955787+00:00
[2025-02-09T12:05:21.837+0000] {warnings.py:112} WARNING - /home/***/.local/lib/python3.12/site-packages/***/task/task_runner/standard_task_runner.py:70: DeprecationWarning: This process (pid=95) is multi-threaded, use of fork() may lead to deadlocks in the child.
  pid = os.fork()

[2025-02-09T12:05:21.840+0000] {standard_task_runner.py:72} INFO - Started process 97 to run task
[2025-02-09T12:05:21.841+0000] {standard_task_runner.py:104} INFO - Running: ['***', 'tasks', 'run', 'Extract_DB_data', 'run_meltano_script_db', 'manual__2025-02-09T12:05:06.955787+00:00', '--job-id', '66', '--raw', '--subdir', 'DAGS_FOLDER/Extract_DB_data.py', '--cfg-path', '/tmp/tmp1o3c2u1v']
[2025-02-09T12:05:21.844+0000] {standard_task_runner.py:105} INFO - Job 66: Subtask run_meltano_script_db
[2025-02-09T12:05:22.239+0000] {task_command.py:467} INFO - Running <TaskInstance: Extract_DB_data.run_meltano_script_db manual__2025-02-09T12:05:06.955787+00:00 [running]> on host be4fcd55613a
[2025-02-09T12:05:22.401+0000] {taskinstance.py:3132} INFO - Exporting env vars: AIRFLOW_CTX_DAG_OWNER='***' AIRFLOW_CTX_DAG_ID='Extract_DB_data' AIRFLOW_CTX_TASK_ID='run_meltano_script_db' AIRFLOW_CTX_EXECUTION_DATE='2025-02-09T12:05:06.955787+00:00' AIRFLOW_CTX_TRY_NUMBER='1' AIRFLOW_CTX_DAG_RUN_ID='manual__2025-02-09T12:05:06.955787+00:00'
[2025-02-09T12:05:22.403+0000] {logging_mixin.py:190} INFO - Task instance is in running state
[2025-02-09T12:05:22.404+0000] {logging_mixin.py:190} INFO -  Previous state of the Task instance: queued
[2025-02-09T12:05:22.405+0000] {logging_mixin.py:190} INFO - Current task name:run_meltano_script_db state:running start_date:2025-02-09 12:05:21.787874+00:00
[2025-02-09T12:05:22.405+0000] {logging_mixin.py:190} INFO - Dag name:Extract_DB_data and current dag run status:running
[2025-02-09T12:05:22.406+0000] {taskinstance.py:731} INFO - ::endgroup::
[2025-02-09T12:05:23.009+0000] {python.py:240} INFO - Done. Returned value was: None
[2025-02-09T12:05:23.031+0000] {taskinstance.py:340} INFO - ::group::Post task execution logs
[2025-02-09T12:05:23.032+0000] {taskinstance.py:352} INFO - Marking task as SUCCESS. dag_id=Extract_DB_data, task_id=run_meltano_script_db, run_id=manual__2025-02-09T12:05:06.955787+00:00, execution_date=20250209T120506, start_date=20250209T120521, end_date=20250209T120523
[2025-02-09T12:05:23.049+0000] {logging_mixin.py:190} INFO - Task instance in success state
[2025-02-09T12:05:23.050+0000] {logging_mixin.py:190} INFO -  Previous state of the Task instance: running
[2025-02-09T12:05:23.051+0000] {logging_mixin.py:190} INFO - Dag name:Extract_DB_data queued_at:2025-02-09 12:05:06.982057+00:00
[2025-02-09T12:05:23.051+0000] {logging_mixin.py:190} INFO - Task hostname:be4fcd55613a operator:PythonOperator
[2025-02-09T12:05:23.109+0000] {local_task_job_runner.py:266} INFO - Task exited with return code 0
[2025-02-09T12:05:23.324+0000] {taskinstance.py:3895} INFO - 0 downstream tasks scheduled from follow-on schedule check
[2025-02-09T12:05:23.328+0000] {local_task_job_runner.py:245} INFO - ::endgroup::
