[2025-02-09T09:02:17.460+0000] {local_task_job_runner.py:123} INFO - ::group::Pre task execution logs
[2025-02-09T09:02:17.485+0000] {taskinstance.py:2613} INFO - Dependencies all met for dep_context=non-requeueable deps ti=<TaskInstance: Extract_DB_data.run_meltano_script_db manual__2025-02-09T09:02:12.250917+00:00 [queued]>
[2025-02-09T09:02:17.498+0000] {taskinstance.py:2613} INFO - Dependencies all met for dep_context=requeueable deps ti=<TaskInstance: Extract_DB_data.run_meltano_script_db manual__2025-02-09T09:02:12.250917+00:00 [queued]>
[2025-02-09T09:02:17.500+0000] {taskinstance.py:2866} INFO - Starting attempt 1 of 2
[2025-02-09T09:02:17.742+0000] {taskinstance.py:2889} INFO - Executing <Task(PythonOperator): run_meltano_script_db> on 2025-02-09 09:02:12.250917+00:00
[2025-02-09T09:02:17.751+0000] {warnings.py:112} WARNING - /home/***/.local/lib/python3.12/site-packages/***/task/task_runner/standard_task_runner.py:70: DeprecationWarning: This process (pid=442) is multi-threaded, use of fork() may lead to deadlocks in the child.
  pid = os.fork()

[2025-02-09T09:02:17.753+0000] {standard_task_runner.py:72} INFO - Started process 444 to run task
[2025-02-09T09:02:17.754+0000] {standard_task_runner.py:104} INFO - Running: ['***', 'tasks', 'run', 'Extract_DB_data', 'run_meltano_script_db', 'manual__2025-02-09T09:02:12.250917+00:00', '--job-id', '33', '--raw', '--subdir', 'DAGS_FOLDER/Extract_DB_data.py', '--cfg-path', '/tmp/tmp0sdumf52']
[2025-02-09T09:02:17.756+0000] {standard_task_runner.py:105} INFO - Job 33: Subtask run_meltano_script_db
[2025-02-09T09:02:17.845+0000] {task_command.py:467} INFO - Running <TaskInstance: Extract_DB_data.run_meltano_script_db manual__2025-02-09T09:02:12.250917+00:00 [running]> on host 7c8ac1b5db8f
[2025-02-09T09:02:18.021+0000] {taskinstance.py:3132} INFO - Exporting env vars: AIRFLOW_CTX_DAG_OWNER='***' AIRFLOW_CTX_DAG_ID='Extract_DB_data' AIRFLOW_CTX_TASK_ID='run_meltano_script_db' AIRFLOW_CTX_EXECUTION_DATE='2025-02-09T09:02:12.250917+00:00' AIRFLOW_CTX_TRY_NUMBER='1' AIRFLOW_CTX_DAG_RUN_ID='manual__2025-02-09T09:02:12.250917+00:00'
[2025-02-09T09:02:18.024+0000] {logging_mixin.py:190} INFO - Task instance is in running state
[2025-02-09T09:02:18.025+0000] {logging_mixin.py:190} INFO -  Previous state of the Task instance: queued
[2025-02-09T09:02:18.026+0000] {logging_mixin.py:190} INFO - Current task name:run_meltano_script_db state:running start_date:2025-02-09 09:02:17.486720+00:00
[2025-02-09T09:02:18.027+0000] {logging_mixin.py:190} INFO - Dag name:Extract_DB_data and current dag run status:running
[2025-02-09T09:02:18.029+0000] {taskinstance.py:731} INFO - ::endgroup::
[2025-02-09T09:02:18.426+0000] {python.py:240} INFO - Done. Returned value was: None
[2025-02-09T09:02:18.441+0000] {taskinstance.py:340} INFO - ::group::Post task execution logs
[2025-02-09T09:02:18.442+0000] {taskinstance.py:352} INFO - Marking task as SUCCESS. dag_id=Extract_DB_data, task_id=run_meltano_script_db, run_id=manual__2025-02-09T09:02:12.250917+00:00, execution_date=20250209T090212, start_date=20250209T090217, end_date=20250209T090218
[2025-02-09T09:02:18.459+0000] {logging_mixin.py:190} INFO - Task instance in success state
[2025-02-09T09:02:18.460+0000] {logging_mixin.py:190} INFO -  Previous state of the Task instance: running
[2025-02-09T09:02:18.461+0000] {logging_mixin.py:190} INFO - Dag name:Extract_DB_data queued_at:2025-02-09 09:02:12.272301+00:00
[2025-02-09T09:02:18.462+0000] {logging_mixin.py:190} INFO - Task hostname:7c8ac1b5db8f operator:PythonOperator
[2025-02-09T09:02:18.497+0000] {local_task_job_runner.py:266} INFO - Task exited with return code 0
[2025-02-09T09:02:18.524+0000] {taskinstance.py:3895} INFO - 0 downstream tasks scheduled from follow-on schedule check
[2025-02-09T09:02:18.528+0000] {local_task_job_runner.py:245} INFO - ::endgroup::
