[2025-02-09T17:29:06.158+0000] {local_task_job_runner.py:123} INFO - ::group::Pre task execution logs
[2025-02-09T17:29:06.180+0000] {taskinstance.py:2613} INFO - Dependencies all met for dep_context=non-requeueable deps ti=<TaskInstance: extract_postgres_and_csv_data.run_load_data_script manual__2025-02-09T17:28:54.613809+00:00 [queued]>
[2025-02-09T17:29:06.192+0000] {taskinstance.py:2613} INFO - Dependencies all met for dep_context=requeueable deps ti=<TaskInstance: extract_postgres_and_csv_data.run_load_data_script manual__2025-02-09T17:28:54.613809+00:00 [queued]>
[2025-02-09T17:29:06.193+0000] {taskinstance.py:2866} INFO - Starting attempt 1 of 2
[2025-02-09T17:29:06.365+0000] {taskinstance.py:2889} INFO - Executing <Task(BashOperator): run_load_data_script> on 2025-02-09 17:28:54.613809+00:00
[2025-02-09T17:29:06.374+0000] {warnings.py:112} WARNING - /home/***/.local/lib/python3.12/site-packages/***/task/task_runner/standard_task_runner.py:70: DeprecationWarning: This process (pid=183) is multi-threaded, use of fork() may lead to deadlocks in the child.
  pid = os.fork()

[2025-02-09T17:29:06.377+0000] {standard_task_runner.py:72} INFO - Started process 185 to run task
[2025-02-09T17:29:06.378+0000] {standard_task_runner.py:104} INFO - Running: ['***', 'tasks', 'run', 'extract_postgres_and_csv_data', 'run_load_data_script', 'manual__2025-02-09T17:28:54.613809+00:00', '--job-id', '194', '--raw', '--subdir', 'DAGS_FOLDER/extract_postgres_and_csv_data.py', '--cfg-path', '/tmp/tmpplah0iod']
[2025-02-09T17:29:06.380+0000] {standard_task_runner.py:105} INFO - Job 194: Subtask run_load_data_script
[2025-02-09T17:29:06.443+0000] {task_command.py:467} INFO - Running <TaskInstance: extract_postgres_and_csv_data.run_load_data_script manual__2025-02-09T17:28:54.613809+00:00 [running]> on host 7d9e99d7ea89
[2025-02-09T17:29:06.556+0000] {taskinstance.py:3132} INFO - Exporting env vars: AIRFLOW_CTX_DAG_OWNER='***' AIRFLOW_CTX_DAG_ID='extract_postgres_and_csv_data' AIRFLOW_CTX_TASK_ID='run_load_data_script' AIRFLOW_CTX_EXECUTION_DATE='2025-02-09T17:28:54.613809+00:00' AIRFLOW_CTX_TRY_NUMBER='1' AIRFLOW_CTX_DAG_RUN_ID='manual__2025-02-09T17:28:54.613809+00:00'
[2025-02-09T17:29:06.558+0000] {logging_mixin.py:190} INFO - Task instance is in running state
[2025-02-09T17:29:06.559+0000] {logging_mixin.py:190} INFO -  Previous state of the Task instance: queued
[2025-02-09T17:29:06.559+0000] {logging_mixin.py:190} INFO - Current task name:run_load_data_script state:running start_date:2025-02-09 17:29:06.181801+00:00
[2025-02-09T17:29:06.560+0000] {logging_mixin.py:190} INFO - Dag name:extract_postgres_and_csv_data and current dag run status:running
[2025-02-09T17:29:06.561+0000] {taskinstance.py:731} INFO - ::endgroup::
[2025-02-09T17:29:06.562+0000] {subprocess.py:78} INFO - Tmp dir root location: /tmp
[2025-02-09T17:29:06.563+0000] {subprocess.py:88} INFO - Running command: ['/usr/bin/bash', '-c', 'python /opt/***/meltano/meltano_project/load/load_data_csv_for_db.py']
[2025-02-09T17:29:06.580+0000] {subprocess.py:99} INFO - Output:
[2025-02-09T17:29:11.815+0000] {subprocess.py:106} INFO - Conexão bem-sucedida ao banco de dados!
[2025-02-09T17:29:11.818+0000] {subprocess.py:106} INFO - Tabela 'order_details' criada com sucesso!
[2025-02-09T17:29:11.820+0000] {subprocess.py:106} INFO - Carregando dados do arquivo: /opt/***/meltano/data/csv/2025-02-09/order_details.csv
[2025-02-09T17:29:11.821+0000] {subprocess.py:106} INFO - Conexão bem-sucedida ao banco de dados!
[2025-02-09T17:29:11.823+0000] {subprocess.py:106} INFO - Dados inseridos com sucesso!
[2025-02-09T17:29:11.824+0000] {subprocess.py:106} INFO - Conexão bem-sucedida ao banco de dados!
[2025-02-09T17:29:11.826+0000] {subprocess.py:106} INFO - Erro ao buscar dados: No module named 'openpyxl'
[2025-02-09T17:29:12.041+0000] {subprocess.py:110} INFO - Command exited with return code 0
[2025-02-09T17:29:12.101+0000] {taskinstance.py:340} INFO - ::group::Post task execution logs
[2025-02-09T17:29:12.102+0000] {taskinstance.py:352} INFO - Marking task as SUCCESS. dag_id=extract_postgres_and_csv_data, task_id=run_load_data_script, run_id=manual__2025-02-09T17:28:54.613809+00:00, execution_date=20250209T172854, start_date=20250209T172906, end_date=20250209T172912
[2025-02-09T17:29:12.128+0000] {logging_mixin.py:190} INFO - Task instance in success state
[2025-02-09T17:29:12.129+0000] {logging_mixin.py:190} INFO -  Previous state of the Task instance: running
[2025-02-09T17:29:12.131+0000] {logging_mixin.py:190} INFO - Dag name:extract_postgres_and_csv_data queued_at:2025-02-09 17:28:54.636347+00:00
[2025-02-09T17:29:12.132+0000] {logging_mixin.py:190} INFO - Task hostname:7d9e99d7ea89 operator:BashOperator
[2025-02-09T17:29:12.209+0000] {local_task_job_runner.py:266} INFO - Task exited with return code 0
[2025-02-09T17:29:12.244+0000] {taskinstance.py:3895} INFO - 0 downstream tasks scheduled from follow-on schedule check
[2025-02-09T17:29:12.249+0000] {local_task_job_runner.py:245} INFO - ::endgroup::
