[2025-02-09T09:09:41.957+0000] {local_task_job_runner.py:123} INFO - ::group::Pre task execution logs
[2025-02-09T09:09:42.000+0000] {taskinstance.py:2613} INFO - Dependencies all met for dep_context=non-requeueable deps ti=<TaskInstance: Extract_DB_data.run_meltano_script_db manual__2025-02-09T09:09:38.708142+00:00 [queued]>
[2025-02-09T09:09:42.023+0000] {taskinstance.py:2613} INFO - Dependencies all met for dep_context=requeueable deps ti=<TaskInstance: Extract_DB_data.run_meltano_script_db manual__2025-02-09T09:09:38.708142+00:00 [queued]>
[2025-02-09T09:09:42.026+0000] {taskinstance.py:2866} INFO - Starting attempt 1 of 2
[2025-02-09T09:09:42.200+0000] {taskinstance.py:2889} INFO - Executing <Task(PythonOperator): run_meltano_script_db> on 2025-02-09 09:09:38.708142+00:00
[2025-02-09T09:09:42.210+0000] {warnings.py:112} WARNING - /home/***/.local/lib/python3.12/site-packages/***/task/task_runner/standard_task_runner.py:70: DeprecationWarning: This process (pid=557) is multi-threaded, use of fork() may lead to deadlocks in the child.
  pid = os.fork()

[2025-02-09T09:09:42.214+0000] {standard_task_runner.py:72} INFO - Started process 559 to run task
[2025-02-09T09:09:42.215+0000] {standard_task_runner.py:104} INFO - Running: ['***', 'tasks', 'run', 'Extract_DB_data', 'run_meltano_script_db', 'manual__2025-02-09T09:09:38.708142+00:00', '--job-id', '36', '--raw', '--subdir', 'DAGS_FOLDER/Extract_DB_data.py', '--cfg-path', '/tmp/tmpx7sye6vk']
[2025-02-09T09:09:42.217+0000] {standard_task_runner.py:105} INFO - Job 36: Subtask run_meltano_script_db
[2025-02-09T09:09:42.293+0000] {task_command.py:467} INFO - Running <TaskInstance: Extract_DB_data.run_meltano_script_db manual__2025-02-09T09:09:38.708142+00:00 [running]> on host 7c8ac1b5db8f
[2025-02-09T09:09:42.421+0000] {taskinstance.py:3132} INFO - Exporting env vars: AIRFLOW_CTX_DAG_OWNER='***' AIRFLOW_CTX_DAG_ID='Extract_DB_data' AIRFLOW_CTX_TASK_ID='run_meltano_script_db' AIRFLOW_CTX_EXECUTION_DATE='2025-02-09T09:09:38.708142+00:00' AIRFLOW_CTX_TRY_NUMBER='1' AIRFLOW_CTX_DAG_RUN_ID='manual__2025-02-09T09:09:38.708142+00:00'
[2025-02-09T09:09:42.423+0000] {logging_mixin.py:190} INFO - Task instance is in running state
[2025-02-09T09:09:42.424+0000] {logging_mixin.py:190} INFO -  Previous state of the Task instance: queued
[2025-02-09T09:09:42.425+0000] {logging_mixin.py:190} INFO - Current task name:run_meltano_script_db state:running start_date:2025-02-09 09:09:42.001691+00:00
[2025-02-09T09:09:42.426+0000] {logging_mixin.py:190} INFO - Dag name:Extract_DB_data and current dag run status:running
[2025-02-09T09:09:42.427+0000] {taskinstance.py:731} INFO - ::endgroup::
[2025-02-09T09:09:42.715+0000] {python.py:240} INFO - Done. Returned value was: None
[2025-02-09T09:09:42.731+0000] {taskinstance.py:340} INFO - ::group::Post task execution logs
[2025-02-09T09:09:42.732+0000] {taskinstance.py:352} INFO - Marking task as SUCCESS. dag_id=Extract_DB_data, task_id=run_meltano_script_db, run_id=manual__2025-02-09T09:09:38.708142+00:00, execution_date=20250209T090938, start_date=20250209T090942, end_date=20250209T090942
[2025-02-09T09:09:42.747+0000] {logging_mixin.py:190} INFO - Task instance in success state
[2025-02-09T09:09:42.749+0000] {logging_mixin.py:190} INFO -  Previous state of the Task instance: running
[2025-02-09T09:09:42.750+0000] {logging_mixin.py:190} INFO - Dag name:Extract_DB_data queued_at:2025-02-09 09:09:38.726600+00:00
[2025-02-09T09:09:42.751+0000] {logging_mixin.py:190} INFO - Task hostname:7c8ac1b5db8f operator:PythonOperator
[2025-02-09T09:09:42.797+0000] {local_task_job_runner.py:266} INFO - Task exited with return code 0
[2025-02-09T09:09:42.821+0000] {taskinstance.py:3895} INFO - 0 downstream tasks scheduled from follow-on schedule check
[2025-02-09T09:09:42.825+0000] {local_task_job_runner.py:245} INFO - ::endgroup::
