[2025-02-09T06:26:15.578+0000] {local_task_job_runner.py:123} INFO - ::group::Pre task execution logs
[2025-02-09T06:26:15.599+0000] {taskinstance.py:2613} INFO - Dependencies all met for dep_context=non-requeueable deps ti=<TaskInstance: Extract_CSV_and_DB_data.run_meltano_script_csv manual__2025-02-09T06:26:12.442269+00:00 [queued]>
[2025-02-09T06:26:15.610+0000] {taskinstance.py:2613} INFO - Dependencies all met for dep_context=requeueable deps ti=<TaskInstance: Extract_CSV_and_DB_data.run_meltano_script_csv manual__2025-02-09T06:26:12.442269+00:00 [queued]>
[2025-02-09T06:26:15.611+0000] {taskinstance.py:2866} INFO - Starting attempt 1 of 2
[2025-02-09T06:26:15.632+0000] {taskinstance.py:2889} INFO - Executing <Task(PythonOperator): run_meltano_script_csv> on 2025-02-09 06:26:12.442269+00:00
[2025-02-09T06:26:15.640+0000] {warnings.py:112} WARNING - /home/***/.local/lib/python3.12/site-packages/***/task/task_runner/standard_task_runner.py:70: DeprecationWarning: This process (pid=225) is multi-threaded, use of fork() may lead to deadlocks in the child.
  pid = os.fork()

[2025-02-09T06:26:15.643+0000] {standard_task_runner.py:72} INFO - Started process 234 to run task
[2025-02-09T06:26:15.643+0000] {standard_task_runner.py:104} INFO - Running: ['***', 'tasks', 'run', 'Extract_CSV_and_DB_data', 'run_meltano_script_csv', 'manual__2025-02-09T06:26:12.442269+00:00', '--job-id', '14', '--raw', '--subdir', 'DAGS_FOLDER/connectBD_to_extract.py', '--cfg-path', '/tmp/tmp436l34b0']
[2025-02-09T06:26:15.644+0000] {standard_task_runner.py:105} INFO - Job 14: Subtask run_meltano_script_csv
[2025-02-09T06:26:16.070+0000] {task_command.py:467} INFO - Running <TaskInstance: Extract_CSV_and_DB_data.run_meltano_script_csv manual__2025-02-09T06:26:12.442269+00:00 [running]> on host fafca5897637
[2025-02-09T06:26:16.183+0000] {taskinstance.py:3132} INFO - Exporting env vars: AIRFLOW_CTX_DAG_OWNER='***' AIRFLOW_CTX_DAG_ID='Extract_CSV_and_DB_data' AIRFLOW_CTX_TASK_ID='run_meltano_script_csv' AIRFLOW_CTX_EXECUTION_DATE='2025-02-09T06:26:12.442269+00:00' AIRFLOW_CTX_TRY_NUMBER='1' AIRFLOW_CTX_DAG_RUN_ID='manual__2025-02-09T06:26:12.442269+00:00'
[2025-02-09T06:26:16.185+0000] {logging_mixin.py:190} INFO - Task instance is in running state
[2025-02-09T06:26:16.186+0000] {logging_mixin.py:190} INFO -  Previous state of the Task instance: queued
[2025-02-09T06:26:16.187+0000] {logging_mixin.py:190} INFO - Current task name:run_meltano_script_csv state:running start_date:2025-02-09 06:26:15.600540+00:00
[2025-02-09T06:26:16.187+0000] {logging_mixin.py:190} INFO - Dag name:Extract_CSV_and_DB_data and current dag run status:running
[2025-02-09T06:26:16.188+0000] {taskinstance.py:731} INFO - ::endgroup::
[2025-02-09T06:26:16.439+0000] {python.py:240} INFO - Done. Returned value was: None
[2025-02-09T06:26:16.452+0000] {taskinstance.py:340} INFO - ::group::Post task execution logs
[2025-02-09T06:26:16.453+0000] {taskinstance.py:352} INFO - Marking task as SUCCESS. dag_id=Extract_CSV_and_DB_data, task_id=run_meltano_script_csv, run_id=manual__2025-02-09T06:26:12.442269+00:00, execution_date=20250209T062612, start_date=20250209T062615, end_date=20250209T062616
[2025-02-09T06:26:16.473+0000] {logging_mixin.py:190} INFO - Task instance in success state
[2025-02-09T06:26:16.474+0000] {logging_mixin.py:190} INFO -  Previous state of the Task instance: running
[2025-02-09T06:26:16.475+0000] {logging_mixin.py:190} INFO - Dag name:Extract_CSV_and_DB_data queued_at:2025-02-09 06:26:12.471104+00:00
[2025-02-09T06:26:16.476+0000] {logging_mixin.py:190} INFO - Task hostname:fafca5897637 operator:PythonOperator
[2025-02-09T06:26:16.507+0000] {local_task_job_runner.py:266} INFO - Task exited with return code 0
[2025-02-09T06:26:16.745+0000] {taskinstance.py:3895} INFO - 1 downstream tasks scheduled from follow-on schedule check
[2025-02-09T06:26:16.754+0000] {local_task_job_runner.py:245} INFO - ::endgroup::
