[2025-02-09T15:15:52.215+0000] {local_task_job_runner.py:123} INFO - ::group::Pre task execution logs
[2025-02-09T15:15:52.255+0000] {taskinstance.py:2613} INFO - Dependencies all met for dep_context=non-requeueable deps ti=<TaskInstance: load_csv_to_postgres.wait_for_extract_postgres scheduled__2025-02-08T00:00:00+00:00 [queued]>
[2025-02-09T15:15:52.271+0000] {taskinstance.py:2613} INFO - Dependencies all met for dep_context=requeueable deps ti=<TaskInstance: load_csv_to_postgres.wait_for_extract_postgres scheduled__2025-02-08T00:00:00+00:00 [queued]>
[2025-02-09T15:15:52.273+0000] {taskinstance.py:2866} INFO - Starting attempt 1 of 2
[2025-02-09T15:15:52.306+0000] {taskinstance.py:2889} INFO - Executing <Task(ExternalTaskSensor): wait_for_extract_postgres> on 2025-02-08 00:00:00+00:00
[2025-02-09T15:15:52.322+0000] {warnings.py:112} WARNING - /home/***/.local/lib/python3.12/site-packages/***/task/task_runner/standard_task_runner.py:70: DeprecationWarning: This process (pid=2052) is multi-threaded, use of fork() may lead to deadlocks in the child.
  pid = os.fork()

[2025-02-09T15:15:52.325+0000] {standard_task_runner.py:72} INFO - Started process 2055 to run task
[2025-02-09T15:15:52.326+0000] {standard_task_runner.py:104} INFO - Running: ['***', 'tasks', 'run', 'load_csv_to_postgres', 'wait_for_extract_postgres', 'scheduled__2025-02-08T00:00:00+00:00', '--job-id', '134', '--raw', '--subdir', 'DAGS_FOLDER/Load_CSV_to_Postgres.py', '--cfg-path', '/tmp/tmp4ujeqetj']
[2025-02-09T15:15:52.330+0000] {standard_task_runner.py:105} INFO - Job 134: Subtask wait_for_extract_postgres
[2025-02-09T15:15:53.182+0000] {task_command.py:467} INFO - Running <TaskInstance: load_csv_to_postgres.wait_for_extract_postgres scheduled__2025-02-08T00:00:00+00:00 [running]> on host 8c410daec8d3
[2025-02-09T15:15:53.536+0000] {taskinstance.py:3132} INFO - Exporting env vars: AIRFLOW_CTX_DAG_OWNER='***' AIRFLOW_CTX_DAG_ID='load_csv_to_postgres' AIRFLOW_CTX_TASK_ID='wait_for_extract_postgres' AIRFLOW_CTX_EXECUTION_DATE='2025-02-08T00:00:00+00:00' AIRFLOW_CTX_TRY_NUMBER='1' AIRFLOW_CTX_DAG_RUN_ID='scheduled__2025-02-08T00:00:00+00:00'
[2025-02-09T15:15:53.544+0000] {logging_mixin.py:190} INFO - Task instance is in running state
[2025-02-09T15:15:53.545+0000] {logging_mixin.py:190} INFO -  Previous state of the Task instance: queued
[2025-02-09T15:15:53.547+0000] {logging_mixin.py:190} INFO - Current task name:wait_for_extract_postgres state:running start_date:2025-02-09 15:15:52.256703+00:00
[2025-02-09T15:15:53.550+0000] {logging_mixin.py:190} INFO - Dag name:load_csv_to_postgres and current dag run status:running
[2025-02-09T15:15:53.551+0000] {taskinstance.py:731} INFO - ::endgroup::
[2025-02-09T15:15:53.554+0000] {baseoperator.py:421} WARNING - ExternalTaskSensor.execute cannot be called outside TaskInstance!
[2025-02-09T15:15:53.556+0000] {external_task.py:258} INFO - Poking for tasks ['extract_postgres_data'] in dag extract_postgres_and_csv_data on 2025-02-08T00:00:00+00:00 ... 
[2025-02-09T15:15:53.561+0000] {warnings.py:112} WARNING - /home/***/.local/lib/python3.12/site-packages/***/utils/session.py:97: DeprecationWarning: This method is deprecated and will be removed in future.
  return func(*args, session=session, **kwargs)

[2025-02-09T15:15:53.604+0000] {base.py:336} INFO - Success criteria met. Exiting.
[2025-02-09T15:15:53.673+0000] {taskinstance.py:340} INFO - ::group::Post task execution logs
[2025-02-09T15:15:53.675+0000] {taskinstance.py:352} INFO - Marking task as SUCCESS. dag_id=load_csv_to_postgres, task_id=wait_for_extract_postgres, run_id=scheduled__2025-02-08T00:00:00+00:00, execution_date=20250208T000000, start_date=20250209T151552, end_date=20250209T151553
[2025-02-09T15:15:53.724+0000] {logging_mixin.py:190} INFO - Task instance in success state
[2025-02-09T15:15:53.726+0000] {logging_mixin.py:190} INFO -  Previous state of the Task instance: running
[2025-02-09T15:15:53.727+0000] {logging_mixin.py:190} INFO - Dag name:load_csv_to_postgres queued_at:2025-02-09 15:15:48.766028+00:00
[2025-02-09T15:15:53.728+0000] {logging_mixin.py:190} INFO - Task hostname:8c410daec8d3 operator:ExternalTaskSensor
[2025-02-09T15:15:53.773+0000] {local_task_job_runner.py:266} INFO - Task exited with return code 0
[2025-02-09T15:15:54.108+0000] {taskinstance.py:3895} INFO - 1 downstream tasks scheduled from follow-on schedule check
[2025-02-09T15:15:54.112+0000] {local_task_job_runner.py:245} INFO - ::endgroup::
