[2025-02-09T12:23:03.214+0000] {local_task_job_runner.py:123} INFO - ::group::Pre task execution logs
[2025-02-09T12:23:03.240+0000] {taskinstance.py:2613} INFO - Dependencies all met for dep_context=non-requeueable deps ti=<TaskInstance: Extract_DB_data.run_meltano_script_db manual__2025-02-09T12:23:00.392498+00:00 [queued]>
[2025-02-09T12:23:03.250+0000] {taskinstance.py:2613} INFO - Dependencies all met for dep_context=requeueable deps ti=<TaskInstance: Extract_DB_data.run_meltano_script_db manual__2025-02-09T12:23:00.392498+00:00 [queued]>
[2025-02-09T12:23:03.252+0000] {taskinstance.py:2866} INFO - Starting attempt 1 of 2
[2025-02-09T12:23:03.455+0000] {taskinstance.py:2889} INFO - Executing <Task(PythonOperator): run_meltano_script_db> on 2025-02-09 12:23:00.392498+00:00
[2025-02-09T12:23:03.466+0000] {warnings.py:112} WARNING - /home/***/.local/lib/python3.12/site-packages/***/task/task_runner/standard_task_runner.py:70: DeprecationWarning: This process (pid=359) is multi-threaded, use of fork() may lead to deadlocks in the child.
  pid = os.fork()

[2025-02-09T12:23:03.469+0000] {standard_task_runner.py:72} INFO - Started process 361 to run task
[2025-02-09T12:23:03.469+0000] {standard_task_runner.py:104} INFO - Running: ['***', 'tasks', 'run', 'Extract_DB_data', 'run_meltano_script_db', 'manual__2025-02-09T12:23:00.392498+00:00', '--job-id', '74', '--raw', '--subdir', 'DAGS_FOLDER/Extract_DB_data.py', '--cfg-path', '/tmp/tmpn9ayjusb']
[2025-02-09T12:23:03.471+0000] {standard_task_runner.py:105} INFO - Job 74: Subtask run_meltano_script_db
[2025-02-09T12:23:03.541+0000] {task_command.py:467} INFO - Running <TaskInstance: Extract_DB_data.run_meltano_script_db manual__2025-02-09T12:23:00.392498+00:00 [running]> on host be4fcd55613a
[2025-02-09T12:23:03.667+0000] {taskinstance.py:3132} INFO - Exporting env vars: AIRFLOW_CTX_DAG_OWNER='***' AIRFLOW_CTX_DAG_ID='Extract_DB_data' AIRFLOW_CTX_TASK_ID='run_meltano_script_db' AIRFLOW_CTX_EXECUTION_DATE='2025-02-09T12:23:00.392498+00:00' AIRFLOW_CTX_TRY_NUMBER='1' AIRFLOW_CTX_DAG_RUN_ID='manual__2025-02-09T12:23:00.392498+00:00'
[2025-02-09T12:23:03.669+0000] {logging_mixin.py:190} INFO - Task instance is in running state
[2025-02-09T12:23:03.670+0000] {logging_mixin.py:190} INFO -  Previous state of the Task instance: queued
[2025-02-09T12:23:03.671+0000] {logging_mixin.py:190} INFO - Current task name:run_meltano_script_db state:running start_date:2025-02-09 12:23:03.241494+00:00
[2025-02-09T12:23:03.671+0000] {logging_mixin.py:190} INFO - Dag name:Extract_DB_data and current dag run status:running
[2025-02-09T12:23:03.672+0000] {taskinstance.py:731} INFO - ::endgroup::
[2025-02-09T12:23:04.306+0000] {python.py:240} INFO - Done. Returned value was: None
[2025-02-09T12:23:04.381+0000] {taskinstance.py:340} INFO - ::group::Post task execution logs
[2025-02-09T12:23:04.382+0000] {taskinstance.py:352} INFO - Marking task as SUCCESS. dag_id=Extract_DB_data, task_id=run_meltano_script_db, run_id=manual__2025-02-09T12:23:00.392498+00:00, execution_date=20250209T122300, start_date=20250209T122303, end_date=20250209T122304
[2025-02-09T12:23:04.428+0000] {logging_mixin.py:190} INFO - Task instance in success state
[2025-02-09T12:23:04.430+0000] {logging_mixin.py:190} INFO -  Previous state of the Task instance: running
[2025-02-09T12:23:04.437+0000] {logging_mixin.py:190} INFO - Dag name:Extract_DB_data queued_at:2025-02-09 12:23:00.410479+00:00
[2025-02-09T12:23:04.440+0000] {logging_mixin.py:190} INFO - Task hostname:be4fcd55613a operator:PythonOperator
[2025-02-09T12:23:04.511+0000] {local_task_job_runner.py:266} INFO - Task exited with return code 0
[2025-02-09T12:23:04.551+0000] {local_task_job_runner.py:245} INFO - ::endgroup::
