[2025-02-09T16:37:55.502+0000] {local_task_job_runner.py:123} INFO - ::group::Pre task execution logs
[2025-02-09T16:37:55.523+0000] {taskinstance.py:2613} INFO - Dependencies all met for dep_context=non-requeueable deps ti=<TaskInstance: extract_postgres_and_csv_data.load_data_csv_for_db manual__2025-02-09T16:37:42.343827+00:00 [queued]>
[2025-02-09T16:37:55.535+0000] {taskinstance.py:2613} INFO - Dependencies all met for dep_context=requeueable deps ti=<TaskInstance: extract_postgres_and_csv_data.load_data_csv_for_db manual__2025-02-09T16:37:42.343827+00:00 [queued]>
[2025-02-09T16:37:55.537+0000] {taskinstance.py:2866} INFO - Starting attempt 1 of 2
[2025-02-09T16:37:55.556+0000] {taskinstance.py:2889} INFO - Executing <Task(PythonOperator): load_data_csv_for_db> on 2025-02-09 16:37:42.343827+00:00
[2025-02-09T16:37:55.565+0000] {warnings.py:112} WARNING - /home/***/.local/lib/python3.12/site-packages/***/task/task_runner/standard_task_runner.py:70: DeprecationWarning: This process (pid=3184) is multi-threaded, use of fork() may lead to deadlocks in the child.
  pid = os.fork()

[2025-02-09T16:37:55.567+0000] {standard_task_runner.py:72} INFO - Started process 3186 to run task
[2025-02-09T16:37:55.568+0000] {standard_task_runner.py:104} INFO - Running: ['***', 'tasks', 'run', 'extract_postgres_and_csv_data', 'load_data_csv_for_db', 'manual__2025-02-09T16:37:42.343827+00:00', '--job-id', '149', '--raw', '--subdir', 'DAGS_FOLDER/extract_postgres_and_csv_data.py', '--cfg-path', '/tmp/tmp4sow73lj']
[2025-02-09T16:37:55.570+0000] {standard_task_runner.py:105} INFO - Job 149: Subtask load_data_csv_for_db
[2025-02-09T16:37:55.632+0000] {task_command.py:467} INFO - Running <TaskInstance: extract_postgres_and_csv_data.load_data_csv_for_db manual__2025-02-09T16:37:42.343827+00:00 [running]> on host 8c410daec8d3
[2025-02-09T16:37:56.097+0000] {taskinstance.py:3132} INFO - Exporting env vars: AIRFLOW_CTX_DAG_OWNER='***' AIRFLOW_CTX_DAG_ID='extract_postgres_and_csv_data' AIRFLOW_CTX_TASK_ID='load_data_csv_for_db' AIRFLOW_CTX_EXECUTION_DATE='2025-02-09T16:37:42.343827+00:00' AIRFLOW_CTX_TRY_NUMBER='1' AIRFLOW_CTX_DAG_RUN_ID='manual__2025-02-09T16:37:42.343827+00:00'
[2025-02-09T16:37:56.102+0000] {logging_mixin.py:190} INFO - Task instance is in running state
[2025-02-09T16:37:56.104+0000] {logging_mixin.py:190} INFO -  Previous state of the Task instance: queued
[2025-02-09T16:37:56.105+0000] {logging_mixin.py:190} INFO - Current task name:load_data_csv_for_db state:running start_date:2025-02-09 16:37:55.525005+00:00
[2025-02-09T16:37:56.106+0000] {logging_mixin.py:190} INFO - Dag name:extract_postgres_and_csv_data and current dag run status:running
[2025-02-09T16:37:56.107+0000] {taskinstance.py:731} INFO - ::endgroup::
[2025-02-09T16:37:59.840+0000] {python.py:240} INFO - Done. Returned value was: None
[2025-02-09T16:37:59.874+0000] {taskinstance.py:340} INFO - ::group::Post task execution logs
[2025-02-09T16:37:59.876+0000] {taskinstance.py:352} INFO - Marking task as SUCCESS. dag_id=extract_postgres_and_csv_data, task_id=load_data_csv_for_db, run_id=manual__2025-02-09T16:37:42.343827+00:00, execution_date=20250209T163742, start_date=20250209T163755, end_date=20250209T163759
[2025-02-09T16:37:59.518+0000] {logging_mixin.py:190} INFO - Task instance in success state
[2025-02-09T16:37:59.519+0000] {logging_mixin.py:190} INFO -  Previous state of the Task instance: running
[2025-02-09T16:37:59.521+0000] {logging_mixin.py:190} INFO - Dag name:extract_postgres_and_csv_data queued_at:2025-02-09 16:37:42.416917+00:00
[2025-02-09T16:37:59.522+0000] {logging_mixin.py:190} INFO - Task hostname:8c410daec8d3 operator:PythonOperator
[2025-02-09T16:37:59.572+0000] {local_task_job_runner.py:266} INFO - Task exited with return code 0
[2025-02-09T16:37:59.624+0000] {taskinstance.py:3895} INFO - 0 downstream tasks scheduled from follow-on schedule check
[2025-02-09T16:37:59.146+0000] {local_task_job_runner.py:245} INFO - ::endgroup::
