[2025-02-09T18:32:07.318+0000] {local_task_job_runner.py:123} INFO - ::group::Pre task execution logs
[2025-02-09T18:32:07.350+0000] {taskinstance.py:2613} INFO - Dependencies all met for dep_context=non-requeueable deps ti=<TaskInstance: extract_postgres_and_csv_data.run_meltano_script_csv manual__2025-02-09T18:31:56.410931+00:00 [queued]>
[2025-02-09T18:32:07.366+0000] {taskinstance.py:2613} INFO - Dependencies all met for dep_context=requeueable deps ti=<TaskInstance: extract_postgres_and_csv_data.run_meltano_script_csv manual__2025-02-09T18:31:56.410931+00:00 [queued]>
[2025-02-09T18:32:07.368+0000] {taskinstance.py:2866} INFO - Starting attempt 1 of 2
[2025-02-09T18:32:07.608+0000] {taskinstance.py:2889} INFO - Executing <Task(PythonOperator): run_meltano_script_csv> on 2025-02-09 18:31:56.410931+00:00
[2025-02-09T18:32:07.629+0000] {warnings.py:112} WARNING - /home/***/.local/lib/python3.12/site-packages/***/task/task_runner/standard_task_runner.py:70: DeprecationWarning: This process (pid=295) is multi-threaded, use of fork() may lead to deadlocks in the child.
  pid = os.fork()

[2025-02-09T18:32:07.633+0000] {standard_task_runner.py:72} INFO - Started process 297 to run task
[2025-02-09T18:32:07.634+0000] {standard_task_runner.py:104} INFO - Running: ['***', 'tasks', 'run', 'extract_postgres_and_csv_data', 'run_meltano_script_csv', 'manual__2025-02-09T18:31:56.410931+00:00', '--job-id', '252', '--raw', '--subdir', 'DAGS_FOLDER/extract_postgres_and_csv_data.py', '--cfg-path', '/tmp/tmpca4ta9xy']
[2025-02-09T18:32:07.645+0000] {standard_task_runner.py:105} INFO - Job 252: Subtask run_meltano_script_csv
[2025-02-09T18:32:07.741+0000] {task_command.py:467} INFO - Running <TaskInstance: extract_postgres_and_csv_data.run_meltano_script_csv manual__2025-02-09T18:31:56.410931+00:00 [running]> on host 58bc83bc12fd
[2025-02-09T18:32:07.883+0000] {taskinstance.py:3132} INFO - Exporting env vars: AIRFLOW_CTX_DAG_OWNER='***' AIRFLOW_CTX_DAG_ID='extract_postgres_and_csv_data' AIRFLOW_CTX_TASK_ID='run_meltano_script_csv' AIRFLOW_CTX_EXECUTION_DATE='2025-02-09T18:31:56.410931+00:00' AIRFLOW_CTX_TRY_NUMBER='1' AIRFLOW_CTX_DAG_RUN_ID='manual__2025-02-09T18:31:56.410931+00:00'
[2025-02-09T18:32:07.886+0000] {logging_mixin.py:190} INFO - Task instance is in running state
[2025-02-09T18:32:07.886+0000] {logging_mixin.py:190} INFO -  Previous state of the Task instance: queued
[2025-02-09T18:32:07.887+0000] {logging_mixin.py:190} INFO - Current task name:run_meltano_script_csv state:running start_date:2025-02-09 18:32:07.350987+00:00
[2025-02-09T18:32:07.888+0000] {logging_mixin.py:190} INFO - Dag name:extract_postgres_and_csv_data and current dag run status:running
[2025-02-09T18:32:07.889+0000] {taskinstance.py:731} INFO - ::endgroup::
[2025-02-09T18:32:08.170+0000] {python.py:240} INFO - Done. Returned value was: None
[2025-02-09T18:32:08.187+0000] {taskinstance.py:340} INFO - ::group::Post task execution logs
[2025-02-09T18:32:08.188+0000] {taskinstance.py:352} INFO - Marking task as SUCCESS. dag_id=extract_postgres_and_csv_data, task_id=run_meltano_script_csv, run_id=manual__2025-02-09T18:31:56.410931+00:00, execution_date=20250209T183156, start_date=20250209T183207, end_date=20250209T183208
[2025-02-09T18:32:08.212+0000] {logging_mixin.py:190} INFO - Task instance in success state
[2025-02-09T18:32:08.213+0000] {logging_mixin.py:190} INFO -  Previous state of the Task instance: running
[2025-02-09T18:32:08.214+0000] {logging_mixin.py:190} INFO - Dag name:extract_postgres_and_csv_data queued_at:2025-02-09 18:31:56.432306+00:00
[2025-02-09T18:32:08.214+0000] {logging_mixin.py:190} INFO - Task hostname:58bc83bc12fd operator:PythonOperator
[2025-02-09T18:32:08.231+0000] {local_task_job_runner.py:266} INFO - Task exited with return code 0
[2025-02-09T18:32:08.264+0000] {taskinstance.py:3895} INFO - 1 downstream tasks scheduled from follow-on schedule check
[2025-02-09T18:32:08.268+0000] {local_task_job_runner.py:245} INFO - ::endgroup::
