[2025-02-09T09:36:56.614+0000] {local_task_job_runner.py:123} INFO - ::group::Pre task execution logs
[2025-02-09T09:36:56.640+0000] {taskinstance.py:2613} INFO - Dependencies all met for dep_context=non-requeueable deps ti=<TaskInstance: Extract_CSV_data.run_meltano_script_csv manual__2025-02-09T09:36:53.682205+00:00 [queued]>
[2025-02-09T09:36:56.651+0000] {taskinstance.py:2613} INFO - Dependencies all met for dep_context=requeueable deps ti=<TaskInstance: Extract_CSV_data.run_meltano_script_csv manual__2025-02-09T09:36:53.682205+00:00 [queued]>
[2025-02-09T09:36:56.652+0000] {taskinstance.py:2866} INFO - Starting attempt 1 of 2
[2025-02-09T09:36:56.871+0000] {taskinstance.py:2889} INFO - Executing <Task(PythonOperator): run_meltano_script_csv> on 2025-02-09 09:36:53.682205+00:00
[2025-02-09T09:36:56.883+0000] {warnings.py:112} WARNING - /home/***/.local/lib/python3.12/site-packages/***/task/task_runner/standard_task_runner.py:70: DeprecationWarning: This process (pid=99) is multi-threaded, use of fork() may lead to deadlocks in the child.
  pid = os.fork()

[2025-02-09T09:36:56.887+0000] {standard_task_runner.py:72} INFO - Started process 101 to run task
[2025-02-09T09:36:56.889+0000] {standard_task_runner.py:104} INFO - Running: ['***', 'tasks', 'run', 'Extract_CSV_data', 'run_meltano_script_csv', 'manual__2025-02-09T09:36:53.682205+00:00', '--job-id', '47', '--raw', '--subdir', 'DAGS_FOLDER/Extract_CSV_data.py', '--cfg-path', '/tmp/tmp81d9pxgz']
[2025-02-09T09:36:56.891+0000] {standard_task_runner.py:105} INFO - Job 47: Subtask run_meltano_script_csv
[2025-02-09T09:36:56.975+0000] {task_command.py:467} INFO - Running <TaskInstance: Extract_CSV_data.run_meltano_script_csv manual__2025-02-09T09:36:53.682205+00:00 [running]> on host 82ce0ea42bb9
[2025-02-09T09:36:57.156+0000] {taskinstance.py:3132} INFO - Exporting env vars: AIRFLOW_CTX_DAG_OWNER='***' AIRFLOW_CTX_DAG_ID='Extract_CSV_data' AIRFLOW_CTX_TASK_ID='run_meltano_script_csv' AIRFLOW_CTX_EXECUTION_DATE='2025-02-09T09:36:53.682205+00:00' AIRFLOW_CTX_TRY_NUMBER='1' AIRFLOW_CTX_DAG_RUN_ID='manual__2025-02-09T09:36:53.682205+00:00'
[2025-02-09T09:36:57.159+0000] {logging_mixin.py:190} INFO - Task instance is in running state
[2025-02-09T09:36:57.160+0000] {logging_mixin.py:190} INFO -  Previous state of the Task instance: queued
[2025-02-09T09:36:57.161+0000] {logging_mixin.py:190} INFO - Current task name:run_meltano_script_csv state:running start_date:2025-02-09 09:36:56.640981+00:00
[2025-02-09T09:36:57.161+0000] {logging_mixin.py:190} INFO - Dag name:Extract_CSV_data and current dag run status:running
[2025-02-09T09:36:57.162+0000] {taskinstance.py:731} INFO - ::endgroup::
[2025-02-09T09:36:57.445+0000] {python.py:240} INFO - Done. Returned value was: None
[2025-02-09T09:36:57.460+0000] {taskinstance.py:340} INFO - ::group::Post task execution logs
[2025-02-09T09:36:57.461+0000] {taskinstance.py:352} INFO - Marking task as SUCCESS. dag_id=Extract_CSV_data, task_id=run_meltano_script_csv, run_id=manual__2025-02-09T09:36:53.682205+00:00, execution_date=20250209T093653, start_date=20250209T093656, end_date=20250209T093657
[2025-02-09T09:36:57.482+0000] {logging_mixin.py:190} INFO - Task instance in success state
[2025-02-09T09:36:57.483+0000] {logging_mixin.py:190} INFO -  Previous state of the Task instance: running
[2025-02-09T09:36:57.483+0000] {logging_mixin.py:190} INFO - Dag name:Extract_CSV_data queued_at:2025-02-09 09:36:53.723211+00:00
[2025-02-09T09:36:57.484+0000] {logging_mixin.py:190} INFO - Task hostname:82ce0ea42bb9 operator:PythonOperator
[2025-02-09T09:36:57.513+0000] {local_task_job_runner.py:266} INFO - Task exited with return code 0
[2025-02-09T09:36:57.538+0000] {taskinstance.py:3895} INFO - 0 downstream tasks scheduled from follow-on schedule check
[2025-02-09T09:36:57.543+0000] {local_task_job_runner.py:245} INFO - ::endgroup::
