[2025-02-09T19:10:03.212+0000] {local_task_job_runner.py:123} INFO - ::group::Pre task execution logs
[2025-02-09T19:10:03.233+0000] {taskinstance.py:2613} INFO - Dependencies all met for dep_context=non-requeueable deps ti=<TaskInstance: extract_postgres_and_csv_data.run_load_data_script manual__2025-02-09T19:04:42.774520+00:00 [queued]>
[2025-02-09T19:10:03.244+0000] {taskinstance.py:2613} INFO - Dependencies all met for dep_context=requeueable deps ti=<TaskInstance: extract_postgres_and_csv_data.run_load_data_script manual__2025-02-09T19:04:42.774520+00:00 [queued]>
[2025-02-09T19:10:03.246+0000] {taskinstance.py:2866} INFO - Starting attempt 2 of 2
[2025-02-09T19:10:03.423+0000] {taskinstance.py:2889} INFO - Executing <Task(BashOperator): run_load_data_script> on 2025-02-09 19:04:42.774520+00:00
[2025-02-09T19:10:03.433+0000] {warnings.py:112} WARNING - /home/***/.local/lib/python3.12/site-packages/***/task/task_runner/standard_task_runner.py:70: DeprecationWarning: This process (pid=425) is multi-threaded, use of fork() may lead to deadlocks in the child.
  pid = os.fork()

[2025-02-09T19:10:03.435+0000] {standard_task_runner.py:72} INFO - Started process 427 to run task
[2025-02-09T19:10:03.436+0000] {standard_task_runner.py:104} INFO - Running: ['***', 'tasks', 'run', 'extract_postgres_and_csv_data', 'run_load_data_script', 'manual__2025-02-09T19:04:42.774520+00:00', '--job-id', '310', '--raw', '--subdir', 'DAGS_FOLDER/extract_postgres_and_csv_data.py', '--cfg-path', '/tmp/tmpbqaq1q8h']
[2025-02-09T19:10:03.438+0000] {standard_task_runner.py:105} INFO - Job 310: Subtask run_load_data_script
[2025-02-09T19:10:03.515+0000] {task_command.py:467} INFO - Running <TaskInstance: extract_postgres_and_csv_data.run_load_data_script manual__2025-02-09T19:04:42.774520+00:00 [running]> on host 58bc83bc12fd
[2025-02-09T19:10:03.659+0000] {taskinstance.py:3132} INFO - Exporting env vars: AIRFLOW_CTX_DAG_OWNER='***' AIRFLOW_CTX_DAG_ID='extract_postgres_and_csv_data' AIRFLOW_CTX_TASK_ID='run_load_data_script' AIRFLOW_CTX_EXECUTION_DATE='2025-02-09T19:04:42.774520+00:00' AIRFLOW_CTX_TRY_NUMBER='2' AIRFLOW_CTX_DAG_RUN_ID='manual__2025-02-09T19:04:42.774520+00:00'
[2025-02-09T19:10:03.662+0000] {logging_mixin.py:190} INFO - Task instance is in running state
[2025-02-09T19:10:03.662+0000] {logging_mixin.py:190} INFO -  Previous state of the Task instance: queued
[2025-02-09T19:10:03.663+0000] {logging_mixin.py:190} INFO - Current task name:run_load_data_script state:running start_date:2025-02-09 19:10:03.234514+00:00
[2025-02-09T19:10:03.664+0000] {logging_mixin.py:190} INFO - Dag name:extract_postgres_and_csv_data and current dag run status:running
[2025-02-09T19:10:03.665+0000] {taskinstance.py:731} INFO - ::endgroup::
[2025-02-09T19:10:03.666+0000] {subprocess.py:78} INFO - Tmp dir root location: /tmp
[2025-02-09T19:10:03.669+0000] {subprocess.py:88} INFO - Running command: ['/usr/bin/bash', '-c', 'python /opt/***/meltano/meltano_project/load/load_data_csv_for_db.py']
[2025-02-09T19:10:03.691+0000] {subprocess.py:99} INFO - Output:
[2025-02-09T19:10:09.188+0000] {subprocess.py:106} INFO - Conexão bem-sucedida ao banco de dados!
[2025-02-09T19:10:09.190+0000] {subprocess.py:106} INFO - Tabela 'order_details' criada com sucesso!
[2025-02-09T19:10:09.191+0000] {subprocess.py:106} INFO - Carregando dados do arquivo: /opt/***/meltano/data/csv/2025-02-09/order_details.csv
[2025-02-09T19:10:09.192+0000] {subprocess.py:106} INFO - Conexão bem-sucedida ao banco de dados!
[2025-02-09T19:10:09.194+0000] {subprocess.py:106} INFO - Dados inseridos com sucesso!
[2025-02-09T19:10:09.195+0000] {subprocess.py:106} INFO - Conexão bem-sucedida ao banco de dados!
[2025-02-09T19:10:09.196+0000] {subprocess.py:106} INFO - Executou query
[2025-02-09T19:10:09.196+0000] {subprocess.py:106} INFO - Erro ao buscar dados: No module named 'openpyxl'
[2025-02-09T19:10:09.350+0000] {subprocess.py:110} INFO - Command exited with return code 0
[2025-02-09T19:10:09.398+0000] {taskinstance.py:340} INFO - ::group::Post task execution logs
[2025-02-09T19:10:09.400+0000] {taskinstance.py:352} INFO - Marking task as SUCCESS. dag_id=extract_postgres_and_csv_data, task_id=run_load_data_script, run_id=manual__2025-02-09T19:04:42.774520+00:00, execution_date=20250209T190442, start_date=20250209T191003, end_date=20250209T191009
[2025-02-09T19:10:09.424+0000] {logging_mixin.py:190} INFO - Task instance in success state
[2025-02-09T19:10:09.426+0000] {logging_mixin.py:190} INFO -  Previous state of the Task instance: running
[2025-02-09T19:10:09.426+0000] {logging_mixin.py:190} INFO - Dag name:extract_postgres_and_csv_data queued_at:2025-02-09 19:04:42.790796+00:00
[2025-02-09T19:10:09.428+0000] {logging_mixin.py:190} INFO - Task hostname:58bc83bc12fd operator:BashOperator
[2025-02-09T19:10:09.479+0000] {local_task_job_runner.py:266} INFO - Task exited with return code 0
[2025-02-09T19:10:09.509+0000] {taskinstance.py:3895} INFO - 0 downstream tasks scheduled from follow-on schedule check
[2025-02-09T19:10:09.513+0000] {local_task_job_runner.py:245} INFO - ::endgroup::
