[2025-02-09T17:58:09.704+0000] {local_task_job_runner.py:123} INFO - ::group::Pre task execution logs
[2025-02-09T17:58:09.731+0000] {taskinstance.py:2613} INFO - Dependencies all met for dep_context=non-requeueable deps ti=<TaskInstance: extract_postgres_and_csv_data.run_load_data_task manual__2025-02-09T17:57:34.925825+00:00 [queued]>
[2025-02-09T17:58:09.747+0000] {taskinstance.py:2613} INFO - Dependencies all met for dep_context=requeueable deps ti=<TaskInstance: extract_postgres_and_csv_data.run_load_data_task manual__2025-02-09T17:57:34.925825+00:00 [queued]>
[2025-02-09T17:58:09.752+0000] {taskinstance.py:2866} INFO - Starting attempt 1 of 2
[2025-02-09T17:58:09.947+0000] {taskinstance.py:2889} INFO - Executing <Task(PythonOperator): run_load_data_task> on 2025-02-09 17:57:34.925825+00:00
[2025-02-09T17:58:09.959+0000] {warnings.py:112} WARNING - /home/***/.local/lib/python3.12/site-packages/***/task/task_runner/standard_task_runner.py:70: DeprecationWarning: This process (pid=218) is multi-threaded, use of fork() may lead to deadlocks in the child.
  pid = os.fork()

[2025-02-09T17:58:09.962+0000] {standard_task_runner.py:72} INFO - Started process 230 to run task
[2025-02-09T17:58:09.962+0000] {standard_task_runner.py:104} INFO - Running: ['***', 'tasks', 'run', 'extract_postgres_and_csv_data', 'run_load_data_task', 'manual__2025-02-09T17:57:34.925825+00:00', '--job-id', '223', '--raw', '--subdir', 'DAGS_FOLDER/extract_postgres_and_csv_data.py', '--cfg-path', '/tmp/tmpy24kbmpr']
[2025-02-09T17:58:09.965+0000] {standard_task_runner.py:105} INFO - Job 223: Subtask run_load_data_task
[2025-02-09T17:58:10.046+0000] {task_command.py:467} INFO - Running <TaskInstance: extract_postgres_and_csv_data.run_load_data_task manual__2025-02-09T17:57:34.925825+00:00 [running]> on host 58bc83bc12fd
[2025-02-09T17:58:10.177+0000] {taskinstance.py:3132} INFO - Exporting env vars: AIRFLOW_CTX_DAG_OWNER='***' AIRFLOW_CTX_DAG_ID='extract_postgres_and_csv_data' AIRFLOW_CTX_TASK_ID='run_load_data_task' AIRFLOW_CTX_EXECUTION_DATE='2025-02-09T17:57:34.925825+00:00' AIRFLOW_CTX_TRY_NUMBER='1' AIRFLOW_CTX_DAG_RUN_ID='manual__2025-02-09T17:57:34.925825+00:00'
[2025-02-09T17:58:10.178+0000] {logging_mixin.py:190} INFO - Task instance is in running state
[2025-02-09T17:58:10.179+0000] {logging_mixin.py:190} INFO -  Previous state of the Task instance: queued
[2025-02-09T17:58:10.180+0000] {logging_mixin.py:190} INFO - Current task name:run_load_data_task state:running start_date:2025-02-09 17:58:09.732475+00:00
[2025-02-09T17:58:10.181+0000] {logging_mixin.py:190} INFO - Dag name:extract_postgres_and_csv_data and current dag run status:running
[2025-02-09T17:58:10.181+0000] {taskinstance.py:731} INFO - ::endgroup::
[2025-02-09T17:58:14.187+0000] {python.py:240} INFO - Done. Returned value was: None
[2025-02-09T17:58:14.205+0000] {taskinstance.py:340} INFO - ::group::Post task execution logs
[2025-02-09T17:58:14.206+0000] {taskinstance.py:352} INFO - Marking task as SUCCESS. dag_id=extract_postgres_and_csv_data, task_id=run_load_data_task, run_id=manual__2025-02-09T17:57:34.925825+00:00, execution_date=20250209T175734, start_date=20250209T175809, end_date=20250209T175814
[2025-02-09T17:58:14.227+0000] {logging_mixin.py:190} INFO - Task instance in success state
[2025-02-09T17:58:14.229+0000] {logging_mixin.py:190} INFO -  Previous state of the Task instance: running
[2025-02-09T17:58:14.230+0000] {logging_mixin.py:190} INFO - Dag name:extract_postgres_and_csv_data queued_at:2025-02-09 17:57:35.003291+00:00
[2025-02-09T17:58:14.231+0000] {logging_mixin.py:190} INFO - Task hostname:58bc83bc12fd operator:PythonOperator
[2025-02-09T17:58:14.275+0000] {local_task_job_runner.py:266} INFO - Task exited with return code 0
[2025-02-09T17:58:14.300+0000] {taskinstance.py:3895} INFO - 0 downstream tasks scheduled from follow-on schedule check
[2025-02-09T17:58:14.304+0000] {local_task_job_runner.py:245} INFO - ::endgroup::
