[2025-02-09T11:54:50.932+0000] {local_task_job_runner.py:123} INFO - ::group::Pre task execution logs
[2025-02-09T11:54:50.955+0000] {taskinstance.py:2613} INFO - Dependencies all met for dep_context=non-requeueable deps ti=<TaskInstance: Extract_DB_data.run_meltano_script_db manual__2025-02-09T11:54:46.705444+00:00 [queued]>
[2025-02-09T11:54:50.966+0000] {taskinstance.py:2613} INFO - Dependencies all met for dep_context=requeueable deps ti=<TaskInstance: Extract_DB_data.run_meltano_script_db manual__2025-02-09T11:54:46.705444+00:00 [queued]>
[2025-02-09T11:54:50.971+0000] {taskinstance.py:2866} INFO - Starting attempt 1 of 2
[2025-02-09T11:54:51.164+0000] {taskinstance.py:2889} INFO - Executing <Task(PythonOperator): run_meltano_script_db> on 2025-02-09 11:54:46.705444+00:00
[2025-02-09T11:54:51.174+0000] {warnings.py:112} WARNING - /home/***/.local/lib/python3.12/site-packages/***/task/task_runner/standard_task_runner.py:70: DeprecationWarning: This process (pid=1037) is multi-threaded, use of fork() may lead to deadlocks in the child.
  pid = os.fork()

[2025-02-09T11:54:51.178+0000] {standard_task_runner.py:72} INFO - Started process 1039 to run task
[2025-02-09T11:54:51.178+0000] {standard_task_runner.py:104} INFO - Running: ['***', 'tasks', 'run', 'Extract_DB_data', 'run_meltano_script_db', 'manual__2025-02-09T11:54:46.705444+00:00', '--job-id', '63', '--raw', '--subdir', 'DAGS_FOLDER/Extract_DB_data.py', '--cfg-path', '/tmp/tmpmaw8rkf8']
[2025-02-09T11:54:51.180+0000] {standard_task_runner.py:105} INFO - Job 63: Subtask run_meltano_script_db
[2025-02-09T11:54:51.247+0000] {task_command.py:467} INFO - Running <TaskInstance: Extract_DB_data.run_meltano_script_db manual__2025-02-09T11:54:46.705444+00:00 [running]> on host c063c986458a
[2025-02-09T11:54:51.378+0000] {taskinstance.py:3132} INFO - Exporting env vars: AIRFLOW_CTX_DAG_OWNER='***' AIRFLOW_CTX_DAG_ID='Extract_DB_data' AIRFLOW_CTX_TASK_ID='run_meltano_script_db' AIRFLOW_CTX_EXECUTION_DATE='2025-02-09T11:54:46.705444+00:00' AIRFLOW_CTX_TRY_NUMBER='1' AIRFLOW_CTX_DAG_RUN_ID='manual__2025-02-09T11:54:46.705444+00:00'
[2025-02-09T11:54:51.380+0000] {logging_mixin.py:190} INFO - Task instance is in running state
[2025-02-09T11:54:51.381+0000] {logging_mixin.py:190} INFO -  Previous state of the Task instance: queued
[2025-02-09T11:54:51.383+0000] {logging_mixin.py:190} INFO - Current task name:run_meltano_script_db state:running start_date:2025-02-09 11:54:50.956106+00:00
[2025-02-09T11:54:51.384+0000] {logging_mixin.py:190} INFO - Dag name:Extract_DB_data and current dag run status:running
[2025-02-09T11:54:51.385+0000] {taskinstance.py:731} INFO - ::endgroup::
[2025-02-09T11:54:51.968+0000] {python.py:240} INFO - Done. Returned value was: None
[2025-02-09T11:54:51.986+0000] {taskinstance.py:340} INFO - ::group::Post task execution logs
[2025-02-09T11:54:51.987+0000] {taskinstance.py:352} INFO - Marking task as SUCCESS. dag_id=Extract_DB_data, task_id=run_meltano_script_db, run_id=manual__2025-02-09T11:54:46.705444+00:00, execution_date=20250209T115446, start_date=20250209T115450, end_date=20250209T115451
[2025-02-09T11:54:52.005+0000] {logging_mixin.py:190} INFO - Task instance in success state
[2025-02-09T11:54:52.006+0000] {logging_mixin.py:190} INFO -  Previous state of the Task instance: running
[2025-02-09T11:54:52.007+0000] {logging_mixin.py:190} INFO - Dag name:Extract_DB_data queued_at:2025-02-09 11:54:46.767307+00:00
[2025-02-09T11:54:52.008+0000] {logging_mixin.py:190} INFO - Task hostname:c063c986458a operator:PythonOperator
[2025-02-09T11:54:52.044+0000] {local_task_job_runner.py:266} INFO - Task exited with return code 0
[2025-02-09T11:54:52.069+0000] {taskinstance.py:3895} INFO - 0 downstream tasks scheduled from follow-on schedule check
[2025-02-09T11:54:52.072+0000] {local_task_job_runner.py:245} INFO - ::endgroup::
