[2025-02-09T10:51:34.607+0000] {local_task_job_runner.py:123} INFO - ::group::Pre task execution logs
[2025-02-09T10:51:34.628+0000] {taskinstance.py:2613} INFO - Dependencies all met for dep_context=non-requeueable deps ti=<TaskInstance: Extract_DB_data.run_meltano_script_db manual__2025-02-09T10:51:31.134224+00:00 [queued]>
[2025-02-09T10:51:34.640+0000] {taskinstance.py:2613} INFO - Dependencies all met for dep_context=requeueable deps ti=<TaskInstance: Extract_DB_data.run_meltano_script_db manual__2025-02-09T10:51:31.134224+00:00 [queued]>
[2025-02-09T10:51:34.642+0000] {taskinstance.py:2866} INFO - Starting attempt 1 of 2
[2025-02-09T10:51:34.845+0000] {taskinstance.py:2889} INFO - Executing <Task(PythonOperator): run_meltano_script_db> on 2025-02-09 10:51:31.134224+00:00
[2025-02-09T10:51:34.857+0000] {warnings.py:112} WARNING - /home/***/.local/lib/python3.12/site-packages/***/task/task_runner/standard_task_runner.py:70: DeprecationWarning: This process (pid=214) is multi-threaded, use of fork() may lead to deadlocks in the child.
  pid = os.fork()

[2025-02-09T10:51:34.860+0000] {standard_task_runner.py:72} INFO - Started process 216 to run task
[2025-02-09T10:51:34.861+0000] {standard_task_runner.py:104} INFO - Running: ['***', 'tasks', 'run', 'Extract_DB_data', 'run_meltano_script_db', 'manual__2025-02-09T10:51:31.134224+00:00', '--job-id', '61', '--raw', '--subdir', 'DAGS_FOLDER/Extract_DB_data.py', '--cfg-path', '/tmp/tmppyn0jyur']
[2025-02-09T10:51:34.863+0000] {standard_task_runner.py:105} INFO - Job 61: Subtask run_meltano_script_db
[2025-02-09T10:51:34.945+0000] {task_command.py:467} INFO - Running <TaskInstance: Extract_DB_data.run_meltano_script_db manual__2025-02-09T10:51:31.134224+00:00 [running]> on host c063c986458a
[2025-02-09T10:51:35.069+0000] {taskinstance.py:3132} INFO - Exporting env vars: AIRFLOW_CTX_DAG_OWNER='***' AIRFLOW_CTX_DAG_ID='Extract_DB_data' AIRFLOW_CTX_TASK_ID='run_meltano_script_db' AIRFLOW_CTX_EXECUTION_DATE='2025-02-09T10:51:31.134224+00:00' AIRFLOW_CTX_TRY_NUMBER='1' AIRFLOW_CTX_DAG_RUN_ID='manual__2025-02-09T10:51:31.134224+00:00'
[2025-02-09T10:51:35.072+0000] {logging_mixin.py:190} INFO - Task instance is in running state
[2025-02-09T10:51:35.073+0000] {logging_mixin.py:190} INFO -  Previous state of the Task instance: queued
[2025-02-09T10:51:35.074+0000] {logging_mixin.py:190} INFO - Current task name:run_meltano_script_db state:running start_date:2025-02-09 10:51:34.629718+00:00
[2025-02-09T10:51:35.075+0000] {logging_mixin.py:190} INFO - Dag name:Extract_DB_data and current dag run status:running
[2025-02-09T10:51:35.075+0000] {taskinstance.py:731} INFO - ::endgroup::
[2025-02-09T10:51:35.414+0000] {python.py:240} INFO - Done. Returned value was: None
[2025-02-09T10:51:35.428+0000] {taskinstance.py:340} INFO - ::group::Post task execution logs
[2025-02-09T10:51:35.429+0000] {taskinstance.py:352} INFO - Marking task as SUCCESS. dag_id=Extract_DB_data, task_id=run_meltano_script_db, run_id=manual__2025-02-09T10:51:31.134224+00:00, execution_date=20250209T105131, start_date=20250209T105134, end_date=20250209T105135
[2025-02-09T10:51:35.443+0000] {logging_mixin.py:190} INFO - Task instance in success state
[2025-02-09T10:51:35.444+0000] {logging_mixin.py:190} INFO -  Previous state of the Task instance: running
[2025-02-09T10:51:35.444+0000] {logging_mixin.py:190} INFO - Dag name:Extract_DB_data queued_at:2025-02-09 10:51:31.147929+00:00
[2025-02-09T10:51:35.445+0000] {logging_mixin.py:190} INFO - Task hostname:c063c986458a operator:PythonOperator
[2025-02-09T10:51:35.489+0000] {local_task_job_runner.py:266} INFO - Task exited with return code 0
[2025-02-09T10:51:35.514+0000] {taskinstance.py:3895} INFO - 0 downstream tasks scheduled from follow-on schedule check
[2025-02-09T10:51:35.518+0000] {local_task_job_runner.py:245} INFO - ::endgroup::
