[2025-02-09T17:18:11.702+0000] {local_task_job_runner.py:123} INFO - ::group::Pre task execution logs
[2025-02-09T17:18:11.736+0000] {taskinstance.py:2613} INFO - Dependencies all met for dep_context=non-requeueable deps ti=<TaskInstance: extract_postgres_and_csv_data.load_data_csv_for_db manual__2025-02-09T17:17:58.715912+00:00 [queued]>
[2025-02-09T17:18:11.748+0000] {taskinstance.py:2613} INFO - Dependencies all met for dep_context=requeueable deps ti=<TaskInstance: extract_postgres_and_csv_data.load_data_csv_for_db manual__2025-02-09T17:17:58.715912+00:00 [queued]>
[2025-02-09T17:18:11.749+0000] {taskinstance.py:2866} INFO - Starting attempt 1 of 2
[2025-02-09T17:18:11.922+0000] {taskinstance.py:2889} INFO - Executing <Task(PythonOperator): load_data_csv_for_db> on 2025-02-09 17:17:58.715912+00:00
[2025-02-09T17:18:11.932+0000] {warnings.py:112} WARNING - /home/***/.local/lib/python3.12/site-packages/***/task/task_runner/standard_task_runner.py:70: DeprecationWarning: This process (pid=301) is multi-threaded, use of fork() may lead to deadlocks in the child.
  pid = os.fork()

[2025-02-09T17:18:11.934+0000] {standard_task_runner.py:72} INFO - Started process 303 to run task
[2025-02-09T17:18:11.935+0000] {standard_task_runner.py:104} INFO - Running: ['***', 'tasks', 'run', 'extract_postgres_and_csv_data', 'load_data_csv_for_db', 'manual__2025-02-09T17:17:58.715912+00:00', '--job-id', '186', '--raw', '--subdir', 'DAGS_FOLDER/extract_postgres_and_csv_data.py', '--cfg-path', '/tmp/tmpdfo4p1wt']
[2025-02-09T17:18:11.937+0000] {standard_task_runner.py:105} INFO - Job 186: Subtask load_data_csv_for_db
[2025-02-09T17:18:11.999+0000] {task_command.py:467} INFO - Running <TaskInstance: extract_postgres_and_csv_data.load_data_csv_for_db manual__2025-02-09T17:17:58.715912+00:00 [running]> on host 7d9e99d7ea89
[2025-02-09T17:18:12.110+0000] {taskinstance.py:3132} INFO - Exporting env vars: AIRFLOW_CTX_DAG_OWNER='***' AIRFLOW_CTX_DAG_ID='extract_postgres_and_csv_data' AIRFLOW_CTX_TASK_ID='load_data_csv_for_db' AIRFLOW_CTX_EXECUTION_DATE='2025-02-09T17:17:58.715912+00:00' AIRFLOW_CTX_TRY_NUMBER='1' AIRFLOW_CTX_DAG_RUN_ID='manual__2025-02-09T17:17:58.715912+00:00'
[2025-02-09T17:18:12.112+0000] {logging_mixin.py:190} INFO - Task instance is in running state
[2025-02-09T17:18:12.112+0000] {logging_mixin.py:190} INFO -  Previous state of the Task instance: queued
[2025-02-09T17:18:12.113+0000] {logging_mixin.py:190} INFO - Current task name:load_data_csv_for_db state:running start_date:2025-02-09 17:18:11.737169+00:00
[2025-02-09T17:18:12.114+0000] {logging_mixin.py:190} INFO - Dag name:extract_postgres_and_csv_data and current dag run status:running
[2025-02-09T17:18:12.115+0000] {taskinstance.py:731} INFO - ::endgroup::
[2025-02-09T17:18:15.568+0000] {python.py:240} INFO - Done. Returned value was: None
[2025-02-09T17:18:15.581+0000] {taskinstance.py:340} INFO - ::group::Post task execution logs
[2025-02-09T17:18:15.583+0000] {taskinstance.py:352} INFO - Marking task as SUCCESS. dag_id=extract_postgres_and_csv_data, task_id=load_data_csv_for_db, run_id=manual__2025-02-09T17:17:58.715912+00:00, execution_date=20250209T171758, start_date=20250209T171811, end_date=20250209T171815
[2025-02-09T17:18:15.601+0000] {logging_mixin.py:190} INFO - Task instance in success state
[2025-02-09T17:18:15.602+0000] {logging_mixin.py:190} INFO -  Previous state of the Task instance: running
[2025-02-09T17:18:15.603+0000] {logging_mixin.py:190} INFO - Dag name:extract_postgres_and_csv_data queued_at:2025-02-09 17:17:58.740753+00:00
[2025-02-09T17:18:15.604+0000] {logging_mixin.py:190} INFO - Task hostname:7d9e99d7ea89 operator:PythonOperator
[2025-02-09T17:18:15.625+0000] {local_task_job_runner.py:266} INFO - Task exited with return code 0
[2025-02-09T17:18:15.649+0000] {taskinstance.py:3895} INFO - 0 downstream tasks scheduled from follow-on schedule check
[2025-02-09T17:18:15.653+0000] {local_task_job_runner.py:245} INFO - ::endgroup::
