[2025-02-09T15:13:01.260+0000] {local_task_job_runner.py:123} INFO - ::group::Pre task execution logs
[2025-02-09T15:13:01.284+0000] {taskinstance.py:2613} INFO - Dependencies all met for dep_context=non-requeueable deps ti=<TaskInstance: extract_postgres_and_csv_data.extract_postgres_data manual__2025-02-09T15:12:32.850868+00:00 [queued]>
[2025-02-09T15:13:01.296+0000] {taskinstance.py:2613} INFO - Dependencies all met for dep_context=requeueable deps ti=<TaskInstance: extract_postgres_and_csv_data.extract_postgres_data manual__2025-02-09T15:12:32.850868+00:00 [queued]>
[2025-02-09T15:13:01.298+0000] {taskinstance.py:2866} INFO - Starting attempt 1 of 2
[2025-02-09T15:13:01.321+0000] {taskinstance.py:2889} INFO - Executing <Task(BashOperator): extract_postgres_data> on 2025-02-09 15:12:32.850868+00:00
[2025-02-09T15:13:01.332+0000] {warnings.py:112} WARNING - /home/***/.local/lib/python3.12/site-packages/***/task/task_runner/standard_task_runner.py:70: DeprecationWarning: This process (pid=2006) is multi-threaded, use of fork() may lead to deadlocks in the child.
  pid = os.fork()

[2025-02-09T15:13:01.334+0000] {standard_task_runner.py:72} INFO - Started process 2008 to run task
[2025-02-09T15:13:01.336+0000] {standard_task_runner.py:104} INFO - Running: ['***', 'tasks', 'run', 'extract_postgres_and_csv_data', 'extract_postgres_data', 'manual__2025-02-09T15:12:32.850868+00:00', '--job-id', '131', '--raw', '--subdir', 'DAGS_FOLDER/extract_postgres_and_csv_data.py', '--cfg-path', '/tmp/tmpkmve_qfo']
[2025-02-09T15:13:01.338+0000] {standard_task_runner.py:105} INFO - Job 131: Subtask extract_postgres_data
[2025-02-09T15:13:01.405+0000] {task_command.py:467} INFO - Running <TaskInstance: extract_postgres_and_csv_data.extract_postgres_data manual__2025-02-09T15:12:32.850868+00:00 [running]> on host 8c410daec8d3
[2025-02-09T15:13:02.012+0000] {taskinstance.py:3132} INFO - Exporting env vars: AIRFLOW_CTX_DAG_OWNER='***' AIRFLOW_CTX_DAG_ID='extract_postgres_and_csv_data' AIRFLOW_CTX_TASK_ID='extract_postgres_data' AIRFLOW_CTX_EXECUTION_DATE='2025-02-09T15:12:32.850868+00:00' AIRFLOW_CTX_TRY_NUMBER='1' AIRFLOW_CTX_DAG_RUN_ID='manual__2025-02-09T15:12:32.850868+00:00'
[2025-02-09T15:13:02.013+0000] {logging_mixin.py:190} INFO - Task instance is in running state
[2025-02-09T15:13:02.014+0000] {logging_mixin.py:190} INFO -  Previous state of the Task instance: queued
[2025-02-09T15:13:02.015+0000] {logging_mixin.py:190} INFO - Current task name:extract_postgres_data state:running start_date:2025-02-09 15:13:01.285525+00:00
[2025-02-09T15:13:02.016+0000] {logging_mixin.py:190} INFO - Dag name:extract_postgres_and_csv_data and current dag run status:running
[2025-02-09T15:13:02.018+0000] {taskinstance.py:731} INFO - ::endgroup::
[2025-02-09T15:13:02.020+0000] {subprocess.py:78} INFO - Tmp dir root location: /tmp
[2025-02-09T15:13:02.022+0000] {subprocess.py:88} INFO - Running command: ['/usr/bin/bash', '-c', 'python /opt/***/meltano/meltano_project/extract/extract_data_db.py']
[2025-02-09T15:13:02.057+0000] {subprocess.py:99} INFO - Output:
[2025-02-09T15:13:03.921+0000] {subprocess.py:106} INFO - ✅ Dados extraídos: /opt/***/meltano/data/postgres/categories/2025-02-09/categories.csv
[2025-02-09T15:13:03.922+0000] {subprocess.py:106} INFO - ✅ Dados extraídos: /opt/***/meltano/data/postgres/products/2025-02-09/products.csv
[2025-02-09T15:13:03.924+0000] {subprocess.py:106} INFO - ✅ Dados extraídos: /opt/***/meltano/data/postgres/suppliers/2025-02-09/suppliers.csv
[2025-02-09T15:13:03.925+0000] {subprocess.py:106} INFO - ✅ Dados extraídos: /opt/***/meltano/data/postgres/employees/2025-02-09/employees.csv
[2025-02-09T15:13:03.926+0000] {subprocess.py:106} INFO - ✅ Dados extraídos: /opt/***/meltano/data/postgres/employee_territories/2025-02-09/employee_territories.csv
[2025-02-09T15:13:03.927+0000] {subprocess.py:106} INFO - ✅ Dados extraídos: /opt/***/meltano/data/postgres/territories/2025-02-09/territories.csv
[2025-02-09T15:13:03.928+0000] {subprocess.py:106} INFO - ✅ Dados extraídos: /opt/***/meltano/data/postgres/region/2025-02-09/region.csv
[2025-02-09T15:13:03.930+0000] {subprocess.py:106} INFO - ✅ Dados extraídos: /opt/***/meltano/data/postgres/orders/2025-02-09/orders.csv
[2025-02-09T15:13:03.931+0000] {subprocess.py:106} INFO - ✅ Dados extraídos: /opt/***/meltano/data/postgres/shippers/2025-02-09/shippers.csv
[2025-02-09T15:13:03.932+0000] {subprocess.py:106} INFO - ✅ Dados extraídos: /opt/***/meltano/data/postgres/us_states/2025-02-09/us_states.csv
[2025-02-09T15:13:03.933+0000] {subprocess.py:106} INFO - ✅ Dados extraídos: /opt/***/meltano/data/postgres/customer_customer_demo/2025-02-09/customer_customer_demo.csv
[2025-02-09T15:13:03.935+0000] {subprocess.py:110} INFO - Command exited with return code 0
[2025-02-09T15:13:03.978+0000] {taskinstance.py:340} INFO - ::group::Post task execution logs
[2025-02-09T15:13:03.979+0000] {taskinstance.py:352} INFO - Marking task as SUCCESS. dag_id=extract_postgres_and_csv_data, task_id=extract_postgres_data, run_id=manual__2025-02-09T15:12:32.850868+00:00, execution_date=20250209T151232, start_date=20250209T151301, end_date=20250209T151303
[2025-02-09T15:13:03.996+0000] {logging_mixin.py:190} INFO - Task instance in success state
[2025-02-09T15:13:03.997+0000] {logging_mixin.py:190} INFO -  Previous state of the Task instance: running
[2025-02-09T15:13:03.998+0000] {logging_mixin.py:190} INFO - Dag name:extract_postgres_and_csv_data queued_at:2025-02-09 15:12:32.880522+00:00
[2025-02-09T15:13:03.999+0000] {logging_mixin.py:190} INFO - Task hostname:8c410daec8d3 operator:BashOperator
[2025-02-09T15:13:04.021+0000] {local_task_job_runner.py:266} INFO - Task exited with return code 0
[2025-02-09T15:13:04.051+0000] {taskinstance.py:3895} INFO - 1 downstream tasks scheduled from follow-on schedule check
[2025-02-09T15:13:04.055+0000] {local_task_job_runner.py:245} INFO - ::endgroup::
