[2025-02-09T18:33:42.532+0000] {local_task_job_runner.py:123} INFO - ::group::Pre task execution logs
[2025-02-09T18:33:42.557+0000] {taskinstance.py:2613} INFO - Dependencies all met for dep_context=non-requeueable deps ti=<TaskInstance: extract_postgres_and_csv_data.extract_postgres_data manual__2025-02-09T18:33:39.299745+00:00 [queued]>
[2025-02-09T18:33:42.572+0000] {taskinstance.py:2613} INFO - Dependencies all met for dep_context=requeueable deps ti=<TaskInstance: extract_postgres_and_csv_data.extract_postgres_data manual__2025-02-09T18:33:39.299745+00:00 [queued]>
[2025-02-09T18:33:42.573+0000] {taskinstance.py:2866} INFO - Starting attempt 1 of 2
[2025-02-09T18:33:42.888+0000] {taskinstance.py:2889} INFO - Executing <Task(BashOperator): extract_postgres_data> on 2025-02-09 18:33:39.299745+00:00
[2025-02-09T18:33:42.901+0000] {warnings.py:112} WARNING - /home/***/.local/lib/python3.12/site-packages/***/task/task_runner/standard_task_runner.py:70: DeprecationWarning: This process (pid=319) is multi-threaded, use of fork() may lead to deadlocks in the child.
  pid = os.fork()

[2025-02-09T18:33:42.905+0000] {standard_task_runner.py:72} INFO - Started process 328 to run task
[2025-02-09T18:33:42.904+0000] {standard_task_runner.py:104} INFO - Running: ['***', 'tasks', 'run', 'extract_postgres_and_csv_data', 'extract_postgres_data', 'manual__2025-02-09T18:33:39.299745+00:00', '--job-id', '254', '--raw', '--subdir', 'DAGS_FOLDER/extract_postgres_and_csv_data.py', '--cfg-path', '/tmp/tmpafuf1gel']
[2025-02-09T18:33:42.906+0000] {standard_task_runner.py:105} INFO - Job 254: Subtask extract_postgres_data
[2025-02-09T18:33:42.983+0000] {task_command.py:467} INFO - Running <TaskInstance: extract_postgres_and_csv_data.extract_postgres_data manual__2025-02-09T18:33:39.299745+00:00 [running]> on host 58bc83bc12fd
[2025-02-09T18:33:43.146+0000] {taskinstance.py:3132} INFO - Exporting env vars: AIRFLOW_CTX_DAG_OWNER='***' AIRFLOW_CTX_DAG_ID='extract_postgres_and_csv_data' AIRFLOW_CTX_TASK_ID='extract_postgres_data' AIRFLOW_CTX_EXECUTION_DATE='2025-02-09T18:33:39.299745+00:00' AIRFLOW_CTX_TRY_NUMBER='1' AIRFLOW_CTX_DAG_RUN_ID='manual__2025-02-09T18:33:39.299745+00:00'
[2025-02-09T18:33:43.149+0000] {logging_mixin.py:190} INFO - Task instance is in running state
[2025-02-09T18:33:43.150+0000] {logging_mixin.py:190} INFO -  Previous state of the Task instance: queued
[2025-02-09T18:33:43.153+0000] {logging_mixin.py:190} INFO - Current task name:extract_postgres_data state:running start_date:2025-02-09 18:33:42.558586+00:00
[2025-02-09T18:33:43.153+0000] {logging_mixin.py:190} INFO - Dag name:extract_postgres_and_csv_data and current dag run status:running
[2025-02-09T18:33:43.154+0000] {taskinstance.py:731} INFO - ::endgroup::
[2025-02-09T18:33:43.156+0000] {subprocess.py:78} INFO - Tmp dir root location: /tmp
[2025-02-09T18:33:43.158+0000] {subprocess.py:88} INFO - Running command: ['/usr/bin/bash', '-c', 'python /opt/***/meltano/meltano_project/extract/extract_data_db.py']
[2025-02-09T18:33:43.182+0000] {subprocess.py:99} INFO - Output:
[2025-02-09T18:33:45.004+0000] {subprocess.py:106} INFO - ✅ Dados extraídos: /opt/***/meltano/data/postgres/categories/2025-02-09/categories.csv
[2025-02-09T18:33:45.006+0000] {subprocess.py:106} INFO - ✅ Dados extraídos: /opt/***/meltano/data/postgres/products/2025-02-09/products.csv
[2025-02-09T18:33:45.007+0000] {subprocess.py:106} INFO - ✅ Dados extraídos: /opt/***/meltano/data/postgres/suppliers/2025-02-09/suppliers.csv
[2025-02-09T18:33:45.009+0000] {subprocess.py:106} INFO - ✅ Dados extraídos: /opt/***/meltano/data/postgres/employees/2025-02-09/employees.csv
[2025-02-09T18:33:45.011+0000] {subprocess.py:106} INFO - ✅ Dados extraídos: /opt/***/meltano/data/postgres/employee_territories/2025-02-09/employee_territories.csv
[2025-02-09T18:33:45.013+0000] {subprocess.py:106} INFO - ✅ Dados extraídos: /opt/***/meltano/data/postgres/territories/2025-02-09/territories.csv
[2025-02-09T18:33:45.014+0000] {subprocess.py:106} INFO - ✅ Dados extraídos: /opt/***/meltano/data/postgres/region/2025-02-09/region.csv
[2025-02-09T18:33:45.015+0000] {subprocess.py:106} INFO - ✅ Dados extraídos: /opt/***/meltano/data/postgres/orders/2025-02-09/orders.csv
[2025-02-09T18:33:45.016+0000] {subprocess.py:106} INFO - ✅ Dados extraídos: /opt/***/meltano/data/postgres/shippers/2025-02-09/shippers.csv
[2025-02-09T18:33:45.018+0000] {subprocess.py:106} INFO - ✅ Dados extraídos: /opt/***/meltano/data/postgres/us_states/2025-02-09/us_states.csv
[2025-02-09T18:33:45.019+0000] {subprocess.py:106} INFO - ✅ Dados extraídos: /opt/***/meltano/data/postgres/customer_customer_demo/2025-02-09/customer_customer_demo.csv
[2025-02-09T18:33:45.020+0000] {subprocess.py:110} INFO - Command exited with return code 0
[2025-02-09T18:33:45.080+0000] {taskinstance.py:340} INFO - ::group::Post task execution logs
[2025-02-09T18:33:45.082+0000] {taskinstance.py:352} INFO - Marking task as SUCCESS. dag_id=extract_postgres_and_csv_data, task_id=extract_postgres_data, run_id=manual__2025-02-09T18:33:39.299745+00:00, execution_date=20250209T183339, start_date=20250209T183342, end_date=20250209T183345
[2025-02-09T18:33:45.110+0000] {logging_mixin.py:190} INFO - Task instance in success state
[2025-02-09T18:33:45.112+0000] {logging_mixin.py:190} INFO -  Previous state of the Task instance: running
[2025-02-09T18:33:45.113+0000] {logging_mixin.py:190} INFO - Dag name:extract_postgres_and_csv_data queued_at:2025-02-09 18:33:39.313280+00:00
[2025-02-09T18:33:45.114+0000] {logging_mixin.py:190} INFO - Task hostname:58bc83bc12fd operator:BashOperator
[2025-02-09T18:33:45.156+0000] {local_task_job_runner.py:266} INFO - Task exited with return code 0
[2025-02-09T18:33:45.222+0000] {taskinstance.py:3895} INFO - 1 downstream tasks scheduled from follow-on schedule check
[2025-02-09T18:33:45.232+0000] {local_task_job_runner.py:245} INFO - ::endgroup::
