[2025-02-09T18:37:41.516+0000] {local_task_job_runner.py:123} INFO - ::group::Pre task execution logs
[2025-02-09T18:37:41.539+0000] {taskinstance.py:2613} INFO - Dependencies all met for dep_context=non-requeueable deps ti=<TaskInstance: extract_postgres_and_csv_data.run_meltano_script_csv manual__2025-02-09T18:37:32.058423+00:00 [queued]>
[2025-02-09T18:37:41.551+0000] {taskinstance.py:2613} INFO - Dependencies all met for dep_context=requeueable deps ti=<TaskInstance: extract_postgres_and_csv_data.run_meltano_script_csv manual__2025-02-09T18:37:32.058423+00:00 [queued]>
[2025-02-09T18:37:41.553+0000] {taskinstance.py:2866} INFO - Starting attempt 1 of 2
[2025-02-09T18:37:41.733+0000] {taskinstance.py:2889} INFO - Executing <Task(PythonOperator): run_meltano_script_csv> on 2025-02-09 18:37:32.058423+00:00
[2025-02-09T18:37:41.744+0000] {warnings.py:112} WARNING - /home/***/.local/lib/python3.12/site-packages/***/task/task_runner/standard_task_runner.py:70: DeprecationWarning: This process (pid=420) is multi-threaded, use of fork() may lead to deadlocks in the child.
  pid = os.fork()

[2025-02-09T18:37:41.746+0000] {standard_task_runner.py:72} INFO - Started process 429 to run task
[2025-02-09T18:37:41.747+0000] {standard_task_runner.py:104} INFO - Running: ['***', 'tasks', 'run', 'extract_postgres_and_csv_data', 'run_meltano_script_csv', 'manual__2025-02-09T18:37:32.058423+00:00', '--job-id', '264', '--raw', '--subdir', 'DAGS_FOLDER/extract_postgres_and_csv_data.py', '--cfg-path', '/tmp/tmpvdbthys_']
[2025-02-09T18:37:41.750+0000] {standard_task_runner.py:105} INFO - Job 264: Subtask run_meltano_script_csv
[2025-02-09T18:37:41.816+0000] {task_command.py:467} INFO - Running <TaskInstance: extract_postgres_and_csv_data.run_meltano_script_csv manual__2025-02-09T18:37:32.058423+00:00 [running]> on host 58bc83bc12fd
[2025-02-09T18:37:41.946+0000] {taskinstance.py:3132} INFO - Exporting env vars: AIRFLOW_CTX_DAG_OWNER='***' AIRFLOW_CTX_DAG_ID='extract_postgres_and_csv_data' AIRFLOW_CTX_TASK_ID='run_meltano_script_csv' AIRFLOW_CTX_EXECUTION_DATE='2025-02-09T18:37:32.058423+00:00' AIRFLOW_CTX_TRY_NUMBER='1' AIRFLOW_CTX_DAG_RUN_ID='manual__2025-02-09T18:37:32.058423+00:00'
[2025-02-09T18:37:41.948+0000] {logging_mixin.py:190} INFO - Task instance is in running state
[2025-02-09T18:37:41.949+0000] {logging_mixin.py:190} INFO -  Previous state of the Task instance: queued
[2025-02-09T18:37:41.950+0000] {logging_mixin.py:190} INFO - Current task name:run_meltano_script_csv state:running start_date:2025-02-09 18:37:41.540526+00:00
[2025-02-09T18:37:41.950+0000] {logging_mixin.py:190} INFO - Dag name:extract_postgres_and_csv_data and current dag run status:running
[2025-02-09T18:37:41.951+0000] {taskinstance.py:731} INFO - ::endgroup::
[2025-02-09T18:37:42.216+0000] {python.py:240} INFO - Done. Returned value was: None
[2025-02-09T18:37:42.234+0000] {taskinstance.py:340} INFO - ::group::Post task execution logs
[2025-02-09T18:37:42.235+0000] {taskinstance.py:352} INFO - Marking task as SUCCESS. dag_id=extract_postgres_and_csv_data, task_id=run_meltano_script_csv, run_id=manual__2025-02-09T18:37:32.058423+00:00, execution_date=20250209T183732, start_date=20250209T183741, end_date=20250209T183742
[2025-02-09T18:37:42.266+0000] {logging_mixin.py:190} INFO - Task instance in success state
[2025-02-09T18:37:42.267+0000] {logging_mixin.py:190} INFO -  Previous state of the Task instance: running
[2025-02-09T18:37:42.269+0000] {logging_mixin.py:190} INFO - Dag name:extract_postgres_and_csv_data queued_at:2025-02-09 18:37:32.080799+00:00
[2025-02-09T18:37:42.270+0000] {logging_mixin.py:190} INFO - Task hostname:58bc83bc12fd operator:PythonOperator
[2025-02-09T18:37:42.328+0000] {local_task_job_runner.py:266} INFO - Task exited with return code 0
[2025-02-09T18:37:42.360+0000] {taskinstance.py:3895} INFO - 1 downstream tasks scheduled from follow-on schedule check
[2025-02-09T18:37:42.363+0000] {local_task_job_runner.py:245} INFO - ::endgroup::
