[2025-02-09T15:13:06.728+0000] {local_task_job_runner.py:123} INFO - ::group::Pre task execution logs
[2025-02-09T15:13:06.750+0000] {taskinstance.py:2613} INFO - Dependencies all met for dep_context=non-requeueable deps ti=<TaskInstance: extract_postgres_and_csv_data.run_meltano_script_csv manual__2025-02-09T15:12:32.850868+00:00 [queued]>
[2025-02-09T15:13:06.762+0000] {taskinstance.py:2613} INFO - Dependencies all met for dep_context=requeueable deps ti=<TaskInstance: extract_postgres_and_csv_data.run_meltano_script_csv manual__2025-02-09T15:12:32.850868+00:00 [queued]>
[2025-02-09T15:13:06.763+0000] {taskinstance.py:2866} INFO - Starting attempt 1 of 2
[2025-02-09T15:13:06.783+0000] {taskinstance.py:2889} INFO - Executing <Task(PythonOperator): run_meltano_script_csv> on 2025-02-09 15:12:32.850868+00:00
[2025-02-09T15:13:06.793+0000] {warnings.py:112} WARNING - /home/***/.local/lib/python3.12/site-packages/***/task/task_runner/standard_task_runner.py:70: DeprecationWarning: This process (pid=2011) is multi-threaded, use of fork() may lead to deadlocks in the child.
  pid = os.fork()

[2025-02-09T15:13:06.795+0000] {standard_task_runner.py:72} INFO - Started process 2013 to run task
[2025-02-09T15:13:06.796+0000] {standard_task_runner.py:104} INFO - Running: ['***', 'tasks', 'run', 'extract_postgres_and_csv_data', 'run_meltano_script_csv', 'manual__2025-02-09T15:12:32.850868+00:00', '--job-id', '132', '--raw', '--subdir', 'DAGS_FOLDER/extract_postgres_and_csv_data.py', '--cfg-path', '/tmp/tmpi0nk1wlo']
[2025-02-09T15:13:06.797+0000] {standard_task_runner.py:105} INFO - Job 132: Subtask run_meltano_script_csv
[2025-02-09T15:13:06.861+0000] {task_command.py:467} INFO - Running <TaskInstance: extract_postgres_and_csv_data.run_meltano_script_csv manual__2025-02-09T15:12:32.850868+00:00 [running]> on host 8c410daec8d3
[2025-02-09T15:13:07.268+0000] {taskinstance.py:3132} INFO - Exporting env vars: AIRFLOW_CTX_DAG_OWNER='***' AIRFLOW_CTX_DAG_ID='extract_postgres_and_csv_data' AIRFLOW_CTX_TASK_ID='run_meltano_script_csv' AIRFLOW_CTX_EXECUTION_DATE='2025-02-09T15:12:32.850868+00:00' AIRFLOW_CTX_TRY_NUMBER='1' AIRFLOW_CTX_DAG_RUN_ID='manual__2025-02-09T15:12:32.850868+00:00'
[2025-02-09T15:13:07.270+0000] {logging_mixin.py:190} INFO - Task instance is in running state
[2025-02-09T15:13:07.270+0000] {logging_mixin.py:190} INFO -  Previous state of the Task instance: queued
[2025-02-09T15:13:07.271+0000] {logging_mixin.py:190} INFO - Current task name:run_meltano_script_csv state:running start_date:2025-02-09 15:13:06.751910+00:00
[2025-02-09T15:13:07.272+0000] {logging_mixin.py:190} INFO - Dag name:extract_postgres_and_csv_data and current dag run status:running
[2025-02-09T15:13:07.272+0000] {taskinstance.py:731} INFO - ::endgroup::
[2025-02-09T15:13:07.541+0000] {python.py:240} INFO - Done. Returned value was: None
[2025-02-09T15:13:07.556+0000] {taskinstance.py:340} INFO - ::group::Post task execution logs
[2025-02-09T15:13:07.557+0000] {taskinstance.py:352} INFO - Marking task as SUCCESS. dag_id=extract_postgres_and_csv_data, task_id=run_meltano_script_csv, run_id=manual__2025-02-09T15:12:32.850868+00:00, execution_date=20250209T151232, start_date=20250209T151306, end_date=20250209T151307
[2025-02-09T15:13:07.575+0000] {logging_mixin.py:190} INFO - Task instance in success state
[2025-02-09T15:13:07.576+0000] {logging_mixin.py:190} INFO -  Previous state of the Task instance: running
[2025-02-09T15:13:07.577+0000] {logging_mixin.py:190} INFO - Dag name:extract_postgres_and_csv_data queued_at:2025-02-09 15:12:32.880522+00:00
[2025-02-09T15:13:07.577+0000] {logging_mixin.py:190} INFO - Task hostname:8c410daec8d3 operator:PythonOperator
[2025-02-09T15:13:07.621+0000] {local_task_job_runner.py:266} INFO - Task exited with return code 0
[2025-02-09T15:13:07.644+0000] {taskinstance.py:3895} INFO - 0 downstream tasks scheduled from follow-on schedule check
[2025-02-09T15:13:07.647+0000] {local_task_job_runner.py:245} INFO - ::endgroup::
